{"/Users/alias/Downloads/haus-platform-main/app/+not-found.tsx": {"path":"/Users/alias/Downloads/haus-platform-main/app/+not-found.tsx","statementMap":{"0":{"start":{"line":5,"column":2},"end":{"line":16,"column":4}},"1":{"start":{"line":19,"column":15},"end":{"line":38,"column":2}}},"fnMap":{"0":{"name":"NotFoundScreen","decl":{"start":{"line":4,"column":24},"end":{"line":4,"column":38}},"loc":{"start":{"line":4,"column":41},"end":{"line":17,"column":1}},"line":4}},"branchMap":{},"s":{"0":0,"1":0},"f":{"0":0},"b":{}}
,"/Users/alias/Downloads/haus-platform-main/app/_layout.tsx": {"path":"/Users/alias/Downloads/haus-platform-main/app/_layout.tsx","statementMap":{"0":{"start":{"line":16,"column":0},"end":{"line":16,"column":36}},"1":{"start":{"line":18,"column":20},"end":{"line":25,"column":2}},"2":{"start":{"line":28,"column":20},"end":{"line":28,"column":30}},"3":{"start":{"line":29,"column":17},"end":{"line":29,"column":30}},"4":{"start":{"line":31,"column":2},"end":{"line":46,"column":4}},"5":{"start":{"line":50,"column":20},"end":{"line":50,"column":30}},"6":{"start":{"line":51,"column":17},"end":{"line":51,"column":30}},"7":{"start":{"line":53,"column":2},"end":{"line":61,"column":4}},"8":{"start":{"line":65,"column":2},"end":{"line":67,"column":9}},"9":{"start":{"line":66,"column":4},"end":{"line":66,"column":29}},"10":{"start":{"line":69,"column":2},"end":{"line":79,"column":4}}},"fnMap":{"0":{"name":"RootLayoutNav","decl":{"start":{"line":27,"column":9},"end":{"line":27,"column":22}},"loc":{"start":{"line":27,"column":25},"end":{"line":47,"column":1}},"line":27},"1":{"name":"AppWithTheme","decl":{"start":{"line":49,"column":9},"end":{"line":49,"column":21}},"loc":{"start":{"line":49,"column":24},"end":{"line":62,"column":1}},"line":49},"2":{"name":"RootLayout","decl":{"start":{"line":64,"column":24},"end":{"line":64,"column":34}},"loc":{"start":{"line":64,"column":37},"end":{"line":80,"column":1}},"line":64},"3":{"name":"(anonymous_3)","decl":{"start":{"line":65,"column":12},"end":{"line":65,"column":13}},"loc":{"start":{"line":65,"column":18},"end":{"line":67,"column":3}},"line":65}},"branchMap":{"0":{"loc":{"start":{"line":33,"column":24},"end":{"line":33,"column":59}},"type":"cond-expr","locations":[{"start":{"line":33,"column":43},"end":{"line":33,"column":50}},{"start":{"line":33,"column":53},"end":{"line":33,"column":59}}],"line":33}},"s":{"0":0,"1":0,"2":0,"3":0,"4":0,"5":0,"6":0,"7":0,"8":0,"9":0,"10":0},"f":{"0":0,"1":0,"2":0,"3":0},"b":{"0":[0,0]}}
,"/Users/alias/Downloads/haus-platform-main/app/modal.tsx": {"path":"/Users/alias/Downloads/haus-platform-main/app/modal.tsx","statementMap":{"0":{"start":{"line":5,"column":2},"end":{"line":14,"column":4}},"1":{"start":{"line":17,"column":15},"end":{"line":32,"column":2}}},"fnMap":{"0":{"name":"ModalScreen","decl":{"start":{"line":4,"column":24},"end":{"line":4,"column":35}},"loc":{"start":{"line":4,"column":38},"end":{"line":15,"column":1}},"line":4}},"branchMap":{"0":{"loc":{"start":{"line":12,"column":24},"end":{"line":12,"column":64}},"type":"cond-expr","locations":[{"start":{"line":12,"column":48},"end":{"line":12,"column":55}},{"start":{"line":12,"column":58},"end":{"line":12,"column":64}}],"line":12}},"s":{"0":0,"1":0},"f":{"0":0},"b":{"0":[0,0]}}
,"/Users/alias/Downloads/haus-platform-main/app/(tabs)/_layout.tsx": {"path":"/Users/alias/Downloads/haus-platform-main/app/(tabs)/_layout.tsx","statementMap":{"0":{"start":{"line":10,"column":20},"end":{"line":10,"column":30}},"1":{"start":{"line":11,"column":17},"end":{"line":11,"column":30}},"2":{"start":{"line":13,"column":2},"end":{"line":83,"column":4}},"3":{"start":{"line":34,"column":39},"end":{"line":34,"column":71}},"4":{"start":{"line":42,"column":39},"end":{"line":42,"column":73}},"5":{"start":{"line":49,"column":39},"end":{"line":49,"column":76}},"6":{"start":{"line":56,"column":39},"end":{"line":56,"column":71}},"7":{"start":{"line":63,"column":39},"end":{"line":63,"column":71}},"8":{"start":{"line":70,"column":39},"end":{"line":70,"column":70}},"9":{"start":{"line":77,"column":39},"end":{"line":77,"column":71}}},"fnMap":{"0":{"name":"TabLayout","decl":{"start":{"line":9,"column":24},"end":{"line":9,"column":33}},"loc":{"start":{"line":9,"column":36},"end":{"line":84,"column":1}},"line":9},"1":{"name":"(anonymous_1)","decl":{"start":{"line":34,"column":24},"end":{"line":34,"column":25}},"loc":{"start":{"line":34,"column":39},"end":{"line":34,"column":71}},"line":34},"2":{"name":"(anonymous_2)","decl":{"start":{"line":42,"column":24},"end":{"line":42,"column":25}},"loc":{"start":{"line":42,"column":39},"end":{"line":42,"column":73}},"line":42},"3":{"name":"(anonymous_3)","decl":{"start":{"line":49,"column":24},"end":{"line":49,"column":25}},"loc":{"start":{"line":49,"column":39},"end":{"line":49,"column":76}},"line":49},"4":{"name":"(anonymous_4)","decl":{"start":{"line":56,"column":24},"end":{"line":56,"column":25}},"loc":{"start":{"line":56,"column":39},"end":{"line":56,"column":71}},"line":56},"5":{"name":"(anonymous_5)","decl":{"start":{"line":63,"column":24},"end":{"line":63,"column":25}},"loc":{"start":{"line":63,"column":39},"end":{"line":63,"column":71}},"line":63},"6":{"name":"(anonymous_6)","decl":{"start":{"line":70,"column":24},"end":{"line":70,"column":25}},"loc":{"start":{"line":70,"column":39},"end":{"line":70,"column":70}},"line":70},"7":{"name":"(anonymous_7)","decl":{"start":{"line":77,"column":24},"end":{"line":77,"column":25}},"loc":{"start":{"line":77,"column":39},"end":{"line":77,"column":71}},"line":77}},"branchMap":{},"s":{"0":0,"1":0,"2":0,"3":0,"4":0,"5":0,"6":0,"7":0,"8":0,"9":0},"f":{"0":0,"1":0,"2":0,"3":0,"4":0,"5":0,"6":0,"7":0},"b":{}}
,"/Users/alias/Downloads/haus-platform-main/app/(tabs)/dashboard.tsx": {"path":"/Users/alias/Downloads/haus-platform-main/app/(tabs)/dashboard.tsx","statementMap":{"0":{"start":{"line":13,"column":31},"end":{"line":13,"column":55}},"1":{"start":{"line":16,"column":20},"end":{"line":16,"column":30}},"2":{"start":{"line":17,"column":17},"end":{"line":17,"column":30}},"3":{"start":{"line":18,"column":40},"end":{"line":18,"column":61}},"4":{"start":{"line":21,"column":24},"end":{"line":26,"column":3}},"5":{"start":{"line":28,"column":23},"end":{"line":33,"column":3}},"6":{"start":{"line":35,"column":23},"end":{"line":40,"column":3}},"7":{"start":{"line":43,"column":23},"end":{"line":48,"column":3}},"8":{"start":{"line":50,"column":20},"end":{"line":55,"column":3}},"9":{"start":{"line":58,"column":23},"end":{"line":63,"column":3}},"10":{"start":{"line":66,"column":4},"end":{"line":149,"column":11}},"11":{"start":{"line":153,"column":4},"end":{"line":169,"column":11}},"12":{"start":{"line":173,"column":4},"end":{"line":187,"column":11}},"13":{"start":{"line":190,"column":16},"end":{"line":197,"column":3}},"14":{"start":{"line":199,"column":2},"end":{"line":216,"column":4}},"15":{"start":{"line":213,"column":28},"end":{"line":213,"column":52}},"16":{"start":{"line":219,"column":15},"end":{"line":257,"column":2}}},"fnMap":{"0":{"name":"DashboardScreen","decl":{"start":{"line":15,"column":24},"end":{"line":15,"column":39}},"loc":{"start":{"line":15,"column":42},"end":{"line":217,"column":1}},"line":15},"1":{"name":"(anonymous_1)","decl":{"start":{"line":213,"column":20},"end":{"line":213,"column":21}},"loc":{"start":{"line":213,"column":28},"end":{"line":213,"column":52}},"line":213}},"branchMap":{"0":{"loc":{"start":{"line":76,"column":30},"end":{"line":76,"column":57}},"type":"cond-expr","locations":[{"start":{"line":76,"column":50},"end":{"line":76,"column":52}},{"start":{"line":76,"column":55},"end":{"line":76,"column":57}}],"line":76},"1":{"loc":{"start":{"line":86,"column":36},"end":{"line":86,"column":63}},"type":"cond-expr","locations":[{"start":{"line":86,"column":56},"end":{"line":86,"column":58}},{"start":{"line":86,"column":61},"end":{"line":86,"column":63}}],"line":86},"2":{"loc":{"start":{"line":96,"column":36},"end":{"line":96,"column":63}},"type":"cond-expr","locations":[{"start":{"line":96,"column":56},"end":{"line":96,"column":58}},{"start":{"line":96,"column":61},"end":{"line":96,"column":63}}],"line":96},"3":{"loc":{"start":{"line":106,"column":31},"end":{"line":106,"column":58}},"type":"cond-expr","locations":[{"start":{"line":106,"column":51},"end":{"line":106,"column":53}},{"start":{"line":106,"column":56},"end":{"line":106,"column":58}}],"line":106},"4":{"loc":{"start":{"line":118,"column":20},"end":{"line":118,"column":49}},"type":"cond-expr","locations":[{"start":{"line":118,"column":40},"end":{"line":118,"column":43}},{"start":{"line":118,"column":46},"end":{"line":118,"column":49}}],"line":118},"5":{"loc":{"start":{"line":126,"column":20},"end":{"line":126,"column":49}},"type":"cond-expr","locations":[{"start":{"line":126,"column":40},"end":{"line":126,"column":43}},{"start":{"line":126,"column":46},"end":{"line":126,"column":49}}],"line":126},"6":{"loc":{"start":{"line":138,"column":23},"end":{"line":138,"column":52}},"type":"cond-expr","locations":[{"start":{"line":138,"column":43},"end":{"line":138,"column":46}},{"start":{"line":138,"column":49},"end":{"line":138,"column":52}}],"line":138},"7":{"loc":{"start":{"line":224,"column":19},"end":{"line":224,"column":55}},"type":"cond-expr","locations":[{"start":{"line":224,"column":39},"end":{"line":224,"column":47}},{"start":{"line":224,"column":50},"end":{"line":224,"column":55}}],"line":224},"8":{"loc":{"start":{"line":229,"column":11},"end":{"line":229,"column":74}},"type":"cond-expr","locations":[{"start":{"line":229,"column":31},"end":{"line":229,"column":37}},{"start":{"line":229,"column":40},"end":{"line":229,"column":74}}],"line":229},"9":{"loc":{"start":{"line":229,"column":40},"end":{"line":229,"column":74}},"type":"cond-expr","locations":[{"start":{"line":229,"column":61},"end":{"line":229,"column":66}},{"start":{"line":229,"column":69},"end":{"line":229,"column":74}}],"line":229},"10":{"loc":{"start":{"line":230,"column":23},"end":{"line":230,"column":48}},"type":"cond-expr","locations":[{"start":{"line":230,"column":43},"end":{"line":230,"column":44}},{"start":{"line":230,"column":47},"end":{"line":230,"column":48}}],"line":230},"11":{"loc":{"start":{"line":233,"column":19},"end":{"line":233,"column":55}},"type":"cond-expr","locations":[{"start":{"line":233,"column":39},"end":{"line":233,"column":47}},{"start":{"line":233,"column":50},"end":{"line":233,"column":55}}],"line":233},"12":{"loc":{"start":{"line":238,"column":23},"end":{"line":238,"column":48}},"type":"cond-expr","locations":[{"start":{"line":238,"column":43},"end":{"line":238,"column":44}},{"start":{"line":238,"column":47},"end":{"line":238,"column":48}}],"line":238},"13":{"loc":{"start":{"line":241,"column":19},"end":{"line":241,"column":55}},"type":"cond-expr","locations":[{"start":{"line":241,"column":39},"end":{"line":241,"column":47}},{"start":{"line":241,"column":50},"end":{"line":241,"column":55}}],"line":241},"14":{"loc":{"start":{"line":244,"column":10},"end":{"line":244,"column":35}},"type":"cond-expr","locations":[{"start":{"line":244,"column":30},"end":{"line":244,"column":31}},{"start":{"line":244,"column":34},"end":{"line":244,"column":35}}],"line":244},"15":{"loc":{"start":{"line":245,"column":23},"end":{"line":245,"column":48}},"type":"cond-expr","locations":[{"start":{"line":245,"column":43},"end":{"line":245,"column":44}},{"start":{"line":245,"column":47},"end":{"line":245,"column":48}}],"line":245},"16":{"loc":{"start":{"line":249,"column":23},"end":{"line":249,"column":48}},"type":"cond-expr","locations":[{"start":{"line":249,"column":43},"end":{"line":249,"column":44}},{"start":{"line":249,"column":47},"end":{"line":249,"column":48}}],"line":249}},"s":{"0":0,"1":0,"2":0,"3":0,"4":0,"5":0,"6":0,"7":0,"8":0,"9":0,"10":0,"11":0,"12":0,"13":0,"14":0,"15":0,"16":0},"f":{"0":0,"1":0},"b":{"0":[0,0],"1":[0,0],"2":[0,0],"3":[0,0],"4":[0,0],"5":[0,0],"6":[0,0],"7":[0,0],"8":[0,0],"9":[0,0],"10":[0,0],"11":[0,0],"12":[0,0],"13":[0,0],"14":[0,0],"15":[0,0],"16":[0,0]}}
,"/Users/alias/Downloads/haus-platform-main/app/(tabs)/exclusive.tsx": {"path":"/Users/alias/Downloads/haus-platform-main/app/(tabs)/exclusive.tsx","statementMap":{"0":{"start":{"line":12,"column":20},"end":{"line":12,"column":30}},"1":{"start":{"line":13,"column":17},"end":{"line":13,"column":30}},"2":{"start":{"line":14,"column":51},"end":{"line":14,"column":75}},"3":{"start":{"line":15,"column":44},"end":{"line":15,"column":68}},"4":{"start":{"line":17,"column":28},"end":{"line":20,"column":3}},"5":{"start":{"line":19,"column":4},"end":{"line":19,"column":27}},"6":{"start":{"line":22,"column":2},"end":{"line":74,"column":3}},"7":{"start":{"line":23,"column":4},"end":{"line":73,"column":6}},"8":{"start":{"line":76,"column":2},"end":{"line":92,"column":4}},"9":{"start":{"line":95,"column":15},"end":{"line":181,"column":2}}},"fnMap":{"0":{"name":"ExclusiveScreen","decl":{"start":{"line":11,"column":24},"end":{"line":11,"column":39}},"loc":{"start":{"line":11,"column":42},"end":{"line":93,"column":1}},"line":11},"1":{"name":"(anonymous_1)","decl":{"start":{"line":17,"column":28},"end":{"line":17,"column":29}},"loc":{"start":{"line":17,"column":34},"end":{"line":20,"column":3}},"line":17}},"branchMap":{"0":{"loc":{"start":{"line":22,"column":2},"end":{"line":74,"column":3}},"type":"if","locations":[{"start":{"line":22,"column":2},"end":{"line":74,"column":3}},{"start":{},"end":{}}],"line":22},"1":{"loc":{"start":{"line":79,"column":20},"end":{"line":79,"column":45}},"type":"binary-expr","locations":[{"start":{"line":79,"column":20},"end":{"line":79,"column":39}},{"start":{"line":79,"column":43},"end":{"line":79,"column":45}}],"line":79}},"s":{"0":0,"1":0,"2":0,"3":0,"4":0,"5":0,"6":0,"7":0,"8":0,"9":0},"f":{"0":0,"1":0},"b":{"0":[0,0],"1":[0,0]}}
,"/Users/alias/Downloads/haus-platform-main/app/(tabs)/favorites.tsx": {"path":"/Users/alias/Downloads/haus-platform-main/app/(tabs)/favorites.tsx","statementMap":{"0":{"start":{"line":10,"column":20},"end":{"line":10,"column":30}},"1":{"start":{"line":11,"column":17},"end":{"line":11,"column":30}},"2":{"start":{"line":12,"column":66},"end":{"line":12,"column":84}},"3":{"start":{"line":13,"column":44},"end":{"line":13,"column":58}},"4":{"start":{"line":15,"column":29},"end":{"line":15,"column":71}},"5":{"start":{"line":16,"column":20},"end":{"line":16,"column":61}},"6":{"start":{"line":18,"column":2},"end":{"line":34,"column":4}},"7":{"start":{"line":37,"column":15},"end":{"line":53,"column":2}}},"fnMap":{"0":{"name":"FavoritesScreen","decl":{"start":{"line":9,"column":24},"end":{"line":9,"column":39}},"loc":{"start":{"line":9,"column":42},"end":{"line":35,"column":1}},"line":9}},"branchMap":{"0":{"loc":{"start":{"line":15,"column":51},"end":{"line":15,"column":70}},"type":"binary-expr","locations":[{"start":{"line":15,"column":51},"end":{"line":15,"column":64}},{"start":{"line":15,"column":68},"end":{"line":15,"column":70}}],"line":15},"1":{"loc":{"start":{"line":16,"column":20},"end":{"line":16,"column":61}},"type":"binary-expr","locations":[{"start":{"line":16,"column":20},"end":{"line":16,"column":39}},{"start":{"line":16,"column":43},"end":{"line":16,"column":61}}],"line":16}},"s":{"0":0,"1":0,"2":0,"3":0,"4":0,"5":0,"6":0,"7":0},"f":{"0":0},"b":{"0":[0,0],"1":[0,0]}}
,"/Users/alias/Downloads/haus-platform-main/app/(tabs)/index.tsx": {"path":"/Users/alias/Downloads/haus-platform-main/app/(tabs)/index.tsx","statementMap":{"0":{"start":{"line":12,"column":20},"end":{"line":12,"column":30}},"1":{"start":{"line":13,"column":17},"end":{"line":13,"column":30}},"2":{"start":{"line":14,"column":42},"end":{"line":14,"column":57}},"3":{"start":{"line":16,"column":29},"end":{"line":16,"column":83}},"4":{"start":{"line":16,"column":53},"end":{"line":16,"column":64}},"5":{"start":{"line":18,"column":28},"end":{"line":20,"column":3}},"6":{"start":{"line":19,"column":4},"end":{"line":19,"column":27}},"7":{"start":{"line":22,"column":2},"end":{"line":107,"column":4}},"8":{"start":{"line":110,"column":15},"end":{"line":228,"column":2}}},"fnMap":{"0":{"name":"HomeScreen","decl":{"start":{"line":11,"column":24},"end":{"line":11,"column":34}},"loc":{"start":{"line":11,"column":37},"end":{"line":108,"column":1}},"line":11},"1":{"name":"(anonymous_1)","decl":{"start":{"line":16,"column":48},"end":{"line":16,"column":49}},"loc":{"start":{"line":16,"column":53},"end":{"line":16,"column":64}},"line":16},"2":{"name":"(anonymous_2)","decl":{"start":{"line":18,"column":28},"end":{"line":18,"column":29}},"loc":{"start":{"line":18,"column":34},"end":{"line":20,"column":3}},"line":18}},"branchMap":{"0":{"loc":{"start":{"line":16,"column":29},"end":{"line":16,"column":83}},"type":"binary-expr","locations":[{"start":{"line":16,"column":29},"end":{"line":16,"column":77}},{"start":{"line":16,"column":81},"end":{"line":16,"column":83}}],"line":16}},"s":{"0":0,"1":0,"2":0,"3":0,"4":0,"5":0,"6":0,"7":0,"8":0},"f":{"0":0,"1":0,"2":0},"b":{"0":[0,0]}}
,"/Users/alias/Downloads/haus-platform-main/app/(tabs)/profile.tsx": {"path":"/Users/alias/Downloads/haus-platform-main/app/(tabs)/profile.tsx","statementMap":{"0":{"start":{"line":9,"column":33},"end":{"line":9,"column":43}},"1":{"start":{"line":10,"column":17},"end":{"line":10,"column":30}},"2":{"start":{"line":12,"column":22},"end":{"line":14,"column":3}},"3":{"start":{"line":13,"column":4},"end":{"line":13,"column":54}},"4":{"start":{"line":16,"column":2},"end":{"line":106,"column":4}},"5":{"start":{"line":32,"column":25},"end":{"line":32,"column":52}},"6":{"start":{"line":44,"column":27},"end":{"line":44,"column":62}},"7":{"start":{"line":51,"column":27},"end":{"line":51,"column":55}},"8":{"start":{"line":58,"column":27},"end":{"line":58,"column":58}},"9":{"start":{"line":87,"column":27},"end":{"line":87,"column":56}},"10":{"start":{"line":95,"column":27},"end":{"line":95,"column":49}},"11":{"start":{"line":119,"column":2},"end":{"line":129,"column":4}},"12":{"start":{"line":132,"column":15},"end":{"line":215,"column":2}}},"fnMap":{"0":{"name":"ProfileScreen","decl":{"start":{"line":8,"column":24},"end":{"line":8,"column":37}},"loc":{"start":{"line":8,"column":40},"end":{"line":107,"column":1}},"line":8},"1":{"name":"(anonymous_1)","decl":{"start":{"line":12,"column":22},"end":{"line":12,"column":23}},"loc":{"start":{"line":12,"column":28},"end":{"line":14,"column":3}},"line":12},"2":{"name":"(anonymous_2)","decl":{"start":{"line":32,"column":19},"end":{"line":32,"column":20}},"loc":{"start":{"line":32,"column":25},"end":{"line":32,"column":52}},"line":32},"3":{"name":"(anonymous_3)","decl":{"start":{"line":44,"column":21},"end":{"line":44,"column":22}},"loc":{"start":{"line":44,"column":27},"end":{"line":44,"column":62}},"line":44},"4":{"name":"(anonymous_4)","decl":{"start":{"line":51,"column":21},"end":{"line":51,"column":22}},"loc":{"start":{"line":51,"column":27},"end":{"line":51,"column":55}},"line":51},"5":{"name":"(anonymous_5)","decl":{"start":{"line":58,"column":21},"end":{"line":58,"column":22}},"loc":{"start":{"line":58,"column":27},"end":{"line":58,"column":58}},"line":58},"6":{"name":"(anonymous_6)","decl":{"start":{"line":87,"column":21},"end":{"line":87,"column":22}},"loc":{"start":{"line":87,"column":27},"end":{"line":87,"column":56}},"line":87},"7":{"name":"(anonymous_7)","decl":{"start":{"line":95,"column":21},"end":{"line":95,"column":22}},"loc":{"start":{"line":95,"column":27},"end":{"line":95,"column":49}},"line":95},"8":{"name":"MenuItem","decl":{"start":{"line":118,"column":9},"end":{"line":118,"column":17}},"loc":{"start":{"line":118,"column":93},"end":{"line":130,"column":1}},"line":118}},"branchMap":{"0":{"loc":{"start":{"line":13,"column":16},"end":{"line":13,"column":52}},"type":"cond-expr","locations":[{"start":{"line":13,"column":36},"end":{"line":13,"column":42}},{"start":{"line":13,"column":45},"end":{"line":13,"column":52}}],"line":13},"1":{"loc":{"start":{"line":73,"column":17},"end":{"line":73,"column":63}},"type":"cond-expr","locations":[{"start":{"line":73,"column":37},"end":{"line":73,"column":49}},{"start":{"line":73,"column":52},"end":{"line":73,"column":63}}],"line":73},"2":{"loc":{"start":{"line":123,"column":53},"end":{"line":123,"column":78}},"type":"binary-expr","locations":[{"start":{"line":123,"column":53},"end":{"line":123,"column":63}},{"start":{"line":123,"column":67},"end":{"line":123,"column":78}}],"line":123},"3":{"loc":{"start":{"line":126,"column":9},"end":{"line":126,"column":71}},"type":"binary-expr","locations":[{"start":{"line":126,"column":9},"end":{"line":126,"column":21}},{"start":{"line":126,"column":25},"end":{"line":126,"column":71}}],"line":126}},"s":{"0":0,"1":0,"2":0,"3":0,"4":0,"5":0,"6":0,"7":0,"8":0,"9":0,"10":0,"11":0,"12":0},"f":{"0":0,"1":0,"2":0,"3":0,"4":0,"5":0,"6":0,"7":0,"8":0},"b":{"0":[0,0],"1":[0,0],"2":[0,0],"3":[0,0]}}
,"/Users/alias/Downloads/haus-platform-main/app/(tabs)/search.tsx": {"path":"/Users/alias/Downloads/haus-platform-main/app/(tabs)/search.tsx","statementMap":{"0":{"start":{"line":14,"column":20},"end":{"line":14,"column":30}},"1":{"start":{"line":15,"column":17},"end":{"line":15,"column":30}},"2":{"start":{"line":16,"column":42},"end":{"line":16,"column":57}},"3":{"start":{"line":18,"column":40},"end":{"line":18,"column":60}},"4":{"start":{"line":19,"column":50},"end":{"line":19,"column":74}},"5":{"start":{"line":20,"column":32},"end":{"line":36,"column":4}},"6":{"start":{"line":38,"column":29},"end":{"line":41,"column":4}},"7":{"start":{"line":44,"column":4},"end":{"line":53,"column":44}},"8":{"start":{"line":55,"column":28},"end":{"line":57,"column":3}},"9":{"start":{"line":56,"column":4},"end":{"line":56,"column":30}},"10":{"start":{"line":59,"column":30},"end":{"line":61,"column":3}},"11":{"start":{"line":60,"column":4},"end":{"line":60,"column":27}},"12":{"start":{"line":63,"column":23},"end":{"line":85,"column":3}},"13":{"start":{"line":64,"column":4},"end":{"line":84,"column":11}},"14":{"start":{"line":87,"column":2},"end":{"line":107,"column":4}},"15":{"start":{"line":102,"column":23},"end":{"line":102,"column":49}},"16":{"start":{"line":110,"column":15},"end":{"line":140,"column":2}}},"fnMap":{"0":{"name":"SearchScreen","decl":{"start":{"line":13,"column":24},"end":{"line":13,"column":36}},"loc":{"start":{"line":13,"column":39},"end":{"line":108,"column":1}},"line":13},"1":{"name":"(anonymous_1)","decl":{"start":{"line":55,"column":28},"end":{"line":55,"column":29}},"loc":{"start":{"line":55,"column":34},"end":{"line":57,"column":3}},"line":55},"2":{"name":"(anonymous_2)","decl":{"start":{"line":59,"column":30},"end":{"line":59,"column":31}},"loc":{"start":{"line":59,"column":62},"end":{"line":61,"column":3}},"line":59},"3":{"name":"(anonymous_3)","decl":{"start":{"line":63,"column":23},"end":{"line":63,"column":24}},"loc":{"start":{"line":64,"column":4},"end":{"line":84,"column":11}},"line":64},"4":{"name":"(anonymous_4)","decl":{"start":{"line":102,"column":17},"end":{"line":102,"column":18}},"loc":{"start":{"line":102,"column":23},"end":{"line":102,"column":49}},"line":102}},"branchMap":{"0":{"loc":{"start":{"line":44,"column":5},"end":{"line":44,"column":39}},"type":"binary-expr","locations":[{"start":{"line":44,"column":5},"end":{"line":44,"column":34}},{"start":{"line":44,"column":38},"end":{"line":44,"column":39}}],"line":44},"1":{"loc":{"start":{"line":45,"column":5},"end":{"line":45,"column":38}},"type":"binary-expr","locations":[{"start":{"line":45,"column":5},"end":{"line":45,"column":33}},{"start":{"line":45,"column":37},"end":{"line":45,"column":38}}],"line":45},"2":{"loc":{"start":{"line":46,"column":5},"end":{"line":46,"column":33}},"type":"binary-expr","locations":[{"start":{"line":46,"column":5},"end":{"line":46,"column":28}},{"start":{"line":46,"column":32},"end":{"line":46,"column":33}}],"line":46},"3":{"loc":{"start":{"line":47,"column":5},"end":{"line":47,"column":32}},"type":"binary-expr","locations":[{"start":{"line":47,"column":5},"end":{"line":47,"column":27}},{"start":{"line":47,"column":31},"end":{"line":47,"column":32}}],"line":47},"4":{"loc":{"start":{"line":48,"column":5},"end":{"line":48,"column":46}},"type":"cond-expr","locations":[{"start":{"line":48,"column":41},"end":{"line":48,"column":42}},{"start":{"line":48,"column":45},"end":{"line":48,"column":46}}],"line":48},"5":{"loc":{"start":{"line":49,"column":5},"end":{"line":49,"column":46}},"type":"cond-expr","locations":[{"start":{"line":49,"column":41},"end":{"line":49,"column":42}},{"start":{"line":49,"column":45},"end":{"line":49,"column":46}}],"line":49},"6":{"loc":{"start":{"line":50,"column":5},"end":{"line":50,"column":47}},"type":"cond-expr","locations":[{"start":{"line":50,"column":42},"end":{"line":50,"column":43}},{"start":{"line":50,"column":46},"end":{"line":50,"column":47}}],"line":50},"7":{"loc":{"start":{"line":51,"column":5},"end":{"line":51,"column":47}},"type":"cond-expr","locations":[{"start":{"line":51,"column":42},"end":{"line":51,"column":43}},{"start":{"line":51,"column":46},"end":{"line":51,"column":47}}],"line":51},"8":{"loc":{"start":{"line":52,"column":5},"end":{"line":52,"column":43}},"type":"cond-expr","locations":[{"start":{"line":52,"column":38},"end":{"line":52,"column":39}},{"start":{"line":52,"column":42},"end":{"line":52,"column":43}}],"line":52},"9":{"loc":{"start":{"line":53,"column":5},"end":{"line":53,"column":43}},"type":"cond-expr","locations":[{"start":{"line":53,"column":38},"end":{"line":53,"column":39}},{"start":{"line":53,"column":42},"end":{"line":53,"column":43}}],"line":53},"10":{"loc":{"start":{"line":79,"column":7},"end":{"line":83,"column":7}},"type":"binary-expr","locations":[{"start":{"line":79,"column":7},"end":{"line":79,"column":36}},{"start":{"line":80,"column":8},"end":{"line":82,"column":15}}],"line":79},"11":{"loc":{"start":{"line":93,"column":10},"end":{"line":95,"column":39}},"type":"cond-expr","locations":[{"start":{"line":94,"column":14},"end":{"line":94,"column":56}},{"start":{"line":95,"column":14},"end":{"line":95,"column":39}}],"line":93},"12":{"loc":{"start":{"line":93,"column":10},"end":{"line":93,"column":46}},"type":"binary-expr","locations":[{"start":{"line":93,"column":10},"end":{"line":93,"column":21}},{"start":{"line":93,"column":25},"end":{"line":93,"column":46}}],"line":93}},"s":{"0":0,"1":0,"2":0,"3":0,"4":0,"5":0,"6":0,"7":0,"8":0,"9":0,"10":0,"11":0,"12":0,"13":0,"14":0,"15":0,"16":0},"f":{"0":0,"1":0,"2":0,"3":0,"4":0},"b":{"0":[0,0],"1":[0,0],"2":[0,0],"3":[0,0],"4":[0,0],"5":[0,0],"6":[0,0],"7":[0,0],"8":[0,0],"9":[0,0],"10":[0,0],"11":[0,0],"12":[0,0]}}
,"/Users/alias/Downloads/haus-platform-main/app/(tabs)/settings.tsx": {"path":"/Users/alias/Downloads/haus-platform-main/app/(tabs)/settings.tsx","statementMap":{"0":{"start":{"line":16,"column":24},"end":{"line":60,"column":1}},"1":{"start":{"line":67,"column":15},"end":{"line":67,"column":26}},"2":{"start":{"line":69,"column":2},"end":{"line":100,"column":4}},"3":{"start":{"line":74,"column":21},"end":{"line":74,"column":53}},"4":{"start":{"line":104,"column":2},"end":{"line":158,"column":4}},"5":{"start":{"line":123,"column":12},"end":{"line":123,"column":60}}},"fnMap":{"0":{"name":"SettingsItem","decl":{"start":{"line":66,"column":9},"end":{"line":66,"column":21}},"loc":{"start":{"line":66,"column":53},"end":{"line":101,"column":1}},"line":66},"1":{"name":"(anonymous_1)","decl":{"start":{"line":74,"column":15},"end":{"line":74,"column":16}},"loc":{"start":{"line":74,"column":21},"end":{"line":74,"column":53}},"line":74},"2":{"name":"SettingsScreen","decl":{"start":{"line":103,"column":24},"end":{"line":103,"column":38}},"loc":{"start":{"line":103,"column":41},"end":{"line":159,"column":1}},"line":103},"3":{"name":"(anonymous_3)","decl":{"start":{"line":122,"column":31},"end":{"line":122,"column":32}},"loc":{"start":{"line":123,"column":12},"end":{"line":123,"column":60}},"line":123},"4":{"name":"(anonymous_4)","decl":{"start":{"line":131,"column":21},"end":{"line":131,"column":22}},"loc":{"start":{"line":131,"column":27},"end":{"line":133,"column":13}},"line":131}},"branchMap":{"0":{"loc":{"start":{"line":72,"column":8},"end":{"line":72,"column":80}},"type":"cond-expr","locations":[{"start":{"line":72,"column":27},"end":{"line":72,"column":53}},{"start":{"line":72,"column":56},"end":{"line":72,"column":80}}],"line":72},"1":{"loc":{"start":{"line":77,"column":8},"end":{"line":77,"column":56}},"type":"cond-expr","locations":[{"start":{"line":77,"column":27},"end":{"line":77,"column":40}},{"start":{"line":77,"column":43},"end":{"line":77,"column":56}}],"line":77},"2":{"loc":{"start":{"line":81,"column":17},"end":{"line":81,"column":57}},"type":"cond-expr","locations":[{"start":{"line":81,"column":36},"end":{"line":81,"column":45}},{"start":{"line":81,"column":48},"end":{"line":81,"column":57}}],"line":81},"3":{"loc":{"start":{"line":94,"column":7},"end":{"line":98,"column":7}},"type":"binary-expr","locations":[{"start":{"line":94,"column":7},"end":{"line":94,"column":23}},{"start":{"line":95,"column":8},"end":{"line":97,"column":15}}],"line":94}},"s":{"0":0,"1":0,"2":0,"3":0,"4":0,"5":0},"f":{"0":0,"1":0,"2":0,"3":0,"4":0},"b":{"0":[0,0],"1":[0,0],"2":[0,0],"3":[0,0]}}
,"/Users/alias/Downloads/haus-platform-main/app/(tabs)/v0.tsx": {"path":"/Users/alias/Downloads/haus-platform-main/app/(tabs)/v0.tsx","statementMap":{"0":{"start":{"line":11,"column":36},"end":{"line":11,"column":66}},"1":{"start":{"line":13,"column":15},"end":{"line":18,"column":3}},"2":{"start":{"line":20,"column":24},"end":{"line":37,"column":3}},"3":{"start":{"line":21,"column":4},"end":{"line":36,"column":5}},"4":{"start":{"line":23,"column":8},"end":{"line":23,"column":31}},"5":{"start":{"line":25,"column":8},"end":{"line":25,"column":40}},"6":{"start":{"line":27,"column":8},"end":{"line":27,"column":40}},"7":{"start":{"line":29,"column":8},"end":{"line":33,"column":10}},"8":{"start":{"line":35,"column":8},"end":{"line":35,"column":31}},"9":{"start":{"line":39,"column":2},"end":{"line":90,"column":4}},"10":{"start":{"line":59,"column":12},"end":{"line":80,"column":31}},"11":{"start":{"line":61,"column":29},"end":{"line":61,"column":49}}},"fnMap":{"0":{"name":"V0Screen","decl":{"start":{"line":10,"column":24},"end":{"line":10,"column":32}},"loc":{"start":{"line":10,"column":35},"end":{"line":91,"column":1}},"line":10},"1":{"name":"(anonymous_1)","decl":{"start":{"line":20,"column":24},"end":{"line":20,"column":25}},"loc":{"start":{"line":20,"column":30},"end":{"line":37,"column":3}},"line":20},"2":{"name":"(anonymous_2)","decl":{"start":{"line":58,"column":20},"end":{"line":58,"column":21}},"loc":{"start":{"line":59,"column":12},"end":{"line":80,"column":31}},"line":59},"3":{"name":"(anonymous_3)","decl":{"start":{"line":61,"column":23},"end":{"line":61,"column":24}},"loc":{"start":{"line":61,"column":29},"end":{"line":61,"column":49}},"line":61}},"branchMap":{"0":{"loc":{"start":{"line":21,"column":4},"end":{"line":36,"column":5}},"type":"switch","locations":[{"start":{"line":22,"column":6},"end":{"line":23,"column":31}},{"start":{"line":24,"column":6},"end":{"line":25,"column":40}},{"start":{"line":26,"column":6},"end":{"line":27,"column":40}},{"start":{"line":28,"column":6},"end":{"line":33,"column":10}},{"start":{"line":34,"column":6},"end":{"line":35,"column":31}}],"line":21},"1":{"loc":{"start":{"line":63,"column":16},"end":{"line":65,"column":22}},"type":"cond-expr","locations":[{"start":{"line":64,"column":20},"end":{"line":64,"column":57}},{"start":{"line":65,"column":20},"end":{"line":65,"column":22}}],"line":63},"2":{"loc":{"start":{"line":72,"column":20},"end":{"line":74,"column":39}},"type":"cond-expr","locations":[{"start":{"line":73,"column":24},"end":{"line":73,"column":39}},{"start":{"line":74,"column":24},"end":{"line":74,"column":39}}],"line":72}},"s":{"0":0,"1":0,"2":0,"3":0,"4":0,"5":0,"6":0,"7":0,"8":0,"9":0,"10":0,"11":0},"f":{"0":0,"1":0,"2":0,"3":0},"b":{"0":[0,0,0,0,0],"1":[0,0],"2":[0,0]}}
,"/Users/alias/Downloads/haus-platform-main/app/property/[id].tsx": {"path":"/Users/alias/Downloads/haus-platform-main/app/property/[id].tsx","statementMap":{"0":{"start":{"line":12,"column":18},"end":{"line":12,"column":42}},"1":{"start":{"line":15,"column":17},"end":{"line":15,"column":28}},"2":{"start":{"line":16,"column":20},"end":{"line":16,"column":30}},"3":{"start":{"line":17,"column":17},"end":{"line":17,"column":30}},"4":{"start":{"line":20,"column":20},"end":{"line":20,"column":42}},"5":{"start":{"line":21,"column":17},"end":{"line":21,"column":32}},"6":{"start":{"line":24,"column":26},"end":{"line":24,"column":30}},"7":{"start":{"line":25,"column":2},"end":{"line":34,"column":3}},"8":{"start":{"line":26,"column":4},"end":{"line":30,"column":5}},"9":{"start":{"line":27,"column":6},"end":{"line":27,"column":63}},"10":{"start":{"line":29,"column":6},"end":{"line":29,"column":52}},"11":{"start":{"line":32,"column":4},"end":{"line":32,"column":55}},"12":{"start":{"line":33,"column":4},"end":{"line":33,"column":14}},"13":{"start":{"line":36,"column":40},"end":{"line":36,"column":55}},"14":{"start":{"line":37,"column":41},"end":{"line":37,"column":55}},"15":{"start":{"line":38,"column":52},"end":{"line":38,"column":71}},"16":{"start":{"line":40,"column":21},"end":{"line":42,"column":3}},"17":{"start":{"line":41,"column":4},"end":{"line":41,"column":18}},"18":{"start":{"line":44,"column":30},"end":{"line":51,"column":3}},"19":{"start":{"line":45,"column":4},"end":{"line":45,"column":26}},"20":{"start":{"line":45,"column":19},"end":{"line":45,"column":26}},"21":{"start":{"line":47,"column":4},"end":{"line":49,"column":5}},"22":{"start":{"line":48,"column":6},"end":{"line":48,"column":37}},"23":{"start":{"line":50,"column":4},"end":{"line":50,"column":32}},"24":{"start":{"line":53,"column":29},"end":{"line":56,"column":3}},"25":{"start":{"line":55,"column":4},"end":{"line":55,"column":33}},"26":{"start":{"line":58,"column":2},"end":{"line":64,"column":3}},"27":{"start":{"line":59,"column":4},"end":{"line":63,"column":6}},"28":{"start":{"line":66,"column":2},"end":{"line":75,"column":3}},"29":{"start":{"line":67,"column":4},"end":{"line":74,"column":6}},"30":{"start":{"line":77,"column":22},"end":{"line":87,"column":3}},"31":{"start":{"line":78,"column":4},"end":{"line":86,"column":5}},"32":{"start":{"line":79,"column":6},"end":{"line":79,"column":36}},"33":{"start":{"line":80,"column":11},"end":{"line":86,"column":5}},"34":{"start":{"line":81,"column":6},"end":{"line":81,"column":123}},"35":{"start":{"line":82,"column":11},"end":{"line":86,"column":5}},"36":{"start":{"line":83,"column":6},"end":{"line":83,"column":121}},"37":{"start":{"line":85,"column":6},"end":{"line":85,"column":58}},"38":{"start":{"line":89,"column":2},"end":{"line":259,"column":4}},"39":{"start":{"line":98,"column":31},"end":{"line":98,"column":84}},"40":{"start":{"line":99,"column":14},"end":{"line":99,"column":45}},"41":{"start":{"line":103,"column":14},"end":{"line":108,"column":16}},"42":{"start":{"line":113,"column":14},"end":{"line":122,"column":16}},"43":{"start":{"line":269,"column":2},"end":{"line":274,"column":4}},"44":{"start":{"line":277,"column":15},"end":{"line":467,"column":2}}},"fnMap":{"0":{"name":"PropertyDetailScreen","decl":{"start":{"line":14,"column":24},"end":{"line":14,"column":44}},"loc":{"start":{"line":14,"column":47},"end":{"line":260,"column":1}},"line":14},"1":{"name":"(anonymous_1)","decl":{"start":{"line":40,"column":21},"end":{"line":40,"column":22}},"loc":{"start":{"line":40,"column":27},"end":{"line":42,"column":3}},"line":40},"2":{"name":"(anonymous_2)","decl":{"start":{"line":44,"column":30},"end":{"line":44,"column":31}},"loc":{"start":{"line":44,"column":42},"end":{"line":51,"column":3}},"line":44},"3":{"name":"(anonymous_3)","decl":{"start":{"line":53,"column":29},"end":{"line":53,"column":30}},"loc":{"start":{"line":53,"column":35},"end":{"line":56,"column":3}},"line":53},"4":{"name":"(anonymous_4)","decl":{"start":{"line":77,"column":22},"end":{"line":77,"column":23}},"loc":{"start":{"line":77,"column":28},"end":{"line":87,"column":3}},"line":77},"5":{"name":"(anonymous_5)","decl":{"start":{"line":97,"column":33},"end":{"line":97,"column":34}},"loc":{"start":{"line":97,"column":44},"end":{"line":100,"column":13}},"line":97},"6":{"name":"(anonymous_6)","decl":{"start":{"line":102,"column":32},"end":{"line":102,"column":33}},"loc":{"start":{"line":103,"column":14},"end":{"line":108,"column":16}},"line":103},"7":{"name":"(anonymous_7)","decl":{"start":{"line":112,"column":32},"end":{"line":112,"column":33}},"loc":{"start":{"line":113,"column":14},"end":{"line":122,"column":16}},"line":113},"8":{"name":"DetailItem","decl":{"start":{"line":268,"column":9},"end":{"line":268,"column":19}},"loc":{"start":{"line":268,"column":63},"end":{"line":275,"column":1}},"line":268}},"branchMap":{"0":{"loc":{"start":{"line":21,"column":17},"end":{"line":21,"column":32}},"type":"binary-expr","locations":[{"start":{"line":21,"column":17},"end":{"line":21,"column":26}},{"start":{"line":21,"column":30},"end":{"line":21,"column":32}}],"line":21},"1":{"loc":{"start":{"line":26,"column":4},"end":{"line":30,"column":5}},"type":"if","locations":[{"start":{"line":26,"column":4},"end":{"line":30,"column":5}},{"start":{},"end":{}}],"line":26},"2":{"loc":{"start":{"line":27,"column":11},"end":{"line":27,"column":62}},"type":"cond-expr","locations":[{"start":{"line":27,"column":38},"end":{"line":27,"column":50}},{"start":{"line":27,"column":53},"end":{"line":27,"column":62}}],"line":27},"3":{"loc":{"start":{"line":29,"column":11},"end":{"line":29,"column":51}},"type":"cond-expr","locations":[{"start":{"line":29,"column":36},"end":{"line":29,"column":38}},{"start":{"line":29,"column":41},"end":{"line":29,"column":51}}],"line":29},"4":{"loc":{"start":{"line":45,"column":4},"end":{"line":45,"column":26}},"type":"if","locations":[{"start":{"line":45,"column":4},"end":{"line":45,"column":26}},{"start":{},"end":{}}],"line":45},"5":{"loc":{"start":{"line":47,"column":4},"end":{"line":49,"column":5}},"type":"if","locations":[{"start":{"line":47,"column":4},"end":{"line":49,"column":5}},{"start":{},"end":{}}],"line":47},"6":{"loc":{"start":{"line":58,"column":2},"end":{"line":64,"column":3}},"type":"if","locations":[{"start":{"line":58,"column":2},"end":{"line":64,"column":3}},{"start":{},"end":{}}],"line":58},"7":{"loc":{"start":{"line":66,"column":2},"end":{"line":75,"column":3}},"type":"if","locations":[{"start":{"line":66,"column":2},"end":{"line":75,"column":3}},{"start":{},"end":{}}],"line":66},"8":{"loc":{"start":{"line":66,"column":6},"end":{"line":66,"column":22}},"type":"binary-expr","locations":[{"start":{"line":66,"column":6},"end":{"line":66,"column":9}},{"start":{"line":66,"column":13},"end":{"line":66,"column":22}}],"line":66},"9":{"loc":{"start":{"line":78,"column":4},"end":{"line":86,"column":5}},"type":"if","locations":[{"start":{"line":78,"column":4},"end":{"line":86,"column":5}},{"start":{"line":80,"column":11},"end":{"line":86,"column":5}}],"line":78},"10":{"loc":{"start":{"line":80,"column":11},"end":{"line":86,"column":5}},"type":"if","locations":[{"start":{"line":80,"column":11},"end":{"line":86,"column":5}},{"start":{"line":82,"column":11},"end":{"line":86,"column":5}}],"line":80},"11":{"loc":{"start":{"line":81,"column":18},"end":{"line":81,"column":47}},"type":"binary-expr","locations":[{"start":{"line":81,"column":18},"end":{"line":81,"column":42}},{"start":{"line":81,"column":46},"end":{"line":81,"column":47}}],"line":81},"12":{"loc":{"start":{"line":81,"column":73},"end":{"line":81,"column":102}},"type":"binary-expr","locations":[{"start":{"line":81,"column":73},"end":{"line":81,"column":97}},{"start":{"line":81,"column":101},"end":{"line":81,"column":102}}],"line":81},"13":{"loc":{"start":{"line":82,"column":11},"end":{"line":86,"column":5}},"type":"if","locations":[{"start":{"line":82,"column":11},"end":{"line":86,"column":5}},{"start":{"line":84,"column":11},"end":{"line":86,"column":5}}],"line":82},"14":{"loc":{"start":{"line":82,"column":15},"end":{"line":82,"column":77}},"type":"binary-expr","locations":[{"start":{"line":82,"column":15},"end":{"line":82,"column":46}},{"start":{"line":82,"column":50},"end":{"line":82,"column":77}}],"line":82},"15":{"loc":{"start":{"line":83,"column":59},"end":{"line":83,"column":118}},"type":"cond-expr","locations":[{"start":{"line":83,"column":102},"end":{"line":83,"column":108}},{"start":{"line":83,"column":111},"end":{"line":83,"column":118}}],"line":83},"16":{"loc":{"start":{"line":119,"column":22},"end":{"line":119,"column":95}},"type":"cond-expr","locations":[{"start":{"line":119,"column":52},"end":{"line":119,"column":66}},{"start":{"line":119,"column":69},"end":{"line":119,"column":95}}],"line":119},"17":{"loc":{"start":{"line":132,"column":20},"end":{"line":132,"column":80}},"type":"cond-expr","locations":[{"start":{"line":132,"column":46},"end":{"line":132,"column":64}},{"start":{"line":132,"column":67},"end":{"line":132,"column":80}}],"line":132},"18":{"loc":{"start":{"line":189,"column":23},"end":{"line":189,"column":94}},"type":"cond-expr","locations":[{"start":{"line":189,"column":52},"end":{"line":189,"column":86}},{"start":{"line":189,"column":89},"end":{"line":189,"column":94}}],"line":189},"19":{"loc":{"start":{"line":194,"column":23},"end":{"line":194,"column":102}},"type":"cond-expr","locations":[{"start":{"line":194,"column":56},"end":{"line":194,"column":94}},{"start":{"line":194,"column":97},"end":{"line":194,"column":102}}],"line":194},"20":{"loc":{"start":{"line":199,"column":23},"end":{"line":199,"column":99}},"type":"cond-expr","locations":[{"start":{"line":199,"column":53},"end":{"line":199,"column":91}},{"start":{"line":199,"column":94},"end":{"line":199,"column":99}}],"line":199},"21":{"loc":{"start":{"line":204,"column":23},"end":{"line":204,"column":74}},"type":"cond-expr","locations":[{"start":{"line":204,"column":62},"end":{"line":204,"column":67}},{"start":{"line":204,"column":70},"end":{"line":204,"column":74}}],"line":204},"22":{"loc":{"start":{"line":209,"column":23},"end":{"line":209,"column":63}},"type":"cond-expr","locations":[{"start":{"line":209,"column":51},"end":{"line":209,"column":56}},{"start":{"line":209,"column":59},"end":{"line":209,"column":63}}],"line":209}},"s":{"0":0,"1":0,"2":0,"3":0,"4":0,"5":0,"6":0,"7":0,"8":0,"9":0,"10":0,"11":0,"12":0,"13":0,"14":0,"15":0,"16":0,"17":0,"18":0,"19":0,"20":0,"21":0,"22":0,"23":0,"24":0,"25":0,"26":0,"27":0,"28":0,"29":0,"30":0,"31":0,"32":0,"33":0,"34":0,"35":0,"36":0,"37":0,"38":0,"39":0,"40":0,"41":0,"42":0,"43":0,"44":0},"f":{"0":0,"1":0,"2":0,"3":0,"4":0,"5":0,"6":0,"7":0,"8":0},"b":{"0":[0,0],"1":[0,0],"2":[0,0],"3":[0,0],"4":[0,0],"5":[0,0],"6":[0,0],"7":[0,0],"8":[0,0],"9":[0,0],"10":[0,0],"11":[0,0],"12":[0,0],"13":[0,0],"14":[0,0],"15":[0,0],"16":[0,0],"17":[0,0],"18":[0,0],"19":[0,0],"20":[0,0],"21":[0,0],"22":[0,0]}}
,"/Users/alias/Downloads/haus-platform-main/app/property/_layout.tsx": {"path":"/Users/alias/Downloads/haus-platform-main/app/property/_layout.tsx","statementMap":{"0":{"start":{"line":7,"column":20},"end":{"line":7,"column":30}},"1":{"start":{"line":8,"column":17},"end":{"line":8,"column":30}},"2":{"start":{"line":10,"column":2},"end":{"line":27,"column":4}}},"fnMap":{"0":{"name":"PropertyLayout","decl":{"start":{"line":6,"column":24},"end":{"line":6,"column":38}},"loc":{"start":{"line":6,"column":41},"end":{"line":28,"column":1}},"line":6}},"branchMap":{},"s":{"0":0,"1":0,"2":0},"f":{"0":0},"b":{}}
,"/Users/alias/Downloads/haus-platform-main/app/settings/_layout.tsx": {"path":"/Users/alias/Downloads/haus-platform-main/app/settings/_layout.tsx","statementMap":{"0":{"start":{"line":4,"column":2},"end":{"line":49,"column":4}}},"fnMap":{"0":{"name":"SettingsLayout","decl":{"start":{"line":3,"column":24},"end":{"line":3,"column":38}},"loc":{"start":{"line":3,"column":41},"end":{"line":50,"column":1}},"line":3}},"branchMap":{},"s":{"0":0},"f":{"0":0},"b":{}}
,"/Users/alias/Downloads/haus-platform-main/app/settings/integrations.tsx": {"path":"/Users/alias/Downloads/haus-platform-main/app/settings/integrations.tsx","statementMap":{"0":{"start":{"line":40,"column":24},"end":{"line":51,"column":3}},"1":{"start":{"line":41,"column":4},"end":{"line":50,"column":5}},"2":{"start":{"line":43,"column":8},"end":{"line":43,"column":57}},"3":{"start":{"line":45,"column":8},"end":{"line":45,"column":57}},"4":{"start":{"line":47,"column":8},"end":{"line":47,"column":51}},"5":{"start":{"line":49,"column":8},"end":{"line":49,"column":20}},"6":{"start":{"line":53,"column":2},"end":{"line":158,"column":4}},"7":{"start":{"line":95,"column":12},"end":{"line":99,"column":13}},"8":{"start":{"line":96,"column":14},"end":{"line":96,"column":40}},"9":{"start":{"line":98,"column":14},"end":{"line":98,"column":37}},"10":{"start":{"line":140,"column":14},"end":{"line":147,"column":21}},"11":{"start":{"line":167,"column":6},"end":{"line":167,"column":23}},"12":{"start":{"line":169,"column":50},"end":{"line":169,"column":65}},"13":{"start":{"line":170,"column":56},"end":{"line":170,"column":90}},"14":{"start":{"line":171,"column":36},"end":{"line":171,"column":56}},"15":{"start":{"line":172,"column":42},"end":{"line":172,"column":71}},"16":{"start":{"line":174,"column":35},"end":{"line":195,"column":3}},"17":{"start":{"line":175,"column":4},"end":{"line":194,"column":5}},"18":{"start":{"line":176,"column":6},"end":{"line":176,"column":38}},"19":{"start":{"line":179,"column":21},"end":{"line":182,"column":8}},"20":{"start":{"line":184,"column":6},"end":{"line":184,"column":42}},"21":{"start":{"line":185,"column":6},"end":{"line":185,"column":33}},"22":{"start":{"line":186,"column":6},"end":{"line":186,"column":32}},"23":{"start":{"line":188,"column":6},"end":{"line":191,"column":8}},"24":{"start":{"line":193,"column":6},"end":{"line":193,"column":28}},"25":{"start":{"line":197,"column":38},"end":{"line":214,"column":3}},"26":{"start":{"line":198,"column":4},"end":{"line":213,"column":6}},"27":{"start":{"line":207,"column":12},"end":{"line":209,"column":13}},"28":{"start":{"line":208,"column":14},"end":{"line":208,"column":69}},"29":{"start":{"line":216,"column":25},"end":{"line":216,"column":69}},"30":{"start":{"line":216,"column":50},"end":{"line":216,"column":61}},"31":{"start":{"line":218,"column":2},"end":{"line":367,"column":4}},"32":{"start":{"line":224,"column":27},"end":{"line":224,"column":40}},"33":{"start":{"line":277,"column":38},"end":{"line":277,"column":47}},"34":{"start":{"line":287,"column":44},"end":{"line":287,"column":53}},"35":{"start":{"line":288,"column":20},"end":{"line":294,"column":22}},"36":{"start":{"line":308,"column":40},"end":{"line":308,"column":50}},"37":{"start":{"line":309,"column":16},"end":{"line":315,"column":18}},"38":{"start":{"line":343,"column":12},"end":{"line":343,"column":39}},"39":{"start":{"line":344,"column":12},"end":{"line":344,"column":41}},"40":{"start":{"line":345,"column":12},"end":{"line":345,"column":29}},"41":{"start":{"line":350,"column":12},"end":{"line":350,"column":62}},"42":{"start":{"line":351,"column":12},"end":{"line":354,"column":14}},"43":{"start":{"line":358,"column":12},"end":{"line":358,"column":54}},"44":{"start":{"line":359,"column":12},"end":{"line":362,"column":14}}},"fnMap":{"0":{"name":"IntegrationCard","decl":{"start":{"line":34,"column":9},"end":{"line":34,"column":24}},"loc":{"start":{"line":39,"column":25},"end":{"line":159,"column":1}},"line":39},"1":{"name":"(anonymous_1)","decl":{"start":{"line":40,"column":24},"end":{"line":40,"column":25}},"loc":{"start":{"line":40,"column":44},"end":{"line":51,"column":3}},"line":40},"2":{"name":"(anonymous_2)","decl":{"start":{"line":94,"column":19},"end":{"line":94,"column":20}},"loc":{"start":{"line":94,"column":25},"end":{"line":100,"column":11}},"line":94},"3":{"name":"(anonymous_3)","decl":{"start":{"line":139,"column":50},"end":{"line":139,"column":51}},"loc":{"start":{"line":140,"column":14},"end":{"line":147,"column":21}},"line":140},"4":{"name":"IntegrationsScreen","decl":{"start":{"line":161,"column":24},"end":{"line":161,"column":42}},"loc":{"start":{"line":161,"column":45},"end":{"line":368,"column":1}},"line":161},"5":{"name":"(anonymous_5)","decl":{"start":{"line":174,"column":35},"end":{"line":174,"column":36}},"loc":{"start":{"line":174,"column":71},"end":{"line":195,"column":3}},"line":174},"6":{"name":"(anonymous_6)","decl":{"start":{"line":197,"column":38},"end":{"line":197,"column":39}},"loc":{"start":{"line":197,"column":68},"end":{"line":214,"column":3}},"line":197},"7":{"name":"(anonymous_7)","decl":{"start":{"line":206,"column":19},"end":{"line":206,"column":20}},"loc":{"start":{"line":206,"column":25},"end":{"line":210,"column":11}},"line":206},"8":{"name":"(anonymous_8)","decl":{"start":{"line":216,"column":45},"end":{"line":216,"column":46}},"loc":{"start":{"line":216,"column":50},"end":{"line":216,"column":61}},"line":216},"9":{"name":"(anonymous_9)","decl":{"start":{"line":224,"column":21},"end":{"line":224,"column":22}},"loc":{"start":{"line":224,"column":27},"end":{"line":224,"column":40}},"line":224},"10":{"name":"(anonymous_10)","decl":{"start":{"line":267,"column":23},"end":{"line":267,"column":24}},"loc":{"start":{"line":267,"column":29},"end":{"line":269,"column":13}},"line":267},"11":{"name":"(anonymous_11)","decl":{"start":{"line":277,"column":33},"end":{"line":277,"column":34}},"loc":{"start":{"line":277,"column":38},"end":{"line":277,"column":47}},"line":277},"12":{"name":"(anonymous_12)","decl":{"start":{"line":287,"column":39},"end":{"line":287,"column":40}},"loc":{"start":{"line":287,"column":44},"end":{"line":287,"column":53}},"line":287},"13":{"name":"(anonymous_13)","decl":{"start":{"line":287,"column":59},"end":{"line":287,"column":60}},"loc":{"start":{"line":288,"column":20},"end":{"line":294,"column":22}},"line":288},"14":{"name":"(anonymous_14)","decl":{"start":{"line":308,"column":35},"end":{"line":308,"column":36}},"loc":{"start":{"line":308,"column":40},"end":{"line":308,"column":50}},"line":308},"15":{"name":"(anonymous_15)","decl":{"start":{"line":308,"column":56},"end":{"line":308,"column":57}},"loc":{"start":{"line":309,"column":16},"end":{"line":315,"column":18}},"line":309},"16":{"name":"(anonymous_16)","decl":{"start":{"line":342,"column":19},"end":{"line":342,"column":20}},"loc":{"start":{"line":342,"column":25},"end":{"line":346,"column":11}},"line":342},"17":{"name":"(anonymous_17)","decl":{"start":{"line":349,"column":21},"end":{"line":349,"column":22}},"loc":{"start":{"line":349,"column":37},"end":{"line":356,"column":11}},"line":349},"18":{"name":"(anonymous_18)","decl":{"start":{"line":357,"column":19},"end":{"line":357,"column":20}},"loc":{"start":{"line":357,"column":30},"end":{"line":363,"column":11}},"line":357}},"branchMap":{"0":{"loc":{"start":{"line":41,"column":4},"end":{"line":50,"column":5}},"type":"switch","locations":[{"start":{"line":42,"column":6},"end":{"line":43,"column":57}},{"start":{"line":44,"column":6},"end":{"line":45,"column":57}},{"start":{"line":46,"column":6},"end":{"line":47,"column":51}},{"start":{"line":48,"column":6},"end":{"line":49,"column":20}}],"line":41},"1":{"loc":{"start":{"line":60,"column":13},"end":{"line":68,"column":13}},"type":"cond-expr","locations":[{"start":{"line":61,"column":14},"end":{"line":65,"column":16}},{"start":{"line":67,"column":14},"end":{"line":67,"column":56}}],"line":60},"2":{"loc":{"start":{"line":78,"column":16},"end":{"line":82,"column":35}},"type":"cond-expr","locations":[{"start":{"line":79,"column":20},"end":{"line":79,"column":36}},{"start":{"line":80,"column":20},"end":{"line":82,"column":35}}],"line":78},"3":{"loc":{"start":{"line":80,"column":20},"end":{"line":82,"column":35}},"type":"cond-expr","locations":[{"start":{"line":81,"column":20},"end":{"line":81,"column":34}},{"start":{"line":82,"column":20},"end":{"line":82,"column":35}}],"line":80},"4":{"loc":{"start":{"line":84,"column":17},"end":{"line":86,"column":79}},"type":"cond-expr","locations":[{"start":{"line":84,"column":54},"end":{"line":84,"column":65}},{"start":{"line":85,"column":17},"end":{"line":86,"column":79}}],"line":84},"5":{"loc":{"start":{"line":85,"column":17},"end":{"line":86,"column":79}},"type":"cond-expr","locations":[{"start":{"line":85,"column":50},"end":{"line":85,"column":57}},{"start":{"line":86,"column":17},"end":{"line":86,"column":79}}],"line":85},"6":{"loc":{"start":{"line":86,"column":17},"end":{"line":86,"column":79}},"type":"cond-expr","locations":[{"start":{"line":86,"column":52},"end":{"line":86,"column":61}},{"start":{"line":86,"column":64},"end":{"line":86,"column":79}}],"line":86},"7":{"loc":{"start":{"line":95,"column":12},"end":{"line":99,"column":13}},"type":"if","locations":[{"start":{"line":95,"column":12},"end":{"line":99,"column":13}},{"start":{"line":97,"column":19},"end":{"line":99,"column":13}}],"line":95},"8":{"loc":{"start":{"line":102,"column":12},"end":{"line":104,"column":29}},"type":"cond-expr","locations":[{"start":{"line":103,"column":16},"end":{"line":103,"column":49}},{"start":{"line":104,"column":16},"end":{"line":104,"column":29}}],"line":102},"9":{"loc":{"start":{"line":109,"column":12},"end":{"line":111,"column":28}},"type":"cond-expr","locations":[{"start":{"line":110,"column":16},"end":{"line":110,"column":30}},{"start":{"line":111,"column":16},"end":{"line":111,"column":28}}],"line":109},"10":{"loc":{"start":{"line":113,"column":13},"end":{"line":113,"column":91}},"type":"cond-expr","locations":[{"start":{"line":113,"column":28},"end":{"line":113,"column":40}},{"start":{"line":113,"column":43},"end":{"line":113,"column":91}}],"line":113},"11":{"loc":{"start":{"line":113,"column":43},"end":{"line":113,"column":91}},"type":"cond-expr","locations":[{"start":{"line":113,"column":67},"end":{"line":113,"column":79}},{"start":{"line":113,"column":82},"end":{"line":113,"column":91}}],"line":113},"12":{"loc":{"start":{"line":124,"column":7},"end":{"line":130,"column":7}},"type":"binary-expr","locations":[{"start":{"line":124,"column":7},"end":{"line":124,"column":28}},{"start":{"line":124,"column":32},"end":{"line":124,"column":55}},{"start":{"line":125,"column":8},"end":{"line":129,"column":15}}],"line":124},"13":{"loc":{"start":{"line":133,"column":7},"end":{"line":156,"column":7}},"type":"binary-expr","locations":[{"start":{"line":133,"column":7},"end":{"line":133,"column":27}},{"start":{"line":133,"column":31},"end":{"line":133,"column":62}},{"start":{"line":134,"column":8},"end":{"line":155,"column":15}}],"line":133},"14":{"loc":{"start":{"line":149,"column":13},"end":{"line":153,"column":13}},"type":"binary-expr","locations":[{"start":{"line":149,"column":13},"end":{"line":149,"column":44}},{"start":{"line":150,"column":14},"end":{"line":152,"column":21}}],"line":149},"15":{"loc":{"start":{"line":207,"column":12},"end":{"line":209,"column":13}},"type":"if","locations":[{"start":{"line":207,"column":12},"end":{"line":209,"column":13}},{"start":{},"end":{}}],"line":207},"16":{"loc":{"start":{"line":234,"column":9},"end":{"line":241,"column":9}},"type":"binary-expr","locations":[{"start":{"line":234,"column":9},"end":{"line":234,"column":27}},{"start":{"line":235,"column":10},"end":{"line":240,"column":17}}],"line":234},"17":{"loc":{"start":{"line":238,"column":43},"end":{"line":238,"column":74}},"type":"cond-expr","locations":[{"start":{"line":238,"column":66},"end":{"line":238,"column":69}},{"start":{"line":238,"column":72},"end":{"line":238,"column":74}}],"line":238},"18":{"loc":{"start":{"line":274,"column":11},"end":{"line":334,"column":11}},"type":"cond-expr","locations":[{"start":{"line":275,"column":12},"end":{"line":317,"column":15}},{"start":{"line":320,"column":12},"end":{"line":333,"column":19}}],"line":274},"19":{"loc":{"start":{"line":277,"column":15},"end":{"line":297,"column":15}},"type":"binary-expr","locations":[{"start":{"line":277,"column":15},"end":{"line":277,"column":48}},{"start":{"line":278,"column":16},"end":{"line":296,"column":19}}],"line":277},"20":{"loc":{"start":{"line":339,"column":7},"end":{"line":365,"column":7}},"type":"binary-expr","locations":[{"start":{"line":339,"column":7},"end":{"line":339,"column":26}},{"start":{"line":340,"column":8},"end":{"line":364,"column":10}}],"line":339}},"s":{"0":0,"1":0,"2":0,"3":0,"4":0,"5":0,"6":0,"7":0,"8":0,"9":0,"10":0,"11":0,"12":0,"13":0,"14":0,"15":0,"16":0,"17":0,"18":0,"19":0,"20":0,"21":0,"22":0,"23":0,"24":0,"25":0,"26":0,"27":0,"28":0,"29":0,"30":0,"31":0,"32":0,"33":0,"34":0,"35":0,"36":0,"37":0,"38":0,"39":0,"40":0,"41":0,"42":0,"43":0,"44":0},"f":{"0":0,"1":0,"2":0,"3":0,"4":0,"5":0,"6":0,"7":0,"8":0,"9":0,"10":0,"11":0,"12":0,"13":0,"14":0,"15":0,"16":0,"17":0,"18":0},"b":{"0":[0,0,0,0],"1":[0,0],"2":[0,0],"3":[0,0],"4":[0,0],"5":[0,0],"6":[0,0],"7":[0,0],"8":[0,0],"9":[0,0],"10":[0,0],"11":[0,0],"12":[0,0,0],"13":[0,0,0],"14":[0,0],"15":[0,0],"16":[0,0],"17":[0,0],"18":[0,0],"19":[0,0],"20":[0,0]}}
,"/Users/alias/Downloads/haus-platform-main/backend/hono.ts": {"path":"/Users/alias/Downloads/haus-platform-main/backend/hono.ts","statementMap":{"0":{"start":{"line":8,"column":12},"end":{"line":8,"column":22}},"1":{"start":{"line":11,"column":0},"end":{"line":11,"column":21}},"2":{"start":{"line":14,"column":0},"end":{"line":21,"column":2}},"3":{"start":{"line":24,"column":0},"end":{"line":26,"column":3}},"4":{"start":{"line":25,"column":2},"end":{"line":25,"column":61}}},"fnMap":{"0":{"name":"(anonymous_0)","decl":{"start":{"line":24,"column":13},"end":{"line":24,"column":14}},"loc":{"start":{"line":24,"column":20},"end":{"line":26,"column":1}},"line":24}},"branchMap":{},"s":{"0":0,"1":0,"2":0,"3":0,"4":0},"f":{"0":0},"b":{}}
,"/Users/alias/Downloads/haus-platform-main/backend/config/haus-design-system.ts": {"path":"/Users/alias/Downloads/haus-platform-main/backend/config/haus-design-system.ts","statementMap":{"0":{"start":{"line":6,"column":34},"end":{"line":247,"column":1}},"1":{"start":{"line":253,"column":2},"end":{"line":352,"column":2}},"2":{"start":{"line":359,"column":23},"end":{"line":405,"column":3}},"3":{"start":{"line":407,"column":2},"end":{"line":407,"column":43}}},"fnMap":{"0":{"name":"generateHausSystemPrompt","decl":{"start":{"line":252,"column":16},"end":{"line":252,"column":40}},"loc":{"start":{"line":252,"column":51},"end":{"line":353,"column":1}},"line":252},"1":{"name":"getComponentInstructions","decl":{"start":{"line":358,"column":16},"end":{"line":358,"column":40}},"loc":{"start":{"line":358,"column":123},"end":{"line":408,"column":1}},"line":358}},"branchMap":{"0":{"loc":{"start":{"line":407,"column":9},"end":{"line":407,"column":42}},"type":"binary-expr","locations":[{"start":{"line":407,"column":9},"end":{"line":407,"column":36}},{"start":{"line":407,"column":40},"end":{"line":407,"column":42}}],"line":407}},"s":{"0":1,"1":4,"2":1,"3":1},"f":{"0":4,"1":1},"b":{"0":[1,0]},"_coverageSchema":"1a1c01bbd47fc00a2c39e90264f33305004495a9","hash":"a3eacb31ef6fad65874932f80d252d3aaf4f7f17"}
,"/Users/alias/Downloads/haus-platform-main/backend/services/pica.service.ts": {"path":"/Users/alias/Downloads/haus-platform-main/backend/services/pica.service.ts","statementMap":{"0":{"start":{"line":63,"column":4},"end":{"line":65,"column":5}},"1":{"start":{"line":64,"column":6},"end":{"line":64,"column":74}},"2":{"start":{"line":67,"column":4},"end":{"line":77,"column":7}},"3":{"start":{"line":87,"column":4},"end":{"line":106,"column":5}},"4":{"start":{"line":88,"column":20},"end":{"line":100,"column":8}},"5":{"start":{"line":102,"column":6},"end":{"line":102,"column":19}},"6":{"start":{"line":104,"column":6},"end":{"line":104,"column":60}},"7":{"start":{"line":105,"column":6},"end":{"line":105,"column":83}},"8":{"start":{"line":113,"column":4},"end":{"line":131,"column":5}},"9":{"start":{"line":114,"column":25},"end":{"line":114,"column":56}},"10":{"start":{"line":117,"column":6},"end":{"line":127,"column":10}},"11":{"start":{"line":117,"column":49},"end":{"line":127,"column":7}},"12":{"start":{"line":129,"column":6},"end":{"line":129,"column":67}},"13":{"start":{"line":130,"column":6},"end":{"line":130,"column":82}},"14":{"start":{"line":138,"column":4},"end":{"line":152,"column":5}},"15":{"start":{"line":139,"column":26},"end":{"line":139,"column":70}},"16":{"start":{"line":141,"column":6},"end":{"line":148,"column":10}},"17":{"start":{"line":141,"column":51},"end":{"line":148,"column":7}},"18":{"start":{"line":150,"column":6},"end":{"line":150,"column":61}},"19":{"start":{"line":151,"column":6},"end":{"line":151,"column":76}},"20":{"start":{"line":164,"column":4},"end":{"line":180,"column":5}},"21":{"start":{"line":165,"column":21},"end":{"line":174,"column":8}},"22":{"start":{"line":176,"column":6},"end":{"line":176,"column":20}},"23":{"start":{"line":178,"column":6},"end":{"line":178,"column":56}},"24":{"start":{"line":179,"column":6},"end":{"line":179,"column":96}},"25":{"start":{"line":187,"column":4},"end":{"line":195,"column":5}},"26":{"start":{"line":188,"column":6},"end":{"line":191,"column":9}},"27":{"start":{"line":193,"column":6},"end":{"line":193,"column":64}},"28":{"start":{"line":194,"column":6},"end":{"line":194,"column":76}},"29":{"start":{"line":206,"column":4},"end":{"line":231,"column":5}},"30":{"start":{"line":207,"column":24},"end":{"line":207,"column":34}},"31":{"start":{"line":210,"column":21},"end":{"line":215,"column":8}},"32":{"start":{"line":217,"column":22},"end":{"line":217,"column":44}},"33":{"start":{"line":219,"column":6},"end":{"line":223,"column":8}},"34":{"start":{"line":225,"column":6},"end":{"line":225,"column":57}},"35":{"start":{"line":226,"column":6},"end":{"line":230,"column":8}},"36":{"start":{"line":238,"column":4},"end":{"line":255,"column":5}},"37":{"start":{"line":241,"column":25},"end":{"line":241,"column":69}},"38":{"start":{"line":243,"column":6},"end":{"line":247,"column":8}},"39":{"start":{"line":249,"column":6},"end":{"line":249,"column":62}},"40":{"start":{"line":250,"column":6},"end":{"line":254,"column":8}},"41":{"start":{"line":262,"column":4},"end":{"line":289,"column":5}},"42":{"start":{"line":265,"column":26},"end":{"line":265,"column":75}},"43":{"start":{"line":267,"column":6},"end":{"line":275,"column":8}},"44":{"start":{"line":277,"column":6},"end":{"line":277,"column":70}},"45":{"start":{"line":278,"column":6},"end":{"line":288,"column":8}},"46":{"start":{"line":300,"column":4},"end":{"line":340,"column":5}},"47":{"start":{"line":303,"column":18},"end":{"line":303,"column":28}},"48":{"start":{"line":304,"column":39},"end":{"line":304,"column":41}},"49":{"start":{"line":306,"column":22},"end":{"line":306,"column":78}},"50":{"start":{"line":307,"column":24},"end":{"line":307,"column":60}},"51":{"start":{"line":309,"column":6},"end":{"line":327,"column":7}},"52":{"start":{"line":309,"column":19},"end":{"line":309,"column":30}},"53":{"start":{"line":310,"column":26},"end":{"line":310,"column":39}},"54":{"start":{"line":311,"column":8},"end":{"line":315,"column":9}},"55":{"start":{"line":312,"column":10},"end":{"line":312,"column":55}},"56":{"start":{"line":314,"column":10},"end":{"line":314,"column":53}},"57":{"start":{"line":317,"column":25},"end":{"line":317,"column":60}},"58":{"start":{"line":318,"column":31},"end":{"line":318,"column":75}},"59":{"start":{"line":320,"column":8},"end":{"line":326,"column":11}},"60":{"start":{"line":329,"column":22},"end":{"line":334,"column":7}},"61":{"start":{"line":330,"column":47},"end":{"line":330,"column":63}},"62":{"start":{"line":331,"column":52},"end":{"line":331,"column":78}},"63":{"start":{"line":332,"column":48},"end":{"line":332,"column":70}},"64":{"start":{"line":333,"column":48},"end":{"line":333,"column":70}},"65":{"start":{"line":336,"column":6},"end":{"line":336,"column":31}},"66":{"start":{"line":338,"column":6},"end":{"line":338,"column":56}},"67":{"start":{"line":339,"column":6},"end":{"line":339,"column":74}},"68":{"start":{"line":347,"column":4},"end":{"line":352,"column":5}},"69":{"start":{"line":348,"column":6},"end":{"line":348,"column":62}},"70":{"start":{"line":350,"column":6},"end":{"line":350,"column":63}},"71":{"start":{"line":351,"column":6},"end":{"line":351,"column":76}},"72":{"start":{"line":357,"column":48},"end":{"line":380,"column":5}},"73":{"start":{"line":382,"column":4},"end":{"line":382,"column":47}},"74":{"start":{"line":386,"column":30},"end":{"line":389,"column":5}},"75":{"start":{"line":391,"column":4},"end":{"line":391,"column":51}},"76":{"start":{"line":395,"column":49},"end":{"line":406,"column":5}},"77":{"start":{"line":408,"column":4},"end":{"line":408,"column":86}},"78":{"start":{"line":412,"column":4},"end":{"line":412,"column":35}},"79":{"start":{"line":412,"column":17},"end":{"line":412,"column":35}},"80":{"start":{"line":414,"column":29},"end":{"line":414,"column":60}},"81":{"start":{"line":416,"column":4},"end":{"line":418,"column":5}},"82":{"start":{"line":417,"column":6},"end":{"line":417,"column":22}},"83":{"start":{"line":420,"column":4},"end":{"line":422,"column":5}},"84":{"start":{"line":421,"column":6},"end":{"line":421,"column":21}},"85":{"start":{"line":424,"column":4},"end":{"line":424,"column":22}}},"fnMap":{"0":{"name":"(anonymous_0)","decl":{"start":{"line":62,"column":2},"end":{"line":62,"column":3}},"loc":{"start":{"line":62,"column":16},"end":{"line":78,"column":3}},"line":62},"1":{"name":"(anonymous_1)","decl":{"start":{"line":83,"column":2},"end":{"line":83,"column":3}},"loc":{"start":{"line":86,"column":21},"end":{"line":107,"column":3}},"line":86},"2":{"name":"(anonymous_2)","decl":{"start":{"line":112,"column":2},"end":{"line":112,"column":3}},"loc":{"start":{"line":112,"column":63},"end":{"line":132,"column":3}},"line":112},"3":{"name":"(anonymous_3)","decl":{"start":{"line":117,"column":28},"end":{"line":117,"column":29}},"loc":{"start":{"line":117,"column":49},"end":{"line":127,"column":7}},"line":117},"4":{"name":"(anonymous_4)","decl":{"start":{"line":137,"column":2},"end":{"line":137,"column":3}},"loc":{"start":{"line":137,"column":70},"end":{"line":153,"column":3}},"line":137},"5":{"name":"(anonymous_5)","decl":{"start":{"line":141,"column":29},"end":{"line":141,"column":30}},"loc":{"start":{"line":141,"column":51},"end":{"line":148,"column":7}},"line":141},"6":{"name":"(anonymous_6)","decl":{"start":{"line":158,"column":2},"end":{"line":158,"column":3}},"loc":{"start":{"line":163,"column":18},"end":{"line":181,"column":3}},"line":163},"7":{"name":"(anonymous_7)","decl":{"start":{"line":186,"column":2},"end":{"line":186,"column":3}},"loc":{"start":{"line":186,"column":83},"end":{"line":196,"column":3}},"line":186},"8":{"name":"(anonymous_8)","decl":{"start":{"line":201,"column":2},"end":{"line":201,"column":3}},"loc":{"start":{"line":205,"column":5},"end":{"line":232,"column":3}},"line":205},"9":{"name":"(anonymous_9)","decl":{"start":{"line":237,"column":2},"end":{"line":237,"column":3}},"loc":{"start":{"line":237,"column":90},"end":{"line":256,"column":3}},"line":237},"10":{"name":"(anonymous_10)","decl":{"start":{"line":261,"column":2},"end":{"line":261,"column":3}},"loc":{"start":{"line":261,"column":98},"end":{"line":290,"column":3}},"line":261},"11":{"name":"(anonymous_11)","decl":{"start":{"line":295,"column":2},"end":{"line":295,"column":3}},"loc":{"start":{"line":299,"column":25},"end":{"line":341,"column":3}},"line":299},"12":{"name":"(anonymous_12)","decl":{"start":{"line":330,"column":35},"end":{"line":330,"column":36}},"loc":{"start":{"line":330,"column":47},"end":{"line":330,"column":63}},"line":330},"13":{"name":"(anonymous_13)","decl":{"start":{"line":331,"column":40},"end":{"line":331,"column":41}},"loc":{"start":{"line":331,"column":52},"end":{"line":331,"column":78}},"line":331},"14":{"name":"(anonymous_14)","decl":{"start":{"line":332,"column":36},"end":{"line":332,"column":37}},"loc":{"start":{"line":332,"column":48},"end":{"line":332,"column":70}},"line":332},"15":{"name":"(anonymous_15)","decl":{"start":{"line":333,"column":36},"end":{"line":333,"column":37}},"loc":{"start":{"line":333,"column":48},"end":{"line":333,"column":70}},"line":333},"16":{"name":"(anonymous_16)","decl":{"start":{"line":346,"column":2},"end":{"line":346,"column":3}},"loc":{"start":{"line":346,"column":63},"end":{"line":353,"column":3}},"line":346},"17":{"name":"(anonymous_17)","decl":{"start":{"line":356,"column":2},"end":{"line":356,"column":3}},"loc":{"start":{"line":356,"column":59},"end":{"line":383,"column":3}},"line":356},"18":{"name":"(anonymous_18)","decl":{"start":{"line":385,"column":2},"end":{"line":385,"column":3}},"loc":{"start":{"line":385,"column":59},"end":{"line":392,"column":3}},"line":385},"19":{"name":"(anonymous_19)","decl":{"start":{"line":394,"column":2},"end":{"line":394,"column":3}},"loc":{"start":{"line":394,"column":62},"end":{"line":409,"column":3}},"line":394},"20":{"name":"(anonymous_20)","decl":{"start":{"line":411,"column":2},"end":{"line":411,"column":3}},"loc":{"start":{"line":411,"column":82},"end":{"line":425,"column":3}},"line":411}},"branchMap":{"0":{"loc":{"start":{"line":63,"column":4},"end":{"line":65,"column":5}},"type":"if","locations":[{"start":{"line":63,"column":4},"end":{"line":65,"column":5}},{"start":{},"end":{}}],"line":63},"1":{"loc":{"start":{"line":68,"column":17},"end":{"line":68,"column":72}},"type":"binary-expr","locations":[{"start":{"line":68,"column":17},"end":{"line":68,"column":44}},{"start":{"line":68,"column":48},"end":{"line":68,"column":72}}],"line":68},"2":{"loc":{"start":{"line":119,"column":14},"end":{"line":119,"column":70}},"type":"binary-expr","locations":[{"start":{"line":119,"column":14},"end":{"line":119,"column":28}},{"start":{"line":119,"column":32},"end":{"line":119,"column":54}},{"start":{"line":119,"column":58},"end":{"line":119,"column":70}}],"line":119},"3":{"loc":{"start":{"line":120,"column":21},"end":{"line":120,"column":102}},"type":"binary-expr","locations":[{"start":{"line":120,"column":21},"end":{"line":120,"column":42}},{"start":{"line":120,"column":46},"end":{"line":120,"column":102}}],"line":120},"4":{"loc":{"start":{"line":120,"column":62},"end":{"line":120,"column":92}},"type":"binary-expr","locations":[{"start":{"line":120,"column":62},"end":{"line":120,"column":76}},{"start":{"line":120,"column":80},"end":{"line":120,"column":92}}],"line":120},"5":{"loc":{"start":{"line":121,"column":14},"end":{"line":121,"column":50}},"type":"binary-expr","locations":[{"start":{"line":121,"column":14},"end":{"line":121,"column":28}},{"start":{"line":121,"column":32},"end":{"line":121,"column":50}}],"line":121},"6":{"loc":{"start":{"line":124,"column":18},"end":{"line":124,"column":79}},"type":"binary-expr","locations":[{"start":{"line":124,"column":18},"end":{"line":124,"column":36}},{"start":{"line":124,"column":40},"end":{"line":124,"column":79}}],"line":124},"7":{"loc":{"start":{"line":125,"column":17},"end":{"line":125,"column":40}},"type":"binary-expr","locations":[{"start":{"line":125,"column":17},"end":{"line":125,"column":34}},{"start":{"line":125,"column":38},"end":{"line":125,"column":40}}],"line":125},"8":{"loc":{"start":{"line":126,"column":22},"end":{"line":126,"column":50}},"type":"binary-expr","locations":[{"start":{"line":126,"column":22},"end":{"line":126,"column":44}},{"start":{"line":126,"column":48},"end":{"line":126,"column":50}}],"line":126},"9":{"loc":{"start":{"line":143,"column":19},"end":{"line":143,"column":66}},"type":"binary-expr","locations":[{"start":{"line":143,"column":19},"end":{"line":143,"column":39}},{"start":{"line":143,"column":43},"end":{"line":143,"column":66}}],"line":143},"10":{"loc":{"start":{"line":145,"column":21},"end":{"line":145,"column":97}},"type":"binary-expr","locations":[{"start":{"line":145,"column":21},"end":{"line":145,"column":42}},{"start":{"line":145,"column":46},"end":{"line":145,"column":69}},{"start":{"line":145,"column":73},"end":{"line":145,"column":97}}],"line":145},"11":{"loc":{"start":{"line":147,"column":18},"end":{"line":147,"column":43}},"type":"binary-expr","locations":[{"start":{"line":147,"column":18},"end":{"line":147,"column":37}},{"start":{"line":147,"column":41},"end":{"line":147,"column":43}}],"line":147},"12":{"loc":{"start":{"line":244,"column":16},"end":{"line":244,"column":69}},"type":"cond-expr","locations":[{"start":{"line":244,"column":50},"end":{"line":244,"column":59}},{"start":{"line":244,"column":62},"end":{"line":244,"column":69}}],"line":244},"13":{"loc":{"start":{"line":246,"column":15},"end":{"line":246,"column":83}},"type":"cond-expr","locations":[{"start":{"line":246,"column":47},"end":{"line":246,"column":71}},{"start":{"line":246,"column":74},"end":{"line":246,"column":83}}],"line":246},"14":{"loc":{"start":{"line":298,"column":4},"end":{"line":298,"column":48}},"type":"default-arg","locations":[{"start":{"line":298,"column":42},"end":{"line":298,"column":48}}],"line":298},"15":{"loc":{"start":{"line":306,"column":22},"end":{"line":306,"column":78}},"type":"cond-expr","locations":[{"start":{"line":306,"column":44},"end":{"line":306,"column":46}},{"start":{"line":306,"column":49},"end":{"line":306,"column":78}}],"line":306},"16":{"loc":{"start":{"line":306,"column":49},"end":{"line":306,"column":78}},"type":"cond-expr","locations":[{"start":{"line":306,"column":72},"end":{"line":306,"column":73}},{"start":{"line":306,"column":76},"end":{"line":306,"column":78}}],"line":306},"17":{"loc":{"start":{"line":307,"column":24},"end":{"line":307,"column":60}},"type":"cond-expr","locations":[{"start":{"line":307,"column":46},"end":{"line":307,"column":52}},{"start":{"line":307,"column":55},"end":{"line":307,"column":60}}],"line":307},"18":{"loc":{"start":{"line":311,"column":8},"end":{"line":315,"column":9}},"type":"if","locations":[{"start":{"line":311,"column":8},"end":{"line":315,"column":9}},{"start":{"line":313,"column":15},"end":{"line":315,"column":9}}],"line":311},"19":{"loc":{"start":{"line":382,"column":11},"end":{"line":382,"column":46}},"type":"binary-expr","locations":[{"start":{"line":382,"column":11},"end":{"line":382,"column":35}},{"start":{"line":382,"column":39},"end":{"line":382,"column":46}}],"line":382},"20":{"loc":{"start":{"line":408,"column":11},"end":{"line":408,"column":85}},"type":"binary-expr","locations":[{"start":{"line":408,"column":11},"end":{"line":408,"column":34}},{"start":{"line":408,"column":38},"end":{"line":408,"column":85}}],"line":408},"21":{"loc":{"start":{"line":412,"column":4},"end":{"line":412,"column":35}},"type":"if","locations":[{"start":{"line":412,"column":4},"end":{"line":412,"column":35}},{"start":{},"end":{}}],"line":412},"22":{"loc":{"start":{"line":416,"column":4},"end":{"line":418,"column":5}},"type":"if","locations":[{"start":{"line":416,"column":4},"end":{"line":418,"column":5}},{"start":{},"end":{}}],"line":416},"23":{"loc":{"start":{"line":420,"column":4},"end":{"line":422,"column":5}},"type":"if","locations":[{"start":{"line":420,"column":4},"end":{"line":422,"column":5}},{"start":{},"end":{}}],"line":420}},"s":{"0":0,"1":0,"2":0,"3":0,"4":0,"5":0,"6":0,"7":0,"8":0,"9":0,"10":0,"11":0,"12":0,"13":0,"14":0,"15":0,"16":0,"17":0,"18":0,"19":0,"20":0,"21":0,"22":0,"23":0,"24":0,"25":0,"26":0,"27":0,"28":0,"29":0,"30":0,"31":0,"32":0,"33":0,"34":0,"35":0,"36":0,"37":0,"38":0,"39":0,"40":0,"41":0,"42":0,"43":0,"44":0,"45":0,"46":0,"47":0,"48":0,"49":0,"50":0,"51":0,"52":0,"53":0,"54":0,"55":0,"56":0,"57":0,"58":0,"59":0,"60":0,"61":0,"62":0,"63":0,"64":0,"65":0,"66":0,"67":0,"68":0,"69":0,"70":0,"71":0,"72":0,"73":0,"74":0,"75":0,"76":0,"77":0,"78":0,"79":0,"80":0,"81":0,"82":0,"83":0,"84":0,"85":0},"f":{"0":0,"1":0,"2":0,"3":0,"4":0,"5":0,"6":0,"7":0,"8":0,"9":0,"10":0,"11":0,"12":0,"13":0,"14":0,"15":0,"16":0,"17":0,"18":0,"19":0,"20":0},"b":{"0":[0,0],"1":[0,0],"2":[0,0,0],"3":[0,0],"4":[0,0],"5":[0,0],"6":[0,0],"7":[0,0],"8":[0,0],"9":[0,0],"10":[0,0,0],"11":[0,0],"12":[0,0],"13":[0,0],"14":[0],"15":[0,0],"16":[0,0],"17":[0,0],"18":[0,0],"19":[0,0],"20":[0,0],"21":[0,0],"22":[0,0],"23":[0,0]}}
,"/Users/alias/Downloads/haus-platform-main/backend/services/v0.service.ts": {"path":"/Users/alias/Downloads/haus-platform-main/backend/services/v0.service.ts","statementMap":{"0":{"start":{"line":87,"column":19},"end":{"line":87,"column":41}},"1":{"start":{"line":88,"column":4},"end":{"line":90,"column":5}},"2":{"start":{"line":89,"column":6},"end":{"line":89,"column":69}},"3":{"start":{"line":92,"column":4},"end":{"line":92,"column":25}},"4":{"start":{"line":93,"column":4},"end":{"line":93,"column":71}},"5":{"start":{"line":100,"column":4},"end":{"line":130,"column":5}},"6":{"start":{"line":102,"column":31},"end":{"line":102,"column":57}},"7":{"start":{"line":103,"column":29},"end":{"line":103,"column":163}},"8":{"start":{"line":105,"column":23},"end":{"line":119,"column":8}},"9":{"start":{"line":121,"column":6},"end":{"line":124,"column":7}},"10":{"start":{"line":122,"column":26},"end":{"line":122,"column":65}},"11":{"start":{"line":122,"column":61},"end":{"line":122,"column":63}},"12":{"start":{"line":123,"column":8},"end":{"line":123,"column":106}},"13":{"start":{"line":126,"column":6},"end":{"line":126,"column":35}},"14":{"start":{"line":128,"column":6},"end":{"line":128,"column":49}},"15":{"start":{"line":129,"column":6},"end":{"line":129,"column":70}},"16":{"start":{"line":137,"column":4},"end":{"line":184,"column":5}},"17":{"start":{"line":139,"column":32},"end":{"line":139,"column":77}},"18":{"start":{"line":140,"column":31},"end":{"line":140,"column":57}},"19":{"start":{"line":141,"column":36},"end":{"line":141,"column":79}},"20":{"start":{"line":143,"column":34},"end":{"line":143,"column":304}},"21":{"start":{"line":145,"column":23},"end":{"line":161,"column":8}},"22":{"start":{"line":163,"column":6},"end":{"line":166,"column":7}},"23":{"start":{"line":164,"column":26},"end":{"line":164,"column":65}},"24":{"start":{"line":164,"column":61},"end":{"line":164,"column":63}},"25":{"start":{"line":165,"column":8},"end":{"line":165,"column":116}},"26":{"start":{"line":168,"column":19},"end":{"line":168,"column":40}},"27":{"start":{"line":170,"column":6},"end":{"line":180,"column":8}},"28":{"start":{"line":182,"column":6},"end":{"line":182,"column":58}},"29":{"start":{"line":183,"column":6},"end":{"line":183,"column":72}},"30":{"start":{"line":191,"column":4},"end":{"line":244,"column":5}},"31":{"start":{"line":192,"column":31},"end":{"line":192,"column":57}},"32":{"start":{"line":193,"column":33},"end":{"line":193,"column":87}},"33":{"start":{"line":195,"column":29},"end":{"line":195,"column":270}},"34":{"start":{"line":197,"column":23},"end":{"line":214,"column":8}},"35":{"start":{"line":216,"column":6},"end":{"line":219,"column":7}},"36":{"start":{"line":217,"column":26},"end":{"line":217,"column":65}},"37":{"start":{"line":217,"column":61},"end":{"line":217,"column":63}},"38":{"start":{"line":218,"column":8},"end":{"line":218,"column":113}},"39":{"start":{"line":221,"column":19},"end":{"line":221,"column":40}},"40":{"start":{"line":223,"column":6},"end":{"line":240,"column":8}},"41":{"start":{"line":242,"column":6},"end":{"line":242,"column":55}},"42":{"start":{"line":243,"column":6},"end":{"line":243,"column":69}},"43":{"start":{"line":257,"column":4},"end":{"line":264,"column":5}},"44":{"start":{"line":260,"column":6},"end":{"line":260,"column":16}},"45":{"start":{"line":262,"column":6},"end":{"line":262,"column":61}},"46":{"start":{"line":263,"column":6},"end":{"line":263,"column":76}},"47":{"start":{"line":278,"column":4},"end":{"line":304,"column":5}},"48":{"start":{"line":279,"column":23},"end":{"line":285,"column":8}},"49":{"start":{"line":287,"column":6},"end":{"line":289,"column":7}},"50":{"start":{"line":288,"column":8},"end":{"line":288,"column":35}},"51":{"start":{"line":291,"column":19},"end":{"line":291,"column":40}},"52":{"start":{"line":293,"column":6},"end":{"line":300,"column":8}},"53
[...]
,"/Users/alias/Downloads/haus-platform-main/utils/secureStorage.ts": {"path":"/Users/alias/Downloads/haus-platform-main/utils/secureStorage.ts","statementMap":{"0":{"start":{"line":15,"column":43},"end":{"line":15,"column":60}},"1":{"start":{"line":16,"column":50},"end":{"line":16,"column":74}},"2":{"start":{"line":17,"column":46},"end":{"line":17,"column":66}},"3":{"start":{"line":18,"column":43},"end":{"line":18,"column":55}},"4":{"start":{"line":22,"column":15},"end":{"line":22,"column":66}},"5":{"start":{"line":23,"column":4},"end":{"line":29,"column":5}},"6":{"start":{"line":24,"column":6},"end":{"line":27,"column":8}},"7":{"start":{"line":28,"column":6},"end":{"line":28,"column":64}},"8":{"start":{"line":30,"column":4},"end":{"line":30,"column":16}},"9":{"start":{"line":35,"column":17},"end":{"line":35,"column":45}},"10":{"start":{"line":37,"column":22},"end":{"line":37,"column":65}},"11":{"start":{"line":38,"column":4},"end":{"line":38,"column":21}},"12":{"start":{"line":43,"column":17},"end":{"line":43,"column":45}},"13":{"start":{"line":44,"column":4},"end":{"line":50,"column":5}},"14":{"start":{"line":45,"column":24},"end":{"line":45,"column":71}},"15":{"start":{"line":46,"column":6},"end":{"line":46,"column":41}},"16":{"start":{"line":48,"column":6},"end":{"line":48,"column":54}},"17":{"start":{"line":49,"column":6},"end":{"line":49,"column":48}},"18":{"start":{"line":59,"column":4},"end":{"line":77,"column":5}},"19":{"start":{"line":60,"column":35},"end":{"line":64,"column":7}},"20":{"start":{"line":66,"column":28},"end":{"line":66,"column":77}},"21":{"start":{"line":67,"column":6},"end":{"line":67,"column":73}},"22":{"start":{"line":70,"column":6},"end":{"line":73,"column":7}},"23":{"start":{"line":71,"column":33},"end":{"line":71,"column":69}},"24":{"start":{"line":72,"column":8},"end":{"line":72,"column":81}},"25":{"start":{"line":75,"column":6},"end":{"line":75,"column":58}},"26":{"start":{"line":76,"column":6},"end":{"line":76,"column":71}},"27":{"start":{"line":81,"column":4},"end":{"line":99,"column":5}},"28":{"start":{"line":82,"column":28},"end":{"line":82,"column":79}},"29":{"start":{"line":83,"column":6},"end":{"line":83,"column":38}},"30":{"start":{"line":83,"column":26},"end":{"line":83,"column":38}},"31":{"start":{"line":85,"column":28},"end":{"line":85,"column":65}},"32":{"start":{"line":86,"column":35},"end":{"line":86,"column":60}},"33":{"start":{"line":89,"column":6},"end":{"line":93,"column":7}},"34":{"start":{"line":91,"column":26},"end":{"line":91,"column":55}},"35":{"start":{"line":92,"column":8},"end":{"line":92,"column":25}},"36":{"start":{"line":95,"column":6},"end":{"line":95,"column":29}},"37":{"start":{"line":97,"column":6},"end":{"line":97,"column":61}},"38":{"start":{"line":98,"column":6},"end":{"line":98,"column":18}},"39":{"start":{"line":103,"column":4},"end":{"line":111,"column":5}},"40":{"start":{"line":104,"column":31},"end":{"line":104,"column":85}},"41":{"start":{"line":105,"column":6},"end":{"line":105,"column":41}},"42":{"start":{"line":105,"column":29},"end":{"line":105,"column":41}},"43":{"start":{"line":107,"column":6},"end":{"line":107,"column":54}},"44":{"start":{"line":109,"column":6},"end":{"line":109,"column":64}},"45":{"start":{"line":110,"column":6},"end":{"line":110,"column":18}},"46":{"start":{"line":115,"column":4},"end":{"line":130,"column":5}},"47":{"start":{"line":116,"column":27},"end":{"line":116,"column":55}},"48":{"start":{"line":117,"column":6},"end":{"line":120,"column":7}},"49":{"start":{"line":118,"column":8},"end":{"line":118,"column":37}},"50":{"start":{"line":119,"column":8},"end":{"line":119,"column":20}},"51":{"start":{"line":124,"column":6},"end":{"line":124,"column":35}},"52":{"start":{"line":125,"column":6},"end":{"line":125,"column":18}},"53":{"start":{"line":127,"column":6},"end":{"line":127,"column":60}},"54":{"start":{"line":128,"column":6},"end":{"line":128,"column":35}},"55":{"start":{"line":129,"column":6},"end":{"line":129,"column":18}},"56":{"start":{"line":134,"column":4},"end":{"line":144,"column":5}},"57":{"start":{"line":135,"column":28},"end":{"line":135,"column":79}},"58":{"start":{"line":136,"column":6},"end":{"line":136,"column":38}},"59":{"start":{"line":136,"column":26},"end":{"line":136,"column":38}},"60":{"start":{"line":138,"column":28},"end":{"line":138,"column":65}},"61":{"start":{"line":139,"column":35},"end":{"line":139,"column":60}},"62":{"start":{"line":141,"column":6},"end":{"line":141,"column":47}},"63":{"start":{"line":143,"column":6},"end":{"line":143,"column":18}},"64":{"start":{"line":148,"column":4},"end":{"line":155,"column":5}},"65":{"start":{"line":149,"column":6},"end":{"line":152,"column":9}},"66":{"start":{"line":154,"column":6},"end":{"line":154,"column":59}},"67":{"start":{"line":160,"column":4},"end":{"line":166,"column":5}},"68":{"start":{"line":161,"column":30},"end":{"line":161,"column":76}},"69":{"start":{"line":162,"column":6},"end":{"line":162,"column":82}},"70":{"start":{"line":164,"column":6},"end":{"line":164,"column":65}},"71":{"start":{"line":165,"column":6},"end":{"line":165,"column":68}},"72":{"start":{"line":170,"column":4},"end":{"line":194,"column":5}},"73":{"start":{"line":171,"column":30},"end":{"line":171,"column":88}},"74":{"start":{"line":172,"column":6},"end":{"line":172,"column":38}},"75":{"start":{"line":172,"column":28},"end":{"line":172,"column":38}},"76":{"start":{"line":174,"column":30},"end":{"line":174,"column":69}},"77":{"start":{"line":175,"column":39},"end":{"line":175,"column":66}},"78":{"start":{"line":178,"column":44},"end":{"line":178,"column":46}},"79":{"start":{"line":179,"column":6},"end":{"line":183,"column":7}},"80":{"start":{"line":180,"column":8},"end":{"line":182,"column":9}},"81":{"start":{"line":181,"column":10},"end":{"line":181,"column":49}},"82":{"start":{"line":186,"column":6},"end":{"line":188,"column":7}},"83":{"start":{"line":187,"column":8},"end":{"line":187,"column":54}},"84":{"start":{"line":190,"column":6},"end":{"line":190,"column":25}},"85":{"start":{"line":192,"column":6},"end":{"line":192,"column":68}},"86":{"start":{"line":193,"column":6},"end":{"line":193,"column":16}},"87":{"start":{"line":198,"column":4},"end":{"line":210,"column":5}},"88":{"start":{"line":199,"column":21},"end":{"line":199,"column":53}},"89":{"start":{"line":200,"column":24},"end":{"line":200,"column":45}},"90":{"start":{"line":202,"column":6},"end":{"line":204,"column":7}},"91":{"start":{"line":203,"column":8},"end":{"line":203,"column":20}},"92":{"start":{"line":206,"column":6},"end":{"line":206,"column":29}},"93":{"start":{"line":208,"column":6},"end":{"line":208,"column":62}},"94":{"start":{"line":209,"column":6},"end":{"line":209,"column":18}},"95":{"start":{"line":218,"column":4},"end":{"line":228,"column":5}},"96":{"start":{"line":219,"column":21},"end":{"line":219,"column":53}},"97":{"start":{"line":220,"column":6},"end":{"line":223,"column":8}},"98":{"start":{"line":224,"column":6},"end":{"line":224,"column":47}},"99":{"start":{"line":226,"column":6},"end":{"line":226,"column":64}},"100":{"start":{"line":227,"column":6},"end":{"line":227,"column":67}},"101":{"start":{"line":232,"column":4},"end":{"line":238,"column":5}},"102":{"start":{"line":233,"column":21},"end":{"line":233,"column":53}},"103":{"start":{"line":234,"column":6},"end":{"line":234,"column":35}},"104":{"start":{"line":235,"column":6},"end":{"line":235,"column":47}},"105":{"start":{"line":237,"column":6},"end":{"line":237,"column":65}},"106":{"start":{"line":242,"column":4},"end":{"line":246,"column":5}},"107":{"start":{"line":243,"column":6},"end":{"line":243,"column":68}},"108":{"start":{"line":245,"column":6},"end":{"line":245,"column":70}},"109":{"start":{"line":251,"column":4},"end":{"line":259,"column":5}},"110":{"start":{"line":252,"column":6},"end":{"line":256,"column":9}},"111":{"start":{"line":258,"column":6},"end":{"line":258,"column":58}},"112":{"start":{"line":267,"column":4},"end":{"line":284,"column":5}},"113":{"start":{"line":268,"column":27},"end":{"line":268,"column":82}},"114":{"start":{"line":269,"column":31},"end":{"line":269,"column":58}},"115":{"start":{"line":270,"column":31},"end":{"line":270,"column":63}},"116":{"start":{"line":272,"column":6},"end":{"line":276,"column":8}},"117":{"start":{"line":278,"column":6},"end":{"line":278,"column":56}},"118":{"start":{"line":279,"column":6},"end":{"line":283,"column":8}},"119":{"start":{"line":289,"column":4},"end":{"line":303,"column":5}},"120":{"start":{"line":290,"column":24},"end":{"line":290,"column":49}},"121":{"start":{"line":291,"column":31},"end":{"line":291,"column":63}},"122":{"start":{"line":294,"column":24},"end":{"line":294,"column":93}},"123":{"start":{"line":295,"column":31},"end":{"line":297,"column":7}},"124":{"start":{"line":296,"column":17},"end":{"line":296,"column":74}},"125":{"start":{"line":299,"column":6},"end":{"line":299,"column":43}},"126":{"start":{"line":301,"column":6},"end":{"line":301,"column":65}},"127":{"start":{"line":302,"column":6},"end":{"line":302,"column":19}},"128":{"start":{"line":307,"column":4},"end":{"line":327,"column":5}},"129":{"start":{"line":309,"column":24},"end":{"line":309,"column":49}},"130":{"start":{"line":310,"column":31},"end":{"line":310,"column":63}},"131":{"start":{"line":313,"column":6},"end":{"line":313,"column":61}},"132":{"start":{"line":316,"column":6},"end":{"line":319,"column":7}},"133":{"start":{"line":317,"column":29},"end":{"line":317,"column":57}},"134":{"start":{"line":318,"column":8},"end":{"line":318,"column":78}},"135":{"start":{"line":321,"column":6},"end":{"line":323,"column":7}},"136":{"start":{"line":322,"column":8},"end":{"line":322,"column":59}},"137":{"start":{"line":325,"column":6},"end":{"line":325,"column":64}},"138":{"start":{"line":326,"column":6},"end":{"line":326,"column":58}}},"fnMap":{"0":{"name":"(anonymous_0)","decl":{"start":{"line":21,"column":2},"end":{"line":21,"column":3}},"loc":{"start":{"line":21,"column":58},"end":{"line":31,"column":3}},"line":21},"1":{"name":"(anonymous_1)","decl":{"start":{"line":34,"column":2},"end":{"line":34,"column":3}},"loc":{"start":{"line":34,"column":66},"end":{"line":39,"column":3}},"line":34},"2":{"name":"(anonymous_2)","decl":{"start":{"line":42,"column":2},"end":{"line":42,"column":3}},"loc":{"start":{"line":42,"column":75},"end":{"line":51,"column":3}},"line":42},"3":{"name":"(anonymous_3)","decl":{"start":{"line":54,"column":2},"end":{"line":54,"column":3}},"loc":{"start":{"line":58,"column":19},"end":{"line":78,"column":3}},"line":58},"4":{"name":"(anonymous_4)","decl":{"start":{"line":80,"column":2},"end":{"line":80,"column":3}},"loc":{"start":{"line":80,"column":54},"end":{"line":100,"column":3}},"line":80},"5":{"name":"(anonymous_5)","decl":{"start":{"line":102,"column":2},"end":{"line":102,"column":3}},"loc":{"start":{"line":102,"column":57},"end":{"line":112,"column":3}},"line":102},"6":{"name":"(anonymous_6)","decl":{"start":{"line":114,"column":2},"end":{"line":114,"column":3}},"loc":{"start":{"line":114,"column":58},"end":{"line":131,"column":3}},"line":114},"7":{"name":"(anonymous_7)","decl":{"start":{"line":133,"column":2},"end":{"line":133,"column":3}},"loc":{"start":{"line":133,"column":50},"end":{"line":145,"column":3}},"line":133},"8":{"name":"(anonymous_8)","decl":{"start":{"line":147,"column":2},"end":{"line":147,"column":3}},"loc":{"start":{"line":147,"column":48},"end":{"line":156,"column":3}},"line":147},"9":{"name":"(anonymous_9)","decl":{"start":{"line":159,"column":2},"end":{"line":159,"column":3}},"loc":{"start":{"line":159,"column":78},"end":{"line":167,"column":3}},"line":159},"10":{"name":"(anonymous_10)","decl":{"start":{"line":169,"column":2},"end":{"line":169,"column":3}},"loc":{"start":{"line":169,"column":64},"end":{"line":195,"column":3}},"line":169},"11":{"name":"(anonymous_11)","decl":{"start":{"line":197,"column":2},"end":{"line":197,"column":3}},"loc":{"start":{"line":197,"column":81},"end":{"line":211,"column":3}},"line":197},"12":{"name":"(anonymous_12)","decl":{"start":{"line":213,"column":2},"end":{"line":213,"column":3}},"loc":{"start":{"line":217,"column":19},"end":{"line":229,"column":3}},"line":217},"13":{"name":"(anonymous_13)","decl":{"start":{"line":231,"column":2},"end":{"line":231,"column":3}},"loc":{"start":{"line":231,"column":75},"end":{"line":239,"column":3}},"line":231},"14":{"name":"(anonymous_14)","decl":{"start":{"line":241,"column":2},"end":{"line":241,"column":3}},"loc":{"start":{"line":241,"column":58},"end":{"line":247,"column":3}},"line":241},"15":{"name":"(anonymous_15)","decl":{"start":{"line":250,"column":2},"end":{"line":250,"column":3}},"loc":{"start":{"line":250,"column":47},"end":{"line":260,"column":3}},"line":250},"16":{"name":"(anonymous_16)","decl":{"start":{"line":262,"column":2},"end":{"line":262,"column":3}},"loc":{"start":{"line":266,"column":5},"end":{"line":285,"column":3}},"line":266},"17":{"name":"(anonymous_17)","decl":{"start":{"line":288,"column":2},"end":{"line":288,"column":3}},"loc":{"start":{"line":288,"column":58},"end":{"line":304,"column":3}},"line":288},"18":{"name":"(anonymous_18)","decl":{"start":{"line":296,"column":8},"end":{"line":296,"column":9}},"loc":{"start":{"line":296,"column":17},"end":{"line":296,"column":74}},"line":296},"19":{"name":"(anonymous_19)","decl":{"start":{"line":306,"column":2},"end":{"line":306,"column":3}},"loc":{"start":{"line":306,"column":53},"end":{"line":328,"column":3}},"line":306}},"branchMap":{"0":{"loc":{"start":{"line":23,"column":4},"end":{"line":29,"column":5}},"type":"if","locations":[{"start":{"line":23,"column":4},"end":{"line":29,"column":5}},{"start":{},"end":{}}],"line":23},"1":{"loc":{"start":{"line":56,"column":4},"end":{"line":56,"column":28}},"type":"default-arg","locations":[{"start":{"line":56,"column":24},"end":{"line":56,"column":28}}],"line":56},"2":{"loc":{"start":{"line":70,"column":6},"end":{"line":73,"column":7}},"type":"if","locations":[{"start":{"line":70,"column":6},"end":{"line":73,"column":7}},{"start":{},"end":{}}],"line":70},"3":{"loc":{"start":{"line":83,"column":6},"end":{"line":83,"column":38}},"type":"if","locations":[{"start":{"line":83,"column":6},"end":{"line":83,"column":38}},{"start":{},"end":{}}],"line":83},"4":{"loc":{"start":{"line":89,"column":6},"end":{"line":93,"column":7}},"type":"if","locations":[{"start":{"line":89,"column":6},"end":{"line":93,"column":7}},{"start":{},"end":{}}],"line":89},"5":{"loc":{"start":{"line":105,"column":6},"end":{"line":105,"column":41}},"type":"if","locations":[{"start":{"line":105,"column":6},"end":{"line":105,"column":41}},{"start":{},"end":{}}],"line":105},"6":{"loc":{"start":{"line":117,"column":6},"end":{"line":120,"column":7}},"type":"if","locations":[{"start":{"line":117,"column":6},"end":{"line":120,"column":7}},{"start":{},"end":{}}],"line":117},"7":{"loc":{"start":{"line":136,"column":6},"end":{"line":136,"column":38}},"type":"if","locations":[{"start":{"line":136,"column":6},"end":{"line":136,"column":38}},{"start":{},"end":{}}],"line":136},"8":{"loc":{"start":{"line":172,"column":6},"end":{"line":172,"column":38}},"type":"if","locations":[{"start":{"line":172,"column":6},"end":{"line":172,"column":38}},{"start":{},"end":{}}],"line":172},"9":{"loc":{"start":{"line":180,"column":8},"end":{"line":182,"column":9}},"type":"if","locations":[{"start":{"line":180,"column":8},"end":{"line":182,"column":9}},{"start":{},"end":{}}],"line":180},"10":{"loc":{"start":{"line":186,"column":6},"end":{"line":188,"column":7}},"type":"if","locations":[{"start":{"line":186,"column":6},"end":{"line":188,"column":7}},{"start":{},"end":{}}],"line":186},"11":{"loc":{"start":{"line":202,"column":6},"end":{"line":204,"column":7}},"type":"if","locations":[{"start":{"line":202,"column":6},"end":{"line":204,"column":7}},{"start":{},"end":{}}],"line":202},"12":{"loc":{"start":{"line":202,"column":10},"end":{"line":202,"column":57}},"type":"binary-expr","locations":[{"start":{"line":202,"column":10},"end":{"line":202,"column":20}},{"start":{"line":202,"column":24},"end":{"line":202,"column":57}}],"line":202},"13":{"loc":{"start":{"line":216,"column":4},"end":{"line":216,"column":28}},"type":"default-arg","locations":[{"start":{"line":216,"column":24},"end":{"line":216,"column":28}}],"line":216},"14":{"loc":{"start":{"line":294,"column":24},"end":{"line":294,"column":93}},"type":"binary-expr","locations":[{"start":{"line":294,"column":24},"end":{"line":294,"column":34}},{"start":{"line":294,"column":39},"end":{"line":294,"column":68}},{"start":{"line":294,"column":72},"end":{"line":294,"column":92}}],"line":294},"15":{"loc":{"start":{"line":296,"column":17},"end":{"line":296,"column":74}},"type":"binary-expr","locations":[{"start":{"line":296,"column":17},"end":{"line":296,"column":48}},{"start":{"line":296,"column":52},"end":{"line":296,"column":74}}],"line":296},"16":{"loc":{"start":{"line":299,"column":13},"end":{"line":299,"column":42}},"type":"binary-expr","locations":[{"start":{"line":299,"column":13},"end":{"line":299,"column":22}},{"start":{"line":299,"column":26},"end":{"line":299,"column":42}}],"line":299},"17":{"loc":{"start":{"line":316,"column":6},"end":{"line":319,"column":7}},"type":"if","locations":[{"start":{"line":316,"column":6},"end":{"line":319,"column":7}},{"start":{},"end":{}}],"line":316},"18":{"loc":{"start":{"line":318,"column":51},"end":{"line":318,"column":76}},"type":"binary-expr","locations":[{"start":{"line":318,"column":51},"end":{"line":318,"column":63}},{"start":{"line":318,"column":67},"end":{"line":318,"column":76}}],"line":318},"19":{"loc":{"start":{"line":321,"column":6},"end":{"line":323,"column":7}},"type":"if","locations":[{"start":{"line":321,"column":6},"end":{"line":323,"column":7}},{"start":{},"end":{}}],"line":321}},"s":{"0":2,"1":2,"2":2,"3":2,"4":39,"5":39,"6":8,"7":0,"8":31,"9":22,"10":15,"11":15,"12":17,"13":16,"14":16,"15":16,"16":0,"17":0,"18":19,"19":19,"20":19,"21":12,"22":12,"23":0,"24":0,"25":7,"26":7,"27":9,"28":9,"29":9,"30":0,"31":9,"32":8,"33":0,"34":0,"35":0,"36":0,"37":9,"38":9,"39":0,"40":0,"41":0,"42":0,"43":0,"44":0,"45":0,"46":0,"47":0,"48":0,"49":0,"50":0,"51":0,"52":0,"53":0,"54":0,"55":0,"56":0,"57":0,"58":0,"59":0,"60":0,"61":0,"62":0,"63":0,"64":1,"65":1,"66":0,"67":3,"68":3,"69":3,"70":0,"71":0,"72":9,"73":9,"74":9,"75":1,"76":8,"77":8,"78":0,"79":0,"80":0,"81":0,"82":0,"83":0,"84":0,"85":8,"86":8,"87":1,"88":1,"89":1,"90":1,"91":1,"92":0,"93":0,"94":0,"95":2,"96":2,"97":2,"98":2,"99":0,"100":0,"101":1,"102":1,"103":1,"104":1,"105":0,"106":1,"107":1,"108":0,"109":1,"110":1,"111":0,"112":0,"113":0,"114":0,"115":0,"116":0,"117":0,"118":0,"119":4,"120":4,"121":4,"122":4,"123":4,"124":0,"125":4,"126":0,"127":0,"128":1,"129":1,"130":1,"131":1,"132":1,"133":0,"134":0,"135":1,"136":0,"137":0,"138":0},"f":{"0":39,"1":22,"2":17,"3":19,"4":9,"5":0,"6":0,"7":0,"8":1,"9":3,"10":9,"11":1,"12":2,"13":1,"14":1,"15":1,"16":0,"17":4,"18":0,"19":1},"b":{"0":[8,31],"1":[19],"2":[0,12],"3":[0,9],"4":[0,0],"5":[0,0],"6":[0,0],"7":[0,0],"8":[1,8],"9":[0,0],"10":[0,0],"11":[1,0],"12":[1,0],"13":[2],"14":[4,0,0],"15":[0,0],"16":[4,4],"17":[0,1],"18":[0,0],"19":[0,1]},"_coverageSchema":"1a1c01bbd47fc00a2c39e90264f33305004495a9","hash":"36bb697005e0e9e308ba79284d4b7903f712cf05"}
}
