TN:
SF:app/+not-found.tsx
FN:4,NotFoundScreen
FNF:1
FNH:0
FNDA:0,NotFoundScreen
DA:5,0
DA:19,0
LF:2
LH:0
BRF:0
BRH:0
end_of_record
TN:
SF:app/_layout.tsx
FN:27,RootLayoutNav
FN:49,AppWithTheme
FN:64,RootLayout
FN:65,(anonymous_3)
FNF:4
FNH:0
FNDA:0,RootLayoutNav
FNDA:0,AppWithTheme
FNDA:0,RootLayout
FNDA:0,(anonymous_3)
DA:16,0
DA:18,0
DA:28,0
DA:29,0
DA:31,0
DA:50,0
DA:51,0
DA:53,0
DA:65,0
DA:66,0
DA:69,0
LF:11
LH:0
BRDA:33,0,0,0
BRDA:33,0,1,0
BRF:2
BRH:0
end_of_record
TN:
SF:app/modal.tsx
FN:4,ModalScreen
FNF:1
FNH:0
FNDA:0,ModalScreen
DA:5,0
DA:17,0
LF:2
LH:0
BRDA:12,0,0,0
BRDA:12,0,1,0
BRF:2
BRH:0
end_of_record
TN:
SF:app/(tabs)/_layout.tsx
FN:9,TabLayout
FN:34,(anonymous_1)
FN:42,(anonymous_2)
FN:49,(anonymous_3)
FN:56,(anonymous_4)
FN:63,(anonymous_5)
FN:70,(anonymous_6)
FN:77,(anonymous_7)
FNF:8
FNH:0
FNDA:0,TabLayout
FNDA:0,(anonymous_1)
FNDA:0,(anonymous_2)
FNDA:0,(anonymous_3)
FNDA:0,(anonymous_4)
FNDA:0,(anonymous_5)
FNDA:0,(anonymous_6)
FNDA:0,(anonymous_7)
DA:10,0
DA:11,0
DA:13,0
DA:34,0
DA:42,0
DA:49,0
DA:56,0
DA:63,0
DA:70,0
DA:77,0
LF:10
LH:0
BRF:0
BRH:0
end_of_record
TN:
SF:app/(tabs)/dashboard.tsx
FN:15,DashboardScreen
FN:213,(anonymous_1)
FNF:2
FNH:0
FNDA:0,DashboardScreen
FNDA:0,(anonymous_1)
DA:13,0
DA:16,0
DA:17,0
DA:18,0
DA:21,0
DA:28,0
DA:35,0
DA:43,0
DA:50,0
DA:58,0
DA:66,0
DA:153,0
DA:173,0
DA:190,0
DA:199,0
DA:213,0
DA:219,0
LF:17
LH:0
BRDA:76,0,0,0
BRDA:76,0,1,0
BRDA:86,1,0,0
BRDA:86,1,1,0
BRDA:96,2,0,0
BRDA:96,2,1,0
BRDA:106,3,0,0
BRDA:106,3,1,0
BRDA:118,4,0,0
BRDA:118,4,1,0
BRDA:126,5,0,0
BRDA:126,5,1,0
BRDA:138,6,0,0
BRDA:138,6,1,0
BRDA:224,7,0,0
BRDA:224,7,1,0
BRDA:229,8,0,0
BRDA:229,8,1,0
BRDA:229,9,0,0
BRDA:229,9,1,0
BRDA:230,10,0,0
BRDA:230,10,1,0
BRDA:233,11,0,0
BRDA:233,11,1,0
BRDA:238,12,0,0
BRDA:238,12,1,0
BRDA:241,13,0,0
BRDA:241,13,1,0
BRDA:244,14,0,0
BRDA:244,14,1,0
BRDA:245,15,0,0
BRDA:245,15,1,0
BRDA:249,16,0,0
BRDA:249,16,1,0
BRF:34
BRH:0
end_of_record
TN:
SF:app/(tabs)/exclusive.tsx
FN:11,ExclusiveScreen
FN:17,(anonymous_1)
FNF:2
FNH:0
FNDA:0,ExclusiveScreen
FNDA:0,(anonymous_1)
DA:12,0
DA:13,0
DA:14,0
DA:15,0
DA:17,0
DA:19,0
DA:22,0
DA:23,0
DA:76,0
DA:95,0
LF:10
LH:0
BRDA:22,0,0,0
BRDA:22,0,1,0
BRDA:79,1,0,0
BRDA:79,1,1,0
BRF:4
BRH:0
end_of_record
TN:
SF:app/(tabs)/favorites.tsx
FN:9,FavoritesScreen
FNF:1
FNH:0
FNDA:0,FavoritesScreen
DA:10,0
DA:11,0
DA:12,0
DA:13,0
DA:15,0
DA:16,0
DA:18,0
DA:37,0
LF:8
LH:0
BRDA:15,0,0,0
BRDA:15,0,1,0
BRDA:16,1,0,0
BRDA:16,1,1,0
BRF:4
BRH:0
end_of_record
TN:
SF:app/(tabs)/index.tsx
FN:11,HomeScreen
FN:16,(anonymous_1)
FN:18,(anonymous_2)
FNF:3
FNH:0
FNDA:0,HomeScreen
FNDA:0,(anonymous_1)
FNDA:0,(anonymous_2)
DA:12,0
DA:13,0
DA:14,0
DA:16,0
DA:18,0
DA:19,0
DA:22,0
DA:110,0
LF:8
LH:0
BRDA:16,0,0,0
BRDA:16,0,1,0
BRF:2
BRH:0
end_of_record
TN:
SF:app/(tabs)/profile.tsx
FN:8,ProfileScreen
FN:12,(anonymous_1)
FN:32,(anonymous_2)
FN:44,(anonymous_3)
FN:51,(anonymous_4)
FN:58,(anonymous_5)
FN:87,(anonymous_6)
FN:95,(anonymous_7)
FN:118,MenuItem
FNF:9
FNH:0
FNDA:0,ProfileScreen
FNDA:0,(anonymous_1)
FNDA:0,(anonymous_2)
FNDA:0,(anonymous_3)
FNDA:0,(anonymous_4)
FNDA:0,(anonymous_5)
FNDA:0,(anonymous_6)
FNDA:0,(anonymous_7)
FNDA:0,MenuItem
DA:9,0
DA:10,0
DA:12,0
DA:13,0
DA:16,0
DA:32,0
DA:44,0
DA:51,0
DA:58,0
DA:87,0
DA:95,0
DA:119,0
DA:132,0
LF:13
LH:0
BRDA:13,0,0,0
BRDA:13,0,1,0
BRDA:73,1,0,0
BRDA:73,1,1,0
BRDA:123,2,0,0
BRDA:123,2,1,0
BRDA:126,3,0,0
BRDA:126,3,1,0
BRF:8
BRH:0
end_of_record
TN:
SF:app/(tabs)/search.tsx
FN:13,SearchScreen
FN:55,(anonymous_1)
FN:59,(anonymous_2)
FN:63,(anonymous_3)
FN:102,(anonymous_4)
FNF:5
FNH:0
FNDA:0,SearchScreen
FNDA:0,(anonymous_1)
FNDA:0,(anonymous_2)
FNDA:0,(anonymous_3)
FNDA:0,(anonymous_4)
DA:14,0
DA:15,0
DA:16,0
DA:18,0
DA:19,0
DA:20,0
DA:38,0
DA:44,0
DA:55,0
DA:56,0
DA:59,0
DA:60,0
DA:63,0
DA:64,0
DA:87,0
DA:102,0
DA:110,0
LF:17
LH:0
BRDA:44,0,0,0
BRDA:44,0,1,0
BRDA:45,1,0,0
BRDA:45,1,1,0
BRDA:46,2,0,0
BRDA:46,2,1,0
BRDA:47,3,0,0
BRDA:47,3,1,0
BRDA:48,4,0,0
BRDA:48,4,1,0
BRDA:49,5,0,0
BRDA:49,5,1,0
BRDA:50,6,0,0
BRDA:50,6,1,0
BRDA:51,7,0,0
BRDA:51,7,1,0
BRDA:52,8,0,0
BRDA:52,8,1,0
BRDA:53,9,0,0
BRDA:53,9,1,0
BRDA:79,10,0,0
BRDA:79,10,1,0
BRDA:93,11,0,0
BRDA:93,11,1,0
BRDA:93,12,0,0
BRDA:93,12,1,0
BRF:26
BRH:0
end_of_record
TN:
SF:app/(tabs)/settings.tsx
FN:66,SettingsItem
FN:74,(anonymous_1)
FN:103,SettingsScreen
FN:122,(anonymous_3)
FN:131,(anonymous_4)
FNF:5
FNH:0
FNDA:0,SettingsItem
FNDA:0,(anonymous_1)
FNDA:0,SettingsScreen
FNDA:0,(anonymous_3)
FNDA:0,(anonymous_4)
DA:16,0
DA:67,0
DA:69,0
DA:74,0
DA:104,0
DA:123,0
LF:6
LH:0
BRDA:72,0,0,0
BRDA:72,0,1,0
BRDA:77,1,0,0
BRDA:77,1,1,0
BRDA:81,2,0,0
BRDA:81,2,1,0
BRDA:94,3,0,0
BRDA:94,3,1,0
BRF:8
BRH:0
end_of_record
TN:
SF:app/(tabs)/v0.tsx
FN:10,V0Screen
FN:20,(anonymous_1)
FN:58,(anonymous_2)
FN:61,(anonymous_3)
FNF:4
FNH:0
FNDA:0,V0Screen
FNDA:0,(anonymous_1)
FNDA:0,(anonymous_2)
FNDA:0,(anonymous_3)
DA:11,0
DA:13,0
DA:20,0
DA:21,0
DA:23,0
DA:25,0
DA:27,0
DA:29,0
DA:35,0
DA:39,0
DA:59,0
DA:61,0
LF:12
LH:0
BRDA:21,0,0,0
BRDA:21,0,1,0
BRDA:21,0,2,0
BRDA:21,0,3,0
BRDA:21,0,4,0
BRDA:63,1,0,0
BRDA:63,1,1,0
BRDA:72,2,0,0
BRDA:72,2,1,0
BRF:9
BRH:0
end_of_record
TN:
SF:app/property/[id].tsx
FN:14,PropertyDetailScreen
FN:40,(anonymous_1)
FN:44,(anonymous_2)
FN:53,(anonymous_3)
FN:77,(anonymous_4)
FN:97,(anonymous_5)
FN:102,(anonymous_6)
FN:112,(anonymous_7)
FN:268,DetailItem
FNF:9
FNH:0
FNDA:0,PropertyDetailScreen
FNDA:0,(anonymous_1)
FNDA:0,(anonymous_2)
FNDA:0,(anonymous_3)
FNDA:0,(anonymous_4)
FNDA:0,(anonymous_5)
FNDA:0,(anonymous_6)
FNDA:0,(anonymous_7)
FNDA:0,DetailItem
DA:12,0
DA:15,0
DA:16,0
DA:17,0
DA:20,0
DA:21,0
DA:24,0
DA:25,0
DA:26,0
DA:27,0
DA:29,0
DA:32,0
DA:33,0
DA:36,0
DA:37,0
DA:38,0
DA:40,0
DA:41,0
DA:44,0
DA:45,0
DA:47,0
DA:48,0
DA:50,0
DA:53,0
DA:55,0
DA:58,0
DA:59,0
DA:66,0
DA:67,0
DA:77,0
DA:78,0
DA:79,0
DA:80,0
DA:81,0
DA:82,0
DA:83,0
DA:85,0
DA:89,0
DA:98,0
DA:99,0
DA:103,0
DA:113,0
DA:269,0
DA:277,0
LF:44
LH:0
BRDA:21,0,0,0
BRDA:21,0,1,0
BRDA:26,1,0,0
BRDA:26,1,1,0
BRDA:27,2,0,0
BRDA:27,2,1,0
BRDA:29,3,0,0
BRDA:29,3,1,0
BRDA:45,4,0,0
BRDA:45,4,1,0
BRDA:47,5,0,0
BRDA:47,5,1,0
BRDA:58,6,0,0
BRDA:58,6,1,0
BRDA:66,7,0,0
BRDA:66,7,1,0
BRDA:66,8,0,0
BRDA:66,8,1,0
BRDA:78,9,0,0
BRDA:78,9,1,0
BRDA:80,10,0,0
BRDA:80,10,1,0
BRDA:81,11,0,0
BRDA:81,11,1,0
BRDA:81,12,0,0
BRDA:81,12,1,0
BRDA:82,13,0,0
BRDA:82,13,1,0
BRDA:82,14,0,0
BRDA:82,14,1,0
BRDA:83,15,0,0
BRDA:83,15,1,0
BRDA:119,16,0,0
BRDA:119,16,1,0
BRDA:132,17,0,0
BRDA:132,17,1,0
BRDA:189,18,0,0
BRDA:189,18,1,0
BRDA:194,19,0,0
BRDA:194,19,1,0
BRDA:199,20,0,0
BRDA:199,20,1,0
BRDA:204,21,0,0
BRDA:204,21,1,0
BRDA:209,22,0,0
BRDA:209,22,1,0
BRF:46
BRH:0
end_of_record
TN:
SF:app/property/_layout.tsx
FN:6,PropertyLayout
FNF:1
FNH:0
FNDA:0,PropertyLayout
DA:7,0
DA:8,0
DA:10,0
LF:3
LH:0
BRF:0
BRH:0
end_of_record
TN:
SF:app/settings/_layout.tsx
FN:3,SettingsLayout
FNF:1
FNH:0
FNDA:0,SettingsLayout
DA:4,0
LF:1
LH:0
BRF:0
BRH:0
end_of_record
TN:
SF:app/settings/integrations.tsx
FN:34,IntegrationCard
FN:40,(anonymous_1)
FN:94,(anonymous_2)
FN:139,(anonymous_3)
FN:161,IntegrationsScreen
FN:174,(anonymous_5)
FN:197,(anonymous_6)
FN:206,(anonymous_7)
FN:216,(anonymous_8)
FN:224,(anonymous_9)
FN:267,(anonymous_10)
FN:277,(anonymous_11)
FN:287,(anonymous_12)
FN:287,(anonymous_13)
FN:308,(anonymous_14)
FN:308,(anonymous_15)
FN:342,(anonymous_16)
FN:349,(anonymous_17)
FN:357,(anonymous_18)
FNF:19
FNH:0
FNDA:0,IntegrationCard
FNDA:0,(anonymous_1)
FNDA:0,(anonymous_2)
FNDA:0,(anonymous_3)
FNDA:0,IntegrationsScreen
FNDA:0,(anonymous_5)
FNDA:0,(anonymous_6)
FNDA:0,(anonymous_7)
FNDA:0,(anonymous_8)
FNDA:0,(anonymous_9)
FNDA:0,(anonymous_10)
FNDA:0,(anonymous_11)
FNDA:0,(anonymous_12)
FNDA:0,(anonymous_13)
FNDA:0,(anonymous_14)
FNDA:0,(anonymous_15)
FNDA:0,(anonymous_16)
FNDA:0,(anonymous_17)
FNDA:0,(anonymous_18)
DA:40,0
DA:41,0
DA:43,0
DA:45,0
DA:47,0
DA:49,0
DA:53,0
DA:95,0
DA:96,0
DA:98,0
DA:140,0
DA:167,0
DA:169,0
DA:170,0
DA:171,0
DA:172,0
DA:174,0
DA:175,0
DA:176,0
DA:179,0
DA:184,0
DA:185,0
DA:186,0
DA:188,0
DA:193,0
DA:197,0
DA:198,0
DA:207,0
DA:208,0
DA:216,0
DA:218,0
DA:224,0
DA:277,0
DA:287,0
DA:288,0
DA:308,0
DA:309,0
DA:343,0
DA:344,0
DA:345,0
DA:350,0
DA:351,0
DA:358,0
DA:359,0
LF:44
LH:0
BRDA:41,0,0,0
BRDA:41,0,1,0
BRDA:41,0,2,0
BRDA:41,0,3,0
BRDA:60,1,0,0
BRDA:60,1,1,0
BRDA:78,2,0,0
BRDA:78,2,1,0
BRDA:80,3,0,0
BRDA:80,3,1,0
BRDA:84,4,0,0
BRDA:84,4,1,0
BRDA:85,5,0,0
BRDA:85,5,1,0
BRDA:86,6,0,0
BRDA:86,6,1,0
BRDA:95,7,0,0
BRDA:95,7,1,0
BRDA:102,8,0,0
BRDA:102,8,1,0
BRDA:109,9,0,0
BRDA:109,9,1,0
BRDA:113,10,0,0
BRDA:113,10,1,0
BRDA:113,11,0,0
BRDA:113,11,1,0
BRDA:124,12,0,0
BRDA:124,12,1,0
BRDA:124,12,2,0
BRDA:133,13,0,0
BRDA:133,13,1,0
BRDA:133,13,2,0
BRDA:149,14,0,0
BRDA:149,14,1,0
BRDA:207,15,0,0
BRDA:207,15,1,0
BRDA:234,16,0,0
BRDA:234,16,1,0
BRDA:238,17,0,0
BRDA:238,17,1,0
BRDA:274,18,0,0
BRDA:274,18,1,0
BRDA:277,19,0,0
BRDA:277,19,1,0
BRDA:339,20,0,0
BRDA:339,20,1,0
BRF:46
BRH:0
end_of_record
TN:
SF:backend/hono.ts
FN:24,(anonymous_0)
FNF:1
FNH:0
FNDA:0,(anonymous_0)
DA:8,0
DA:11,0
DA:14,0
DA:24,0
DA:25,0
LF:5
LH:0
BRF:0
BRH:0
end_of_record
TN:
SF:backend/config/haus-design-system.ts
FN:252,generateHausSystemPrompt
FN:358,getComponentInstructions
FNF:2
FNH:2
FNDA:4,generateHausSystemPrompt
FNDA:1,getComponentInstructions
DA:6,1
DA:253,4
DA:359,1
DA:407,1
LF:4
LH:4
BRDA:407,0,0,1
BRDA:407,0,1,0
BRF:2
BRH:1
end_of_record
TN:
SF:backend/services/pica.service.ts
FN:62,(anonymous_0)
FN:83,(anonymous_1)
FN:112,(anonymous_2)
FN:117,(anonymous_3)
FN:137,(anonymous_4)
FN:141,(anonymous_5)
FN:158,(anonymous_6)
FN:186,(anonymous_7)
FN:201,(anonymous_8)
FN:237,(anonymous_9)
FN:261,(anonymous_10)
FN:295,(anonymous_11)
FN:330,(anonymous_12)
FN:331,(anonymous_13)
FN:332,(anonymous_14)
FN:333,(anonymous_15)
FN:346,(anonymous_16)
FN:356,(anonymous_17)
FN:385,(anonymous_18)
FN:394,(anonymous_19)
FN:411,(anonymous_20)
FNF:21
FNH:0
FNDA:0,(anonymous_0)
FNDA:0,(anonymous_1)
FNDA:0,(anonymous_2)
FNDA:0,(anonymous_3)
FNDA:0,(anonymous_4)
FNDA:0,(anonymous_5)
FNDA:0,(anonymous_6)
FNDA:0,(anonymous_7)
FNDA:0,(anonymous_8)
FNDA:0,(anonymous_9)
FNDA:0,(anonymous_10)
FNDA:0,(anonymous_11)
FNDA:0,(anonymous_12)
FNDA:0,(anonymous_13)
FNDA:0,(anonymous_14)
FNDA:0,(anonymous_15)
FNDA:0,(anonymous_16)
FNDA:0,(anonymous_17)
FNDA:0,(anonymous_18)
FNDA:0,(anonymous_19)
FNDA:0,(anonymous_20)
DA:63,0
DA:64,0
DA:67,0
DA:87,0
DA:88,0
DA:102,0
DA:104,0
DA:105,0
DA:113,0
DA:114,0
DA:117,0
DA:129,0
DA:130,0
DA:138,0
DA:139,0
DA:141,0
DA:150,0
DA:151,0
DA:164,0
DA:165,0
DA:176,0
DA:178,0
DA:179,0
DA:187,0
DA:188,0
DA:193,0
DA:194,0
DA:206,0
DA:207,0
DA:210,0
DA:217,0
DA:219,0
DA:225,0
DA:226,0
DA:238,0
DA:241,0
DA:243,0
DA:249,0
DA:250,0
DA:262,0
DA:265,0
DA:267,0
DA:277,0
DA:278,0
DA:300,0
DA:303,0
DA:304,0
DA:306,0
DA:307,0
DA:309,0
DA:310,0
DA:311,0
DA:312,0
DA:314,0
DA:317,0
DA:318,0
DA:320,0
DA:329,0
DA:330,0
DA:331,0
DA:332,0
DA:333,0
DA:336,0
DA:338,0
DA:339,0
DA:347,0
DA:348,0
DA:350,0
DA:351,0
DA:357,0
DA:382,0
DA:386,0
DA:391,0
DA:395,0
DA:408,0
DA:412,0
DA:414,0
DA:416,0
DA:417,0
DA:420,0
DA:421,0
DA:424,0
LF:82
LH:0
BRDA:63,0,0,0
BRDA:63,0,1,0
BRDA:68,1,0,0
BRDA:68,1,1,0
BRDA:119,2,0,0
BRDA:119,2,1,0
BRDA:119,2,2,0
BRDA:120,3,0,0
BRDA:120,3,1,0
BRDA:120,4,0,0
BRDA:120,4,1,0
BRDA:121,5,0,0
BRDA:121,5,1,0
BRDA:124,6,0,0
BRDA:124,6,1,0
BRDA:125,7,0,0
BRDA:125,7,1,0
BRDA:126,8,0,0
BRDA:126,8,1,0
BRDA:143,9,0,0
BRDA:143,9,1,0
BRDA:145,10,0,0
BRDA:145,10,1,0
BRDA:145,10,2,0
BRDA:147,11,0,0
BRDA:147,11,1,0
BRDA:244,12,0,0
BRDA:244,12,1,0
BRDA:246,13,0,0
BRDA:246,13,1,0
BRDA:298,14,0,0
BRDA:306,15,0,0
BRDA:306,15,1,0
BRDA:306,16,0,0
BRDA:306,16,1,0
BRDA:307,17,0,0
BRDA:307,17,1,0
BRDA:311,18,0,0
BRDA:311,18,1,0
BRDA:382,19,0,0
BRDA:382,19,1,0
BRDA:408,20,0,0
BRDA:408,20,1,0
BRDA:412,21,0,0
BRDA:412,21,1,0
BRDA:416,22,0,0
BRDA:416,22,1,0
BRDA:420,23,0,0
BRDA:420,23,1,0
BRF:49
BRH:0
end_of_record
TN:
SF:backend/services/v0.service.ts
FN:86,(anonymous_0)
FN:99,(anonymous_1)
FN:122,(anonymous_2)
FN:136,(anonymous_3)
FN:164,(anonymous_4)
FN:190,(anonymous_5)
FN:217,(anonymous_6)
FN:250,(anonymous_7)
FN:270,(anonymous_8)
FN:310,(anonymous_9)
FN:355,(anonymous_10)
FN:372,(anonymous_11)
FN:386,(anonymous_12)
FN:408,(anonymous_13)
FNF:14
FNH:6
FNDA:13,(anonymous_0)
FNDA:3,(anonymous_1)
FNDA:0,(anonymous_2)
FNDA:1,(anonymous_3)
FNDA:0,(anonymous_4)
FNDA:0,(anonymous_5)
FNDA:0,(anonymous_6)
FNDA:0,(anonymous_7)
FNDA:3,(anonymous_8)
FNDA:2,(anonymous_9)
FNDA:0,(anonymous_10)
FNDA:0,(anonymous_11)
FNDA:1,(anonymous_12)
FNDA:0,(anonymous_13)
DA:87,13
DA:88,13
DA:89,1
DA:92,12
DA:93,12
DA:100,3
DA:102,3
DA:103,3
DA:105,3
DA:121,2
DA:122,1
DA:123,1
DA:126,1
DA:128,2
DA:129,2
DA:137,1
DA:139,1
DA:140,1
DA:141,1
DA:143,1
DA:145,1
DA:163,1
DA:164,0
DA:165,0
DA:168,1
DA:170,1
DA:182,0
DA:183,0
DA:191,0
DA:192,0
DA:193,0
DA:195,0
DA:197,0
DA:216,0
DA:217,0
DA:218,0
DA:221,0
DA:223,0
DA:242,0
DA:243,0
DA:257,0
DA:260,0
DA:262,0
DA:263,0
DA:278,3
DA:279,3
DA:287,2
DA:288,1
DA:291,1
DA:293,1
DA:302,1
DA:303,1
DA:316,2
DA:317,2
DA:325,2
DA:327,1
DA:337,1
DA:338,1
DA:340,0
DA:341,0
DA:356,0
DA:357,0
DA:371,0
DA:372,0
DA:373,0
DA:376,0
DA:378,0
DA:379,0
DA:387,1
DA:389,1
DA:390,0
DA:392,1
DA:393,0
DA:395,1
DA:396,0
DA:398,1
DA:399,0
DA:402,1
DA:409,0
DA:447,0
LF:80
LH:44
BRDA:88,0,0,1
BRDA:88,0,1,12
BRDA:93,1,0,12
BRDA:93,1,1,11
BRDA:114,2,0,3
BRDA:114,2,1,2
BRDA:115,3,0,3
BRDA:115,3,1,3
BRDA:116,4,0,3
BRDA:116,4,1,2
BRDA:117,5,0,3
BRDA:117,5,1,3
BRDA:121,6,0,1
BRDA:121,6,1,1
BRDA:123,7,0,1
BRDA:123,7,1,0
BRDA:143,8,0,1
BRDA:143,8,1,0
BRDA:154,9,0,1
BRDA:154,9,1,0
BRDA:155,10,0,1
BRDA:155,10,1,0
BRDA:156,11,0,1
BRDA:156,11,1,0
BRDA:163,12,0,0
BRDA:163,12,1,1
BRDA:165,13,0,0
BRDA:165,13,1,0
BRDA:171,14,0,1
BRDA:171,14,1,0
BRDA:173,15,0,1
BRDA:173,15,1,0
BRDA:174,16,0,1
BRDA:174,16,1,0
BRDA:175,17,0,1
BRDA:175,17,1,0
BRDA:178,18,0,1
BRDA:178,18,1,0
BRDA:179,19,0,1
BRDA:179,19,1,0
BRDA:193,20,0,0
BRDA:193,20,1,0
BRDA:195,21,0,0
BRDA:195,21,1,0
BRDA:206,22,0,0
BRDA:206,22,1,0
BRDA:207,23,0,0
BRDA:207,23,1,0
BRDA:208,24,0,0
BRDA:208,24,1,0
BRDA:216,25,0,0
BRDA:216,25,1,0
BRDA:218,26,0,0
BRDA:218,26,1,0
BRDA:224,27,0,0
BRDA:224,27,1,0
BRDA:226,28,0,0
BRDA:226,28,1,0
BRDA:227,29,0,0
BRDA:227,29,1,0
BRDA:229,30,0,0
BRDA:229,30,1,0
BRDA:231,31,0,0
BRDA:231,31,1,0
BRDA:234,32,0,0
BRDA:234,32,1,0
BRDA:235,33,0,0
BRDA:235,33,1,0
BRDA:236,34,0,0
BRDA:236,34,1,0
BRDA:250,35,0,0
BRDA:287,36,0,1
BRDA:287,36,1,1
BRDA:297,37,0,1
BRDA:297,37,1,0
BRDA:298,38,0,1
BRDA:298,38,1,0
BRDA:325,39,0,1
BRDA:325,39,1,1
BRDA:338,40,0,1
BRDA:338,40,1,0
BRDA:371,41,0,0
BRDA:371,41,1,0
BRDA:373,42,0,0
BRDA:373,42,1,0
BRDA:389,43,0,0
BRDA:389,43,1,1
BRDA:389,44,0,1
BRDA:389,44,1,1
BRDA:389,44,2,1
BRDA:389,44,3,1
BRDA:389,44,4,1
BRDA:392,45,0,0
BRDA:392,45,1,1
BRDA:392,46,0,1
BRDA:392,46,1,1
BRDA:392,46,2,1
BRDA:392,46,3,1
BRDA:392,46,4,1
BRDA:395,47,0,0
BRDA:395,47,1,1
BRDA:395,48,0,1
BRDA:395,48,1,1
BRDA:395,48,2,1
BRDA:395,48,3,1
BRDA:395,48,4,1
BRDA:398,49,0,0
BRDA:398,49,1,1
BRDA:398,50,0,1
BRDA:398,50,1,1
BRDA:398,50,2,1
BRDA:398,50,3,1
BRDA:398,50,4,1
BRDA:447,51,0,0
BRDA:447,51,1,0
BRF:115
BRH:57
end_of_record
TN:
SF:backend/trpc/app-router.ts
FNF:0
FNH:0
DA:6,0
LF:1
LH:0
BRF:0
BRH:0
end_of_record
TN:
SF:backend/trpc/create-context.ts
FN:6,(anonymous_0)
FNF:1
FNH:0
FNDA:0,(anonymous_0)
DA:6,0
DA:7,0
DA:16,0
DA:20,0
DA:21,0
LF:5
LH:0
BRF:0
BRH:0
end_of_record
TN:
SF:backend/trpc/routes/example/hi/route.ts
FN:6,(anonymous_0)
FNF:1
FNH:0
FNDA:0,(anonymous_0)
DA:7,0
LF:1
LH:0
BRF:0
BRH:0
end_of_record
TN:
SF:backend/trpc/routes/integrations/route.ts
FN:33,(anonymous_0)
FN:61,(anonymous_1)
FN:66,(anonymous_2)
FN:88,(anonymous_3)
FN:92,(anonymous_4)
FN:112,(anonymous_5)
FN:116,(anonymous_6)
FN:158,(anonymous_7)
FN:162,(anonymous_8)
FN:196,(anonymous_9)
FN:200,(anonymous_10)
FN:242,(anonymous_11)
FN:247,(anonymous_12)
FN:248,(anonymous_13)
FN:276,(anonymous_14)
FN:277,(anonymous_15)
FN:291,(anonymous_16)
FN:295,(anonymous_17)
FN:354,(anonymous_18)
FNF:19
FNH:0
FNDA:0,(anonymous_0)
FNDA:0,(anonymous_1)
FNDA:0,(anonymous_2)
FNDA:0,(anonymous_3)
FNDA:0,(anonymous_4)
FNDA:0,(anonymous_5)
FNDA:0,(anonymous_6)
FNDA:0,(anonymous_7)
FNDA:0,(anonymous_8)
FNDA:0,(anonymous_9)
FNDA:0,(anonymous_10)
FNDA:0,(anonymous_11)
FNDA:0,(anonymous_12)
FNDA:0,(anonymous_13)
FNDA:0,(anonymous_14)
FNDA:0,(anonymous_15)
FNDA:0,(anonymous_16)
FNDA:0,(anonymous_17)
FNDA:0,(anonymous_18)
DA:6,0
DA:9,0
DA:15,0
DA:19,0
DA:25,0
DA:29,0
DA:34,0
DA:35,0
DA:45,0
DA:51,0
DA:52,0
DA:62,0
DA:63,0
DA:66,0
DA:78,0
DA:79,0
DA:89,0
DA:90,0
DA:92,0
DA:101,0
DA:102,0
DA:113,0
DA:115,0
DA:116,0
DA:117,0
DA:120,0
DA:121,0
DA:127,0
DA:134,0
DA:142,0
DA:144,0
DA:145,0
DA:148,0
DA:159,0
DA:161,0
DA:162,0
DA:164,0
DA:165,0
DA:171,0
DA:173,0
DA:180,0
DA:182,0
DA:183,0
DA:186,0
DA:197,0
DA:199,0
DA:200,0
DA:201,0
DA:204,0
DA:205,0
DA:211,0
DA:216,0
DA:224,0
DA:226,0
DA:227,0
DA:230,0
DA:243,0
DA:244,0
DA:245,0
DA:247,0
DA:249,0
DA:250,0
DA:254,0
DA:263,0
DA:274,0
DA:276,0
DA:277,0
DA:281,0
DA:282,0
DA:292,0
DA:293,0
DA:294,0
DA:296,0
DA:297,0
DA:302,0
DA:319,0
DA:338,0
DA:340,0
DA:341,0
DA:355,0
DA:356,0
DA:362,0
DA:375,0
DA:376,0
LF:84
LH:0
BRDA:40,0,0,0
BRDA:40,0,1,0
BRDA:71,1,0,0
BRDA:71,1,1,0
BRDA:72,2,0,0
BRDA:72,2,1,0
BRDA:73,3,0,0
BRDA:73,3,1,0
BRDA:74,4,0,0
BRDA:74,4,1,0
BRDA:75,5,0,0
BRDA:75,5,1,0
BRDA:98,6,0,0
BRDA:98,6,1,0
BRDA:117,7,0,0
BRDA:117,7,1,0
BRDA:120,8,0,0
BRDA:120,8,1,0
BRDA:144,9,0,0
BRDA:144,9,1,0
BRDA:164,10,0,0
BRDA:164,10,1,0
BRDA:182,11,0,0
BRDA:182,11,1,0
BRDA:201,12,0,0
BRDA:201,12,1,0
BRDA:204,13,0,0
BRDA:204,13,1,0
BRDA:221,14,0,0
BRDA:221,14,1,0
BRDA:226,15,0,0
BRDA:226,15,1,0
BRDA:235,16,0,0
BRDA:235,16,1,0
BRDA:260,17,0,0
BRDA:260,17,1,0
BRDA:268,18,0,0
BRDA:268,18,1,0
BRDA:276,19,0,0
BRDA:276,19,1,0
BRDA:277,20,0,0
BRDA:277,20,1,0
BRDA:307,21,0,0
BRDA:307,21,1,0
BRDA:308,22,0,0
BRDA:308,22,1,0
BRDA:309,23,0,0
BRDA:309,23,1,0
BRDA:311,24,0,0
BRDA:311,24,1,0
BRDA:312,25,0,0
BRDA:312,25,1,0
BRDA:315,26,0,0
BRDA:315,26,1,0
BRDA:316,27,0,0
BRDA:316,27,1,0
BRDA:331,28,0,0
BRDA:331,28,1,0
BRDA:365,29,0,0
BRDA:365,29,1,0
BRDA:367,30,0,0
BRDA:367,30,1,0
BRDA:368,31,0,0
BRDA:368,31,1,0
BRDA:369,32,0,0
BRDA:369,32,1,0
BRDA:370,33,0,0
BRDA:370,33,1,0
BRF:68
BRH:0
end_of_record
TN:
SF:backend/trpc/routes/v0/route.ts
FN:44,(anonymous_0)
FN:57,(anonymous_1)
FN:70,(anonymous_2)
FN:83,(anonymous_3)
FN:95,(anonymous_4)
FN:107,(anonymous_5)
FN:119,(anonymous_6)
FN:146,(anonymous_7)
FNF:8
FNH:0
FNDA:0,(anonymous_0)
FNDA:0,(anonymous_1)
FNDA:0,(anonymous_2)
FNDA:0,(anonymous_3)
FNDA:0,(anonymous_4)
FNDA:0,(anonymous_5)
FNDA:0,(anonymous_6)
FNDA:0,(anonymous_7)
DA:6,0
DA:9,0
DA:17,0
DA:25,0
DA:33,0
DA:38,0
DA:45,0
DA:46,0
DA:48,0
DA:58,0
DA:59,0
DA:61,0
DA:71,0
DA:72,0
DA:74,0
DA:84,0
DA:85,0
DA:87,0
DA:96,0
DA:97,0
DA:99,0
DA:108,0
DA:109,0
DA:111,0
DA:120,0
DA:121,0
DA:122,0
DA:124,0
DA:133,0
DA:147,0
LF:30
LH:0
BRDA:125,0,0,0
BRDA:125,0,1,0
BRDA:149,1,0,0
BRDA:149,1,1,0
BRF:4
BRH:0
end_of_record
TN:
SF:components/AIPropertyInsights.tsx
FN:69,AIPropertyInsights
FN:86,(anonymous_1)
FN:90,(anonymous_2)
FN:100,(anonymous_3)
FN:105,(anonymous_4)
FN:167,(anonymous_5)
FN:173,(anonymous_6)
FN:178,(anonymous_7)
FN:193,(anonymous_8)
FN:208,(anonymous_9)
FN:219,(anonymous_10)
FN:341,(anonymous_11)
FN:352,(anonymous_12)
FNF:13
FNH:0
FNDA:0,AIPropertyInsights
FNDA:0,(anonymous_1)
FNDA:0,(anonymous_2)
FNDA:0,(anonymous_3)
FNDA:0,(anonymous_4)
FNDA:0,(anonymous_5)
FNDA:0,(anonymous_6)
FNDA:0,(anonymous_7)
FNDA:0,(anonymous_8)
FNDA:0,(anonymous_9)
FNDA:0,(anonymous_10)
FNDA:0,(anonymous_11)
FNDA:0,(anonymous_12)
DA:40,0
DA:74,0
DA:75,0
DA:77,0
DA:78,0
DA:79,0
DA:80,0
DA:83,0
DA:84,0
DA:86,0
DA:87,0
DA:90,0
DA:91,0
DA:92,0
DA:93,0
DA:100,0
DA:101,0
DA:102,0
DA:105,0
DA:108,0
DA:149,0
DA:158,0
DA:159,0
DA:161,0
DA:163,0
DA:167,0
DA:168,0
DA:169,0
DA:170,0
DA:173,0
DA:178,0
DA:179,0
DA:181,0
DA:183,0
DA:185,0
DA:187,0
DA:189,0
DA:193,0
DA:194,0
DA:196,0
DA:198,0
DA:200,0
DA:202,0
DA:204,0
DA:208,0
DA:209,0
DA:211,0
DA:213,0
DA:215,0
DA:219,0
DA:220,0
DA:222,0
DA:224,0
DA:226,0
DA:230,0
DA:231,0
DA:241,0
DA:342,0
DA:343,0
DA:345,0
DA:352,0
DA:424,0
LF:62
LH:0
BRDA:91,0,0,0
BRDA:91,0,1,0
BRDA:117,1,0,0
BRDA:117,1,1,0
BRDA:126,2,0,0
BRDA:126,2,1,0
BRDA:179,3,0,0
BRDA:179,3,1,0
BRDA:179,3,2,0
BRDA:179,3,3,0
BRDA:179,3,4,0
BRDA:194,4,0,0
BRDA:194,4,1,0
BRDA:194,4,2,0
BRDA:194,4,3,0
BRDA:194,4,4,0
BRDA:209,5,0,0
BRDA:209,5,1,0
BRDA:209,5,2,0
BRDA:220,6,0,0
BRDA:220,6,1,0
BRDA:220,6,2,0
BRDA:230,7,0,0
BRDA:230,7,1,0
BRDA:259,8,0,0
BRDA:259,8,1,0
BRDA:287,9,0,0
BRDA:287,9,1,0
BRDA:366,10,0,0
BRDA:366,10,1,0
BRDA:376,11,0,0
BRDA:376,11,1,0
BRDA:379,12,0,0
BRDA:379,12,1,0
BRDA:379,13,0,0
BRDA:379,13,1,0
BRDA:409,14,0,0
BRDA:409,14,1,0
BRF:38
BRH:0
end_of_record
TN:
SF:components/EmptyState.tsx
FN:13,EmptyState
FN:17,(anonymous_1)
FN:28,(anonymous_2)
FN:39,(anonymous_3)
FNF:4
FNH:0
FNDA:0,EmptyState
FNDA:0,(anonymous_1)
FNDA:0,(anonymous_2)
FNDA:0,(anonymous_3)
DA:14,0
DA:15,0
DA:17,0
DA:18,0
DA:20,0
DA:22,0
DA:24,0
DA:28,0
DA:29,0
DA:31,0
DA:33,0
DA:35,0
DA:39,0
DA:40,0
DA:42,0
DA:44,0
DA:46,0
DA:50,0
DA:63,0
LF:19
LH:0
BRDA:18,0,0,0
BRDA:18,0,1,0
BRDA:18,0,2,0
BRDA:29,1,0,0
BRDA:29,1,1,0
BRDA:29,1,2,0
BRDA:40,2,0,0
BRDA:40,2,1,0
BRDA:40,2,2,0
BRDA:54,3,0,0
BRDA:54,3,1,0
BRDA:57,4,0,0
BRDA:57,4,1,0
BRF:13
BRH:0
end_of_record
TN:
SF:components/ErrorBoundary.tsx
FN:20,(anonymous_0)
FN:28,(anonymous_1)
FN:36,(anonymous_2)
FN:60,(anonymous_3)
FN:74,(anonymous_4)
FN:83,(anonymous_5)
FNF:6
FNH:0
FNDA:0,(anonymous_0)
FNDA:0,(anonymous_1)
FNDA:0,(anonymous_2)
FNDA:0,(anonymous_3)
FNDA:0,(anonymous_4)
FNDA:0,(anonymous_5)
DA:21,0
DA:22,0
DA:29,0
DA:37,0
DA:40,0
DA:43,0
DA:44,0
DA:48,0
DA:50,0
DA:62,0
DA:65,0
DA:74,0
DA:75,0
DA:84,0
DA:85,0
DA:86,0
DA:89,0
DA:123,0
DA:127,0
LF:19
LH:0
BRDA:43,0,0,0
BRDA:43,0,1,0
BRDA:48,1,0,0
BRDA:48,1,1,0
BRDA:62,2,0,0
BRDA:62,2,1,0
BRDA:62,3,0,0
BRDA:62,3,1,0
BRDA:62,3,2,0
BRDA:84,4,0,0
BRDA:84,4,1,0
BRDA:85,5,0,0
BRDA:85,5,1,0
BRDA:97,6,0,0
BRDA:97,6,1,0
BRDA:97,6,2,0
BRDA:102,7,0,0
BRDA:102,7,1,0
BRDA:107,8,0,0
BRDA:107,8,1,0
BRDA:166,9,0,0
BRDA:166,9,1,0
BRDA:173,10,0,0
BRDA:173,10,1,0
BRDA:179,11,0,0
BRDA:179,11,1,0
BRF:26
BRH:0
end_of_record
TN:
SF:components/FilterButton.tsx
FN:12,FilterButton
FNF:1
FNH:0
FNDA:0,FilterButton
DA:13,0
DA:14,0
DA:16,0
DA:33,0
LF:4
LH:0
BRDA:12,0,0,0
BRDA:24,1,0,0
BRDA:24,1,1,0
BRF:3
BRH:0
end_of_record
TN:
SF:components/LoadingSpinner.tsx
FN:11,LoadingSpinner
FN:16,(anonymous_1)
FN:17,(anonymous_2)
FN:23,(anonymous_3)
FN:33,(anonymous_4)
FNF:5
FNH:0
FNDA:0,LoadingSpinner
FNDA:0,(anonymous_1)
FNDA:0,(anonymous_2)
FNDA:0,(anonymous_3)
FNDA:0,(anonymous_4)
DA:12,0
DA:13,0
DA:14,0
DA:16,0
DA:17,0
DA:18,0
DA:19,0
DA:23,0
DA:25,0
DA:28,0
DA:33,0
DA:34,0
DA:36,0
DA:38,0
DA:40,0
DA:44,0
DA:45,0
DA:47,0
DA:65,0
LF:19
LH:0
BRDA:11,0,0,0
BRDA:34,1,0,0
BRDA:34,1,1,0
BRDA:34,1,2,0
BRDA:45,2,0,0
BRDA:45,2,1,0
BRF:6
BRH:0
end_of_record
TN:
SF:components/PropertyCard.tsx
FN:17,PropertyCard
FN:22,(anonymous_1)
FN:29,(anonymous_2)
FN:41,(anonymous_3)
FN:61,(anonymous_4)
FNF:5
FNH:0
FNDA:0,PropertyCard
FNDA:0,(anonymous_1)
FNDA:0,(anonymous_2)
FNDA:0,(anonymous_3)
FNDA:0,(anonymous_4)
DA:18,0
DA:19,0
DA:20,0
DA:22,0
DA:23,0
DA:24,0
DA:26,0
DA:29,0
DA:30,0
DA:31,0
DA:32,0
DA:33,0
DA:34,0
DA:35,0
DA:37,0
DA:41,0
DA:42,0
DA:44,0
DA:46,0
DA:48,0
DA:50,0
DA:52,0
DA:56,0
DA:58,0
DA:61,0
DA:144,0
LF:26
LH:0
BRDA:23,0,0,0
BRDA:23,0,1,0
BRDA:30,1,0,0
BRDA:30,1,1,0
BRDA:32,2,0,0
BRDA:32,2,1,0
BRDA:33,3,0,0
BRDA:33,3,1,0
BRDA:33,4,0,0
BRDA:33,4,1,0
BRDA:34,5,0,0
BRDA:34,5,1,0
BRDA:34,6,0,0
BRDA:34,6,1,0
BRDA:35,7,0,0
BRDA:35,7,1,0
BRDA:42,8,0,0
BRDA:42,8,1,0
BRDA:42,8,2,0
BRDA:42,8,3,0
BRDA:42,8,4,0
BRDA:56,9,0,0
BRDA:56,9,1,0
BRDA:68,10,0,0
BRDA:68,10,1,0
BRDA:78,11,0,0
BRDA:78,11,1,0
BRDA:79,12,0,0
BRDA:79,12,1,0
BRDA:83,13,0,0
BRDA:83,13,1,0
BRDA:93,14,0,0
BRDA:93,14,1,0
BRDA:95,15,0,0
BRDA:95,15,1,0
BRDA:97,16,0,0
BRDA:97,16,1,0
BRF:37
BRH:0
end_of_record
TN:
SF:components/PropertyList.tsx
FN:18,PropertyList
FN:28,(anonymous_1)
FN:35,(anonymous_2)
FN:49,(anonymous_3)
FN:52,(anonymous_4)
FN:77,(anonymous_5)
FNF:6
FNH:0
FNDA:0,PropertyList
FNDA:0,(anonymous_1)
FNDA:0,(anonymous_2)
FNDA:0,(anonymous_3)
FNDA:0,(anonymous_4)
FNDA:0,(anonymous_5)
DA:18,0
DA:24,0
DA:25,0
DA:26,0
DA:28,0
DA:29,0
DA:35,0
DA:36,0
DA:49,0
DA:50,0
DA:53,0
DA:58,0
DA:59,0
DA:62,0
DA:63,0
DA:73,0
DA:77,0
DA:95,0
LF:18
LH:0
BRDA:20,0,0,0
BRDA:21,1,0,0
BRDA:58,2,0,0
BRDA:58,2,1,0
BRDA:62,3,0,0
BRDA:62,3,1,0
BRF:6
BRH:0
end_of_record
TN:
SF:components/PropertySkeleton.tsx
FN:6,PropertySkeleton
FN:11,(anonymous_1)
FN:12,(anonymous_2)
FN:24,(anonymous_3)
FNF:4
FNH:0
FNDA:0,PropertySkeleton
FNDA:0,(anonymous_1)
FNDA:0,(anonymous_2)
FNDA:0,(anonymous_3)
DA:7,0
DA:8,0
DA:9,0
DA:11,0
DA:12,0
DA:13,0
DA:24,0
DA:26,0
DA:29,0
DA:84,0
LF:10
LH:0
BRF:0
BRH:0
end_of_record
TN:
SF:components/SearchBar.tsx
FN:14,SearchBar
FN:24,(anonymous_1)
FN:47,(anonymous_2)
FN:48,(anonymous_3)
FNF:4
FNH:0
FNDA:0,SearchBar
FNDA:0,(anonymous_1)
FNDA:0,(anonymous_2)
FNDA:0,(anonymous_3)
DA:20,0
DA:21,0
DA:22,0
DA:24,0
DA:25,0
DA:28,0
DA:47,0
DA:48,0
DA:60,0
LF:9
LH:0
BRDA:17,0,0,0
BRDA:34,1,0,0
BRDA:34,1,1,0
BRDA:51,2,0,0
BRDA:51,2,1,0
BRF:5
BRH:0
end_of_record
TN:
SF:components/SearchFiltersModal.tsx
FN:52,SearchFiltersModal
FN:62,(anonymous_1)
FN:67,(anonymous_2)
FN:78,(anonymous_3)
FN:79,(anonymous_4)
FN:82,(anonymous_5)
FN:87,(anonymous_6)
FN:88,(anonymous_7)
FN:91,(anonymous_8)
FN:96,(anonymous_9)
FN:97,(anonymous_10)
FN:100,(anonymous_11)
FN:122,(anonymous_12)
FN:134,(anonymous_13)
FN:159,(anonymous_14)
FN:171,(anonymous_15)
FN:201,(anonymous_16)
FN:202,(anonymous_17)
FN:217,(anonymous_18)
FN:218,(anonymous_19)
FN:239,(anonymous_20)
FN:240,(anonymous_21)
FN:255,(anonymous_22)
FN:256,(anonymous_23)
FN:277,(anonymous_24)
FN:278,(anonymous_25)
FN:293,(anonymous_26)
FN:294,(anonymous_27)
FN:310,(anonymous_28)
FN:322,(anonymous_29)
FNF:30
FNH:0
FNDA:0,SearchFiltersModal
FNDA:0,(anonymous_1)
FNDA:0,(anonymous_2)
FNDA:0,(anonymous_3)
FNDA:0,(anonymous_4)
FNDA:0,(anonymous_5)
FNDA:0,(anonymous_6)
FNDA:0,(anonymous_7)
FNDA:0,(anonymous_8)
FNDA:0,(anonymous_9)
FNDA:0,(anonymous_10)
FNDA:0,(anonymous_11)
FNDA:0,(anonymous_12)
FNDA:0,(anonymous_13)
FNDA:0,(anonymous_14)
FNDA:0,(anonymous_15)
FNDA:0,(anonymous_16)
FNDA:0,(anonymous_17)
FNDA:0,(anonymous_18)
FNDA:0,(anonymous_19)
FNDA:0,(anonymous_20)
FNDA:0,(anonymous_21)
FNDA:0,(anonymous_22)
FNDA:0,(anonymous_23)
FNDA:0,(anonymous_24)
FNDA:0,(anonymous_25)
FNDA:0,(anonymous_26)
FNDA:0,(anonymous_27)
FNDA:0,(anonymous_28)
FNDA:0,(anonymous_29)
DA:34,0
DA:43,0
DA:50,0
DA:58,0
DA:59,0
DA:60,0
DA:62,0
DA:63,0
DA:64,0
DA:67,0
DA:68,0
DA:74,0
DA:75,0
DA:78,0
DA:79,0
DA:82,0
DA:87,0
DA:88,0
DA:91,0
DA:96,0
DA:97,0
DA:100,0
DA:105,0
DA:123,0
DA:134,0
DA:160,0
DA:171,0
DA:202,0
DA:218,0
DA:240,0
DA:256,0
DA:278,0
DA:294,0
DA:311,0
DA:322,0
DA:354,0
LF:36
LH:0
BRDA:81,0,0,0
BRDA:81,0,1,0
BRDA:90,1,0,0
BRDA:90,1,1,0
BRDA:99,2,0,0
BRDA:99,2,1,0
BRDA:128,3,0,0
BRDA:128,3,1,0
BRDA:140,4,0,0
BRDA:140,4,1,0
BRDA:148,5,0,0
BRDA:148,5,1,0
BRDA:165,6,0,0
BRDA:165,6,1,0
BRDA:177,7,0,0
BRDA:177,7,1,0
BRDA:185,8,0,0
BRDA:185,8,1,0
BRDA:200,9,0,0
BRDA:200,9,1,0
BRDA:204,10,0,0
BRDA:204,10,1,0
BRDA:216,11,0,0
BRDA:216,11,1,0
BRDA:220,12,0,0
BRDA:220,12,1,0
BRDA:238,13,0,0
BRDA:238,13,1,0
BRDA:242,14,0,0
BRDA:242,14,1,0
BRDA:254,15,0,0
BRDA:254,15,1,0
BRDA:258,16,0,0
BRDA:258,16,1,0
BRDA:276,17,0,0
BRDA:276,17,1,0
BRDA:280,18,0,0
BRDA:280,18,1,0
BRDA:292,19,0,0
BRDA:292,19,1,0
BRDA:296,20,0,0
BRDA:296,20,1,0
BRDA:316,21,0,0
BRDA:316,21,1,0
BRDA:328,22,0,0
BRDA:328,22,1,0
BRDA:334,23,0,0
BRDA:334,23,1,0
BRF:48
BRH:0
end_of_record
TN:
SF:components/VoiceCopilotButton.tsx
FN:30,VoiceCopilotButton
FN:41,(anonymous_1)
FN:70,(anonymous_2)
FN:85,(anonymous_3)
FN:95,(anonymous_4)
FN:98,(anonymous_5)
FN:105,(anonymous_6)
FN:122,(anonymous_7)
FN:135,(anonymous_8)
FNF:9
FNH:0
FNDA:0,VoiceCopilotButton
FNDA:0,(anonymous_1)
FNDA:0,(anonymous_2)
FNDA:0,(anonymous_3)
FNDA:0,(anonymous_4)
FNDA:0,(anonymous_5)
FNDA:0,(anonymous_6)
FNDA:0,(anonymous_7)
FNDA:0,(anonymous_8)
DA:28,0
DA:31,0
DA:32,0
DA:33,0
DA:36,0
DA:37,0
DA:38,0
DA:41,0
DA:42,0
DA:44,0
DA:49,0
DA:51,0
DA:56,0
DA:58,0
DA:63,0
DA:65,0
DA:66,0
DA:70,0
DA:71,0
DA:85,0
DA:86,0
DA:87,0
DA:95,0
DA:96,0
DA:98,0
DA:99,0
DA:102,0
DA:105,0
DA:106,0
DA:108,0
DA:110,0
DA:112,0
DA:114,0
DA:116,0
DA:122,0
DA:123,0
DA:127,0
DA:129,0
DA:131,0
DA:135,0
DA:136,0
DA:140,0
DA:142,0
DA:146,0
DA:147,0
DA:150,0
DA:152,0
DA:208,0
LF:48
LH:0
BRDA:42,0,0,0
BRDA:42,0,1,0
BRDA:42,0,2,0
BRDA:42,0,3,0
BRDA:86,1,0,0
BRDA:86,1,1,0
BRDA:96,2,0,0
BRDA:96,2,1,0
BRDA:106,3,0,0
BRDA:106,3,1,0
BRDA:106,3,2,0
BRDA:106,3,3,0
BRDA:106,3,4,0
BRDA:116,4,0,0
BRDA:116,4,1,0
BRDA:123,5,0,0
BRDA:123,5,1,0
BRDA:123,5,2,0
BRDA:123,5,3,0
BRDA:123,5,4,0
BRDA:136,6,0,0
BRDA:136,6,1,0
BRDA:136,6,2,0
BRDA:136,6,3,0
BRDA:146,7,0,0
BRDA:146,7,1,0
BRDA:186,8,0,0
BRDA:186,8,1,0
BRDA:199,9,0,0
BRDA:199,9,1,0
BRF:30
BRH:0
end_of_record
TN:
SF:components/VoiceCopilotInterface.tsx
FN:44,VoiceCopilotInterface
FN:73,(anonymous_1)
FN:76,(anonymous_2)
FN:85,(anonymous_3)
FN:115,(anonymous_4)
FN:121,(anonymous_5)
FN:128,(anonymous_6)
FN:137,(anonymous_7)
FN:144,(anonymous_8)
FN:159,(anonymous_9)
FN:174,(anonymous_10)
FN:180,(anonymous_11)
FN:396,SuggestionChip
FN:410,(anonymous_13)
FNF:14
FNH:0
FNDA:0,VoiceCopilotInterface
FNDA:0,(anonymous_1)
FNDA:0,(anonymous_2)
FNDA:0,(anonymous_3)
FNDA:0,(anonymous_4)
FNDA:0,(anonymous_5)
FNDA:0,(anonymous_6)
FNDA:0,(anonymous_7)
FNDA:0,(anonymous_8)
FNDA:0,(anonymous_9)
FNDA:0,(anonymous_10)
FNDA:0,(anonymous_11)
FNDA:0,SuggestionChip
FNDA:0,(anonymous_13)
DA:42,0
DA:59,0
DA:61,0
DA:62,0
DA:64,0
DA:65,0
DA:68,0
DA:69,0
DA:70,0
DA:73,0
DA:74,0
DA:75,0
DA:76,0
DA:77,0
DA:80,0
DA:85,0
DA:86,0
DA:88,0
DA:93,0
DA:95,0
DA:100,0
DA:102,0
DA:107,0
DA:109,0
DA:110,0
DA:115,0
DA:116,0
DA:117,0
DA:121,0
DA:128,0
DA:129,0
DA:134,0
DA:137,0
DA:138,0
DA:139,0
DA:140,0
DA:144,0
DA:145,0
DA:147,0
DA:149,0
DA:151,0
DA:153,0
DA:155,0
DA:159,0
DA:160,0
DA:162,0
DA:164,0
DA:166,0
DA:168,0
DA:170,0
DA:174,0
DA:175,0
DA:177,0
DA:178,0
DA:181,0
DA:198,0
DA:199,0
DA:208,0
DA:209,0
DA:218,0
DA:227,0
DA:229,0
DA:397,0
DA:398,0
DA:399,0
DA:401,0
DA:410,0
DA:420,0
LF:68
LH:0
BRDA:74,0,0,0
BRDA:74,0,1,0
BRDA:86,1,0,0
BRDA:86,1,1,0
BRDA:86,1,2,0
BRDA:86,1,3,0
BRDA:116,2,0,0
BRDA:116,2,1,0
BRDA:116,3,0,0
BRDA:116,3,1,0
BRDA:138,4,0,0
BRDA:138,4,1,0
BRDA:145,5,0,0
BRDA:145,5,1,0
BRDA:145,5,2,0
BRDA:145,5,3,0
BRDA:145,5,4,0
BRDA:160,6,0,0
BRDA:160,6,1,0
BRDA:160,6,2,0
BRDA:160,6,3,0
BRDA:160,6,4,0
BRDA:177,7,0,0
BRDA:177,7,1,0
BRDA:198,8,0,0
BRDA:198,8,1,0
BRDA:208,9,0,0
BRDA:208,9,1,0
BRDA:227,10,0,0
BRDA:227,10,1,0
BRDA:263,11,0,0
BRDA:263,11,1,0
BRDA:268,12,0,0
BRDA:268,12,1,0
BRDA:279,13,0,0
BRDA:279,13,1,0
BRDA:288,14,0,0
BRDA:288,14,1,0
BRDA:305,15,0,0
BRDA:305,15,1,0
BRDA:309,16,0,0
BRDA:309,16,1,0
BRDA:310,17,0,0
BRDA:310,17,1,0
BRDA:314,18,0,0
BRDA:314,18,1,0
BRDA:320,19,0,0
BRDA:320,19,1,0
BRDA:353,20,0,0
BRDA:353,20,1,0
BRDA:361,21,0,0
BRDA:361,21,1,0
BRDA:365,22,0,0
BRDA:365,22,1,0
BRDA:365,22,2,0
BRDA:369,23,0,0
BRDA:369,23,1,0
BRDA:411,24,0,0
BRDA:411,24,1,0
BRF:59
BRH:0
end_of_record
TN:
SF:components/dashboard/BottomNavigation.tsx
FN:22,BottomNavigation
FN:30,(anonymous_1)
FN:65,(anonymous_2)
FN:75,(anonymous_3)
FNF:4
FNH:0
FNDA:0,BottomNavigation
FNDA:0,(anonymous_1)
FNDA:0,(anonymous_2)
FNDA:0,(anonymous_3)
DA:14,0
DA:27,0
DA:28,0
DA:30,0
DA:31,0
DA:32,0
DA:34,0
DA:36,0
DA:38,0
DA:40,0
DA:42,0
DA:44,0
DA:46,0
DA:48,0
DA:52,0
DA:66,0
DA:68,0
DA:75,0
DA:103,0
LF:19
LH:0
BRDA:32,0,0,0
BRDA:32,0,1,0
BRDA:34,1,0,0
BRDA:34,1,1,0
BRDA:34,1,2,0
BRDA:34,1,3,0
BRDA:34,1,4,0
BRDA:34,1,5,0
BRDA:34,1,6,0
BRDA:58,2,0,0
BRDA:58,2,1,0
BRDA:73,3,0,0
BRDA:73,3,1,0
BRDA:83,4,0,0
BRDA:83,4,1,0
BRDA:84,5,0,0
BRDA:84,5,1,0
BRDA:90,6,0,0
BRDA:90,6,1,0
BRDA:118,7,0,0
BRDA:118,7,1,0
BRF:21
BRH:0
end_of_record
TN:
SF:components/dashboard/ChartWidget.tsx
FN:16,ChartWidget
FN:21,(anonymous_1)
FN:31,(anonymous_2)
FN:43,(anonymous_3)
FN:44,(anonymous_4)
FN:53,(anonymous_5)
FN:69,(anonymous_6)
FNF:7
FNH:0
FNDA:0,ChartWidget
FNDA:0,(anonymous_1)
FNDA:0,(anonymous_2)
FNDA:0,(anonymous_3)
FNDA:0,(anonymous_4)
FNDA:0,(anonymous_5)
FNDA:0,(anonymous_6)
DA:7,0
DA:17,0
DA:18,0
DA:21,0
DA:22,0
DA:23,0
DA:24,0
DA:25,0
DA:27,0
DA:31,0
DA:32,0
DA:33,0
DA:35,0
DA:38,0
DA:43,0
DA:44,0
DA:53,0
DA:54,0
DA:55,0
DA:58,0
DA:59,0
DA:70,0
DA:88,0
DA:89,0
DA:98,0
DA:99,0
DA:101,0
DA:112,0
DA:124,0
DA:137,0
DA:146,0
DA:147,0
DA:160,0
DA:170,0
LF:34
LH:0
BRDA:22,0,0,0
BRDA:22,0,1,0
BRDA:24,1,0,0
BRDA:24,1,1,0
BRDA:32,2,0,0
BRDA:32,2,1,0
BRDA:33,3,0,0
BRDA:33,3,1,0
BRDA:35,4,0,0
BRDA:35,4,1,0
BRDA:43,5,0,0
BRDA:44,6,0,0
BRDA:49,7,0,0
BRDA:49,7,1,0
BRDA:58,8,0,0
BRDA:58,8,1,0
BRDA:67,9,0,0
BRDA:67,9,1,0
BRDA:67,9,2,0
BRDA:67,9,3,0
BRDA:76,10,0,0
BRDA:76,10,1,0
BRDA:76,10,2,0
BRDA:76,10,3,0
BRDA:76,10,4,0
BRDA:79,11,0,0
BRDA:79,11,1,0
BRDA:88,12,0,0
BRDA:88,12,1,0
BRDA:99,13,0,0
BRDA:99,13,1,0
BRDA:99,13,2,0
BRDA:99,13,3,0
BRDA:153,14,0,0
BRDA:153,14,1,0
BRDA:153,15,0,0
BRDA:153,15,1,0
BRDA:182,16,0,0
BRDA:182,16,1,0
BRF:39
BRH:0
end_of_record
TN:
SF:components/dashboard/DashboardLayout.tsx
FN:16,DashboardLayout
FN:28,(anonymous_1)
FN:29,(anonymous_2)
FN:44,(anonymous_3)
FN:50,(anonymous_4)
FN:51,(anonymous_5)
FNF:6
FNH:0
FNDA:0,DashboardLayout
FNDA:0,(anonymous_1)
FNDA:0,(anonymous_2)
FNDA:0,(anonymous_3)
FNDA:0,(anonymous_4)
FNDA:0,(anonymous_5)
DA:7,0
DA:22,0
DA:23,0
DA:24,0
DA:26,0
DA:28,0
DA:29,0
DA:30,0
DA:32,0
DA:33,0
DA:34,0
DA:35,0
DA:38,0
DA:39,0
DA:40,0
DA:44,0
DA:45,0
DA:46,0
DA:47,0
DA:50,0
DA:51,0
DA:53,0
DA:54,0
DA:70,0
DA:97,0
DA:112,0
LF:26
LH:0
BRDA:32,0,0,0
BRDA:32,0,1,0
BRDA:32,1,0,0
BRDA:32,1,1,0
BRDA:34,2,0,0
BRDA:34,2,1,0
BRDA:34,3,0,0
BRDA:34,3,1,0
BRDA:38,4,0,0
BRDA:38,4,1,0
BRDA:45,5,0,0
BRDA:45,5,1,0
BRDA:46,6,0,0
BRDA:46,6,1,0
BRDA:53,7,0,0
BRDA:53,7,1,0
BRDA:53,8,0,0
BRDA:53,8,1,0
BRDA:76,9,0,0
BRDA:76,9,1,0
BRDA:77,10,0,0
BRDA:77,10,1,0
BRDA:86,11,0,0
BRDA:86,11,1,0
BRDA:87,12,0,0
BRDA:87,12,1,0
BRDA:101,13,0,0
BRDA:101,13,1,0
BRDA:124,14,0,0
BRDA:124,14,1,0
BRF:30
BRH:0
end_of_record
TN:
SF:components/dashboard/MetricWidget.tsx
FN:18,MetricWidget
FN:29,(anonymous_1)
FN:41,(anonymous_2)
FNF:3
FNH:0
FNDA:0,MetricWidget
FNDA:0,(anonymous_1)
FNDA:0,(anonymous_2)
DA:7,0
DA:26,0
DA:27,0
DA:29,0
DA:30,0
DA:31,0
DA:33,0
DA:35,0
DA:37,0
DA:41,0
DA:42,0
DA:44,0
DA:46,0
DA:48,0
DA:52,0
DA:80,0
LF:16
LH:0
BRDA:22,0,0,0
BRDA:30,1,0,0
BRDA:30,1,1,0
BRDA:31,2,0,0
BRDA:31,2,1,0
BRDA:31,2,2,0
BRDA:42,3,0,0
BRDA:42,3,1,0
BRDA:42,3,2,0
BRDA:56,4,0,0
BRDA:56,4,1,0
BRDA:61,5,0,0
BRDA:61,5,1,0
BRDA:61,5,2,0
BRDA:63,6,0,0
BRDA:63,6,1,0
BRDA:71,7,0,0
BRDA:71,7,1,0
BRDA:83,8,0,0
BRDA:83,8,1,0
BRDA:90,9,0,0
BRDA:90,9,1,0
BRDA:99,10,0,0
BRDA:99,10,1,0
BRDA:107,11,0,0
BRDA:107,11,1,0
BRDA:122,12,0,0
BRDA:122,12,1,0
BRDA:127,13,0,0
BRDA:127,13,1,0
BRF:30
BRH:0
end_of_record
TN:
SF:components/dashboard/RealTimeWidget.tsx
FN:21,RealTimeWidget
FN:31,(anonymous_1)
FN:32,(anonymous_2)
FN:38,(anonymous_3)
FN:41,(anonymous_4)
FN:54,(anonymous_5)
FN:80,(anonymous_6)
FNF:7
FNH:0
FNDA:0,RealTimeWidget
FNDA:0,(anonymous_1)
FNDA:0,(anonymous_2)
FNDA:0,(anonymous_3)
FNDA:0,(anonymous_4)
FNDA:0,(anonymous_5)
FNDA:0,(anonymous_6)
DA:7,0
DA:26,0
DA:27,0
DA:28,0
DA:29,0
DA:31,0
DA:32,0
DA:33,0
DA:35,0
DA:38,0
DA:41,0
DA:42,0
DA:44,0
DA:46,0
DA:48,0
DA:50,0
DA:54,0
DA:55,0
DA:56,0
DA:58,0
DA:60,0
DA:62,0
DA:66,0
DA:81,0
DA:107,0
LF:25
LH:0
BRDA:24,0,0,0
BRDA:42,1,0,0
BRDA:42,1,1,0
BRDA:42,1,2,0
BRDA:42,1,3,0
BRDA:55,2,0,0
BRDA:55,2,1,0
BRDA:56,3,0,0
BRDA:56,3,1,0
BRDA:56,3,2,0
BRDA:71,4,0,0
BRDA:71,4,1,0
BRDA:72,5,0,0
BRDA:72,5,1,0
BRDA:74,6,0,0
BRDA:74,6,1,0
BRDA:86,7,0,0
BRDA:86,7,1,0
BRDA:110,8,0,0
BRDA:110,8,1,0
BRDA:125,9,0,0
BRDA:125,9,1,0
BRDA:135,10,0,0
BRDA:135,10,1,0
BRDA:144,11,0,0
BRDA:144,11,1,0
BRDA:148,12,0,0
BRDA:148,12,1,0
BRDA:152,13,0,0
BRDA:152,13,1,0
BRF:30
BRH:0
end_of_record
TN:
SF:components/dashboard/TableWidget.tsx
FN:21,TableWidget
FN:29,(anonymous_1)
FN:31,(anonymous_2)
FN:33,(anonymous_3)
FN:49,(anonymous_4)
FN:54,(anonymous_5)
FN:69,(anonymous_6)
FN:77,(anonymous_7)
FNF:8
FNH:0
FNDA:0,TableWidget
FNDA:0,(anonymous_1)
FNDA:0,(anonymous_2)
FNDA:0,(anonymous_3)
FNDA:0,(anonymous_4)
FNDA:0,(anonymous_5)
FNDA:0,(anonymous_6)
FNDA:0,(anonymous_7)
DA:6,0
DA:22,0
DA:23,0
DA:25,0
DA:26,0
DA:29,0
DA:30,0
DA:32,0
DA:34,0
DA:49,0
DA:50,0
DA:55,0
DA:70,0
DA:78,0
DA:95,0
DA:103,0
LF:16
LH:0
BRDA:21,0,0,0
BRDA:26,1,0,0
BRDA:26,1,1,0
BRDA:59,2,0,0
BRDA:59,2,1,0
BRDA:74,3,0,0
BRDA:74,3,1,0
BRDA:82,4,0,0
BRDA:82,4,1,0
BRDA:98,5,0,0
BRDA:98,5,1,0
BRDA:115,6,0,0
BRDA:115,6,1,0
BRF:13
BRH:0
end_of_record
TN:
SF:components/integrations/IntegrationAuthModal.tsx
FN:34,IntegrationAuthModal
FN:50,(anonymous_1)
FN:58,(anonymous_2)
FN:99,(anonymous_3)
FN:103,(anonymous_4)
FN:121,(anonymous_5)
FN:144,(anonymous_6)
FN:240,(anonymous_7)
FNF:8
FNH:0
FNDA:0,IntegrationAuthModal
FNDA:0,(anonymous_1)
FNDA:0,(anonymous_2)
FNDA:0,(anonymous_3)
FNDA:0,(anonymous_4)
FNDA:0,(anonymous_5)
FNDA:0,(anonymous_6)
FNDA:0,(anonymous_7)
DA:16,0
DA:42,0
DA:43,0
DA:44,0
DA:45,0
DA:48,0
DA:50,0
DA:51,0
DA:52,0
DA:53,0
DA:54,0
DA:58,0
DA:59,0
DA:61,0
DA:62,0
DA:66,0
DA:67,0
DA:68,0
DA:69,0
DA:70,0
DA:72,0
DA:73,0
DA:79,0
DA:80,0
DA:82,0
DA:85,0
DA:86,0
DA:91,0
DA:92,0
DA:93,0
DA:94,0
DA:95,0
DA:99,0
DA:100,0
DA:103,0
DA:104,0
DA:105,0
DA:107,0
DA:108,0
DA:111,0
DA:121,0
DA:122,0
DA:124,0
DA:129,0
DA:131,0
DA:132,0
DA:133,0
DA:135,0
DA:138,0
DA:141,0
DA:144,0
DA:145,0
DA:146,0
DA:147,0
DA:148,0
DA:151,0
DA:241,0
DA:242,0
DA:243,0
LF:59
LH:0
BRDA:51,0,0,0
BRDA:51,0,1,0
BRDA:61,1,0,0
BRDA:61,1,1,0
BRDA:66,2,0,0
BRDA:66,2,1,0
BRDA:66,3,0,0
BRDA:66,3,1,0
BRDA:68,4,0,0
BRDA:68,4,1,0
BRDA:72,5,0,0
BRDA:72,5,1,0
BRDA:72,6,0,0
BRDA:72,6,1,0
BRDA:91,7,0,0
BRDA:91,7,1,0
BRDA:91,8,0,0
BRDA:91,8,1,0
BRDA:91,8,2,0
BRDA:92,9,0,0
BRDA:92,9,1,0
BRDA:93,10,0,0
BRDA:93,10,1,0
BRDA:129,11,0,0
BRDA:129,11,1,0
BRDA:129,12,0,0
BRDA:129,12,1,0
BRDA:132,13,0,0
BRDA:132,13,1,0
BRDA:190,14,0,0
BRDA:190,14,1,0
BRDA:190,14,2,0
BRDA:203,15,0,0
BRDA:203,15,1,0
BRDA:233,16,0,0
BRDA:233,16,1,0
BRDA:242,17,0,0
BRDA:242,17,1,0
BRDA:248,18,0,0
BRDA:248,18,1,0
BRF:40
BRH:0
end_of_record
TN:
SF:components/integrations/IntegrationStatusBadge.tsx
FN:19,IntegrationStatusBadge
FN:25,(anonymous_1)
FN:84,(anonymous_2)
FNF:3
FNH:0
FNDA:0,IntegrationStatusBadge
FNDA:0,(anonymous_1)
FNDA:0,(anonymous_2)
DA:25,0
DA:26,0
DA:28,0
DA:37,0
DA:46,0
DA:55,0
DA:64,0
DA:73,0
DA:84,0
DA:85,0
DA:87,0
DA:94,0
DA:101,0
DA:110,0
DA:111,0
DA:112,0
DA:114,0
DA:116,0
DA:123,0
LF:19
LH:0
BRDA:21,0,0,0
BRDA:22,1,0,0
BRDA:23,2,0,0
BRDA:26,3,0,0
BRDA:26,3,1,0
BRDA:26,3,2,0
BRDA:26,3,3,0
BRDA:26,3,4,0
BRDA:26,3,5,0
BRDA:85,4,0,0
BRDA:85,4,1,0
BRDA:85,4,2,0
BRDA:114,5,0,0
BRDA:114,5,1,0
BRF:14
BRH:0
end_of_record
TN:
SF:components/v0/HausDesignSystemInfo.tsx
FN:5,HausDesignSystemInfo
FN:67,(anonymous_1)
FN:93,(anonymous_2)
FN:124,(anonymous_3)
FN:171,(anonymous_4)
FNF:5
FNH:0
FNDA:0,HausDesignSystemInfo
FNDA:0,(anonymous_1)
FNDA:0,(anonymous_2)
FNDA:0,(anonymous_3)
FNDA:0,(anonymous_4)
DA:6,0
DA:15,0
DA:38,0
DA:46,0
DA:68,0
DA:94,0
DA:125,0
DA:172,0
LF:8
LH:0
BRF:0
BRH:0
end_of_record
TN:
SF:components/v0/V0ComponentGenerator.tsx
FN:9,V0ComponentGenerator
FN:18,(anonymous_1)
FN:40,(anonymous_2)
FN:46,(anonymous_3)
FN:55,(anonymous_4)
FN:58,(anonymous_5)
FN:132,(anonymous_6)
FN:135,(anonymous_7)
FN:169,(anonymous_8)
FN:247,(anonymous_9)
FN:259,(anonymous_10)
FNF:11
FNH:0
FNDA:0,V0ComponentGenerator
FNDA:0,(anonymous_1)
FNDA:0,(anonymous_2)
FNDA:0,(anonymous_3)
FNDA:0,(anonymous_4)
FNDA:0,(anonymous_5)
FNDA:0,(anonymous_6)
FNDA:0,(anonymous_7)
FNDA:0,(anonymous_8)
FNDA:0,(anonymous_9)
FNDA:0,(anonymous_10)
DA:10,0
DA:11,0
DA:12,0
DA:13,0
DA:14,0
DA:16,0
DA:18,0
DA:19,0
DA:20,0
DA:21,0
DA:24,0
DA:25,0
DA:33,0
DA:34,0
DA:36,0
DA:40,0
DA:41,0
DA:42,0
DA:43,0
DA:46,0
DA:52,0
DA:56,0
DA:58,0
DA:78,0
DA:133,0
DA:135,0
DA:169,0
DA:248,0
DA:260,0
LF:29
LH:0
BRDA:19,0,0,0
BRDA:19,0,1,0
BRDA:60,1,0,0
BRDA:60,1,1,0
BRDA:67,2,0,0
BRDA:67,2,1,0
BRDA:95,3,0,0
BRDA:95,3,1,0
BRDA:171,4,0,0
BRDA:171,4,1,0
BRDA:176,5,0,0
BRDA:176,5,1,0
BRDA:179,6,0,0
BRDA:179,6,1,0
BRDA:183,7,0,0
BRDA:183,7,1,0
BRDA:192,8,0,0
BRDA:192,8,1,0
BRDA:194,9,0,0
BRDA:194,9,1,0
BRDA:194,10,0,0
BRDA:194,10,1,0
BRDA:201,11,0,0
BRDA:201,11,1,0
BRDA:201,12,0,0
BRDA:201,12,1,0
BRDA:206,13,0,0
BRDA:206,13,1,0
BRDA:221,14,0,0
BRDA:221,14,1,0
BRDA:225,15,0,0
BRDA:225,15,1,0
BRDA:238,16,0,0
BRDA:238,16,1,0
BRDA:243,17,0,0
BRDA:243,17,1,0
BRDA:243,17,2,0
BRDA:256,18,0,0
BRDA:256,18,1,0
BRDA:256,18,2,0
BRF:40
BRH:0
end_of_record
TN:
SF:components/v0/V0Generator.tsx
FN:9,V0Generator
FN:16,(anonymous_1)
FN:38,(anonymous_2)
FN:96,(anonymous_3)
FN:99,(anonymous_4)
FN:116,(anonymous_5)
FN:131,(anonymous_6)
FN:148,(anonymous_7)
FNF:8
FNH:0
FNDA:0,V0Generator
FNDA:0,(anonymous_1)
FNDA:0,(anonymous_2)
FNDA:0,(anonymous_3)
FNDA:0,(anonymous_4)
FNDA:0,(anonymous_5)
FNDA:0,(anonymous_6)
FNDA:0,(anonymous_7)
DA:10,0
DA:11,0
DA:12,0
DA:14,0
DA:16,0
DA:17,0
DA:18,0
DA:19,0
DA:22,0
DA:23,0
DA:30,0
DA:32,0
DA:34,0
DA:38,0
DA:39,0
DA:40,0
DA:41,0
DA:44,0
DA:97,0
DA:99,0
DA:116,0
DA:131,0
DA:148,0
LF:23
LH:0
BRDA:17,0,0,0
BRDA:17,0,1,0
BRDA:61,1,0,0
BRDA:61,1,1,0
BRDA:115,2,0,0
BRDA:115,2,1,0
BRDA:118,3,0,0
BRDA:118,3,1,0
BRDA:135,4,0,0
BRDA:135,4,1,0
BRDA:152,5,0,0
BRDA:152,5,1,0
BRDA:165,6,0,0
BRDA:165,6,1,0
BRDA:167,7,0,0
BRDA:167,7,1,0
BRDA:167,8,0,0
BRDA:167,8,1,0
BRDA:174,9,0,0
BRDA:174,9,1,0
BRDA:174,10,0,0
BRDA:174,10,1,0
BRDA:179,11,0,0
BRDA:179,11,1,0
BRDA:194,12,0,0
BRDA:194,12,1,0
BRDA:210,13,0,0
BRDA:210,13,1,0
BRDA:214,14,0,0
BRDA:214,14,1,0
BRF:30
BRH:0
end_of_record
TN:
SF:components/v0/V0Status.tsx
FN:5,V0Status
FN:8,(anonymous_1)
FN:14,(anonymous_2)
FN:20,(anonymous_3)
FN:26,(anonymous_4)
FN:32,(anonymous_5)
FN:45,(anonymous_6)
FNF:7
FNH:0
FNDA:0,V0Status
FNDA:0,(anonymous_1)
FNDA:0,(anonymous_2)
FNDA:0,(anonymous_3)
FNDA:0,(anonymous_4)
FNDA:0,(anonymous_5)
FNDA:0,(anonymous_6)
DA:6,0
DA:8,0
DA:9,0
DA:10,0
DA:11,0
DA:14,0
DA:15,0
DA:16,0
DA:17,0
DA:20,0
DA:21,0
DA:22,0
DA:23,0
DA:26,0
DA:27,0
DA:28,0
DA:29,0
DA:32,0
DA:33,0
DA:34,0
DA:35,0
DA:38,0
DA:45,0
LF:23
LH:0
BRDA:9,0,0,0
BRDA:9,0,1,0
BRDA:10,1,0,0
BRDA:10,1,1,0
BRDA:15,2,0,0
BRDA:15,2,1,0
BRDA:16,3,0,0
BRDA:16,3,1,0
BRDA:21,4,0,0
BRDA:21,4,1,0
BRDA:22,5,0,0
BRDA:22,5,1,0
BRDA:27,6,0,0
BRDA:27,6,1,0
BRDA:28,7,0,0
BRDA:28,7,1,0
BRDA:33,8,0,0
BRDA:33,8,1,0
BRDA:34,9,0,0
BRDA:34,9,1,0
BRDA:49,10,0,0
BRDA:49,10,1,0
BRDA:64,11,0,0
BRDA:64,11,1,0
BRDA:64,11,2,0
BRDA:66,12,0,0
BRDA:66,12,1,0
BRDA:73,13,0,0
BRDA:73,13,1,0
BRDA:82,14,0,0
BRDA:82,14,1,0
BRDA:91,15,0,0
BRDA:91,15,1,0
BRDA:109,16,0,0
BRDA:109,16,1,0
BRF:35
BRH:0
end_of_record
TN:
SF:hooks/useFavorites.ts
FN:6,(anonymous_0)
FN:10,(anonymous_1)
FN:14,(anonymous_2)
FN:28,(anonymous_3)
FN:37,(anonymous_4)
FN:44,(anonymous_5)
FN:45,(anonymous_6)
FN:49,(anonymous_7)
FN:57,(anonymous_8)
FN:71,useFavoriteProperties
FN:74,(anonymous_10)
FNF:11
FNH:0
FNDA:0,(anonymous_0)
FNDA:0,(anonymous_1)
FNDA:0,(anonymous_2)
FNDA:0,(anonymous_3)
FNDA:0,(anonymous_4)
FNDA:0,(anonymous_5)
FNDA:0,(anonymous_6)
FNDA:0,(anonymous_7)
FNDA:0,(anonymous_8)
FNDA:0,useFavoriteProperties
FNDA:0,(anonymous_10)
DA:6,0
DA:7,0
DA:8,0
DA:10,0
DA:11,0
DA:14,0
DA:15,0
DA:16,0
DA:17,0
DA:18,0
DA:19,0
DA:22,0
DA:24,0
DA:28,0
DA:29,0
DA:30,0
DA:31,0
DA:33,0
DA:37,0
DA:38,0
DA:39,0
DA:40,0
DA:44,0
DA:45,0
DA:46,0
DA:49,0
DA:50,0
DA:51,0
DA:53,0
DA:57,0
DA:58,0
DA:61,0
DA:72,0
DA:74,0
LF:34
LH:0
BRDA:18,0,0,0
BRDA:18,0,1,0
BRDA:38,1,0,0
BRDA:38,1,1,0
BRDA:50,2,0,0
BRDA:50,2,1,0
BRF:6
BRH:0
end_of_record
TN:
SF:hooks/useIntegrations.ts
FN:36,useIntegrations
FN:46,(anonymous_1)
FN:50,(anonymous_2)
FN:60,(anonymous_3)
FN:69,(anonymous_4)
FN:74,(anonymous_5)
FN:77,(anonymous_6)
FN:84,(anonymous_7)
FN:89,(anonymous_8)
FN:93,(anonymous_9)
FN:100,(anonymous_10)
FN:102,(anonymous_11)
FN:105,(anonymous_12)
FN:112,(anonymous_13)
FN:114,(anonymous_14)
FN:125,(anonymous_15)
FN:132,(anonymous_16)
FN:135,(anonymous_17)
FN:136,(anonymous_18)
FN:140,(anonymous_19)
FN:158,(anonymous_20)
FN:159,(anonymous_21)
FN:163,(anonymous_22)
FN:164,(anonymous_23)
FN:168,(anonymous_24)
FN:169,(anonymous_25)
FN:173,(anonymous_26)
FN:175,(anonymous_27)
FN:186,(anonymous_28)
FN:190,(anonymous_29)
FN:191,(anonymous_30)
FN:195,(anonymous_31)
FN:196,(anonymous_32)
FN:199,(anonymous_33)
FN:200,(anonymous_34)
FN:203,(anonymous_35)
FN:240,useIntegration
FN:252,(anonymous_37)
FN:256,(anonymous_38)
FN:260,(anonymous_39)
FN:267,(anonymous_40)
FN:288,useIntegrationHealth
FN:293,(anonymous_42)
FN:298,(anonymous_43)
FN:306,(anonymous_44)
FN:307,(anonymous_45)
FNF:46
FNH:0
FNDA:0,useIntegrations
FNDA:0,(anonymous_1)
FNDA:0,(anonymous_2)
FNDA:0,(anonymous_3)
FNDA:0,(anonymous_4)
FNDA:0,(anonymous_5)
FNDA:0,(anonymous_6)
FNDA:0,(anonymous_7)
FNDA:0,(anonymous_8)
FNDA:0,(anonymous_9)
FNDA:0,(anonymous_10)
FNDA:0,(anonymous_11)
FNDA:0,(anonymous_12)
FNDA:0,(anonymous_13)
FNDA:0,(anonymous_14)
FNDA:0,(anonymous_15)
FNDA:0,(anonymous_16)
FNDA:0,(anonymous_17)
FNDA:0,(anonymous_18)
FNDA:0,(anonymous_19)
FNDA:0,(anonymous_20)
FNDA:0,(anonymous_21)
FNDA:0,(anonymous_22)
FNDA:0,(anonymous_23)
FNDA:0,(anonymous_24)
FNDA:0,(anonymous_25)
FNDA:0,(anonymous_26)
FNDA:0,(anonymous_27)
FNDA:0,(anonymous_28)
FNDA:0,(anonymous_29)
FNDA:0,(anonymous_30)
FNDA:0,(anonymous_31)
FNDA:0,(anonymous_32)
FNDA:0,(anonymous_33)
FNDA:0,(anonymous_34)
FNDA:0,(anonymous_35)
FNDA:0,useIntegration
FNDA:0,(anonymous_37)
FNDA:0,(anonymous_38)
FNDA:0,(anonymous_39)
FNDA:0,(anonymous_40)
FNDA:0,useIntegrationHealth
FNDA:0,(anonymous_42)
FNDA:0,(anonymous_43)
FNDA:0,(anonymous_44)
FNDA:0,(anonymous_45)
DA:37,0
DA:44,0
DA:46,0
DA:50,0
DA:58,0
DA:60,0
DA:68,0
DA:73,0
DA:75,0
DA:78,0
DA:83,0
DA:88,0
DA:91,0
DA:94,0
DA:99,0
DA:101,0
DA:103,0
DA:106,0
DA:111,0
DA:113,0
DA:115,0
DA:123,0
DA:125,0
DA:132,0
DA:133,0
DA:135,0
DA:136,0
DA:137,0
DA:140,0
DA:141,0
DA:144,0
DA:158,0
DA:159,0
DA:163,0
DA:164,0
DA:168,0
DA:169,0
DA:173,0
DA:174,0
DA:175,0
DA:176,0
DA:177,0
DA:178,0
DA:180,0
DA:182,0
DA:186,0
DA:190,0
DA:191,0
DA:195,0
DA:196,0
DA:199,0
DA:200,0
DA:203,0
DA:204,0
DA:207,0
DA:247,0
DA:249,0
DA:251,0
DA:253,0
DA:256,0
DA:257,0
DA:260,0
DA:261,0
DA:262,0
DA:264,0
DA:267,0
DA:268,0
DA:274,0
DA:289,0
DA:291,0
DA:293,0
DA:298,0
DA:299,0
DA:302,0
DA:306,0
DA:307,0
LF:76
LH:0
BRDA:133,0,0,0
BRDA:133,0,1,0
BRDA:147,1,0,0
BRDA:147,1,1,0
BRDA:149,2,0,0
BRDA:149,2,1,0
BRDA:150,3,0,0
BRDA:150,3,1,0
BRDA:151,4,0,0
BRDA:151,4,1,0
BRDA:176,5,0,0
BRDA:176,5,1,0
BRDA:177,6,0,0
BRDA:177,6,1,0
BRDA:217,7,0,0
BRDA:217,7,1,0
BRDA:221,8,0,0
BRDA:221,8,1,0
BRDA:261,9,0,0
BRDA:261,9,1,0
BRDA:280,10,0,0
BRDA:280,10,1,0
BRDA:280,10,2,0
BRDA:280,10,3,0
BRDA:306,11,0,0
BRDA:306,11,1,0
BRDA:307,12,0,0
BRDA:307,12,1,0
BRF:28
BRH:0
end_of_record
TN:
SF:hooks/useProperties.ts
FN:7,(anonymous_0)
FN:9,(anonymous_1)
FN:13,(anonymous_2)
FN:15,(anonymous_3)
FN:19,useProperties
FN:26,useOffMarketProperties
FN:33,useAllProperties
FN:37,(anonymous_7)
FN:48,useFilteredProperties
FN:64,(anonymous_9)
FN:67,(anonymous_10)
FN:130,useProperty
FN:133,(anonymous_12)
FN:139,(anonymous_13)
FNF:14
FNH:0
FNDA:0,(anonymous_0)
FNDA:0,(anonymous_1)
FNDA:0,(anonymous_2)
FNDA:0,(anonymous_3)
FNDA:0,useProperties
FNDA:0,useOffMarketProperties
FNDA:0,useAllProperties
FNDA:0,(anonymous_7)
FNDA:0,useFilteredProperties
FNDA:0,(anonymous_9)
FNDA:0,(anonymous_10)
FNDA:0,useProperty
FNDA:0,(anonymous_12)
FNDA:0,(anonymous_13)
DA:7,0
DA:9,0
DA:10,0
DA:13,0
DA:15,0
DA:16,0
DA:20,0
DA:27,0
DA:34,0
DA:35,0
DA:37,0
DA:38,0
DA:39,0
DA:42,0
DA:64,0
DA:65,0
DA:67,0
DA:69,0
DA:72,0
DA:76,0
DA:78,0
DA:82,0
DA:84,0
DA:88,0
DA:89,0
DA:91,0
DA:92,0
DA:96,0
DA:97,0
DA:99,0
DA:100,0
DA:104,0
DA:105,0
DA:106,0
DA:108,0
DA:109,0
DA:114,0
DA:116,0
DA:120,0
DA:122,0
DA:125,0
DA:131,0
DA:133,0
DA:134,0
DA:135,0
DA:138,0
DA:139,0
LF:47
LH:0
BRDA:38,0,0,0
BRDA:38,0,1,0
BRDA:38,1,0,0
BRDA:38,1,1,0
BRDA:39,2,0,0
BRDA:39,2,1,0
BRDA:39,3,0,0
BRDA:39,3,1,0
BRDA:44,4,0,0
BRDA:44,4,1,0
BRDA:65,5,0,0
BRDA:65,5,1,0
BRDA:69,6,0,0
BRDA:69,6,1,0
BRDA:69,7,0,0
BRDA:69,7,1,0
BRDA:69,7,2,0
BRDA:69,7,3,0
BRDA:76,8,0,0
BRDA:76,8,1,0
BRDA:76,9,0,0
BRDA:76,9,1,0
BRDA:76,9,2,0
BRDA:82,10,0,0
BRDA:82,10,1,0
BRDA:82,11,0,0
BRDA:82,11,1,0
BRDA:82,11,2,0
BRDA:88,12,0,0
BRDA:88,12,1,0
BRDA:88,13,0,0
BRDA:88,13,1,0
BRDA:91,14,0,0
BRDA:91,14,1,0
BRDA:91,15,0,0
BRDA:91,15,1,0
BRDA:96,16,0,0
BRDA:96,16,1,0
BRDA:96,17,0,0
BRDA:96,17,1,0
BRDA:99,18,0,0
BRDA:99,18,1,0
BRDA:99,19,0,0
BRDA:99,19,1,0
BRDA:104,20,0,0
BRDA:104,20,1,0
BRDA:105,21,0,0
BRDA:105,21,1,0
BRDA:105,22,0,0
BRDA:105,22,1,0
BRDA:108,23,0,0
BRDA:108,23,1,0
BRDA:108,24,0,0
BRDA:108,24,1,0
BRDA:114,25,0,0
BRDA:114,25,1,0
BRDA:114,26,0,0
BRDA:114,26,1,0
BRDA:114,26,2,0
BRDA:120,27,0,0
BRDA:120,27,1,0
BRDA:120,28,0,0
BRDA:120,28,1,0
BRDA:120,28,2,0
BRDA:134,29,0,0
BRDA:134,29,1,0
BRDA:134,30,0,0
BRDA:134,30,1,0
BRF:68
BRH:0
end_of_record
TN:
SF:hooks/useV0.ts
FN:33,useV0
FN:42,(anonymous_1)
FN:43,(anonymous_2)
FN:50,(anonymous_3)
FN:51,(anonymous_4)
FN:61,(anonymous_5)
FN:62,(anonymous_6)
FN:69,(anonymous_7)
FN:70,(anonymous_8)
FN:80,(anonymous_9)
FN:81,(anonymous_10)
FN:88,(anonymous_11)
FN:89,(anonymous_12)
FN:112,(anonymous_13)
FN:113,(anonymous_14)
FN:129,(anonymous_15)
FN:130,(anonymous_16)
FN:146,(anonymous_17)
FN:147,(anonymous_18)
FN:163,(anonymous_19)
FN:173,(anonymous_20)
FN:174,(anonymous_21)
FN:177,(anonymous_22)
FN:178,(anonymous_23)
FN:219,useV0Generate
FN:232,useV0Component
FN:245,useV0Design
FN:258,useV0Health
FNF:28
FNH:0
FNDA:0,useV0
FNDA:0,(anonymous_1)
FNDA:0,(anonymous_2)
FNDA:0,(anonymous_3)
FNDA:0,(anonymous_4)
FNDA:0,(anonymous_5)
FNDA:0,(anonymous_6)
FNDA:0,(anonymous_7)
FNDA:0,(anonymous_8)
FNDA:0,(anonymous_9)
FNDA:0,(anonymous_10)
FNDA:0,(anonymous_11)
FNDA:0,(anonymous_12)
FNDA:0,(anonymous_13)
FNDA:0,(anonymous_14)
FNDA:0,(anonymous_15)
FNDA:0,(anonymous_16)
FNDA:0,(anonymous_17)
FNDA:0,(anonymous_18)
FNDA:0,(anonymous_19)
FNDA:0,(anonymous_20)
FNDA:0,(anonymous_21)
FNDA:0,(anonymous_22)
FNDA:0,(anonymous_23)
FNDA:0,useV0Generate
FNDA:0,useV0Component
FNDA:0,useV0Design
FNDA:0,useV0Health
DA:34,0
DA:41,0
DA:43,0
DA:51,0
DA:60,0
DA:62,0
DA:70,0
DA:79,0
DA:81,0
DA:89,0
DA:99,0
DA:103,0
DA:107,0
DA:112,0
DA:113,0
DA:115,0
DA:116,0
DA:122,0
DA:125,0
DA:129,0
DA:130,0
DA:132,0
DA:133,0
DA:140,0
DA:142,0
DA:146,0
DA:147,0
DA:149,0
DA:150,0
DA:157,0
DA:159,0
DA:163,0
DA:164,0
DA:173,0
DA:174,0
DA:177,0
DA:178,0
DA:181,0
DA:220,0
DA:222,0
DA:233,0
DA:235,0
DA:246,0
DA:248,0
DA:259,0
DA:261,0
LF:46
LH:0
BRDA:183,0,0,0
BRDA:183,0,1,0
BRDA:183,0,2,0
BRDA:183,0,3,0
BRDA:196,1,0,0
BRDA:196,1,1,0
BRF:6
BRH:0
end_of_record
TN:
SF:utils/secureStorage.ts
FN:21,(anonymous_0)
FN:34,(anonymous_1)
FN:42,(anonymous_2)
FN:54,(anonymous_3)
FN:80,(anonymous_4)
FN:102,(anonymous_5)
FN:114,(anonymous_6)
FN:133,(anonymous_7)
FN:147,(anonymous_8)
FN:159,(anonymous_9)
FN:169,(anonymous_10)
FN:197,(anonymous_11)
FN:213,(anonymous_12)
FN:231,(anonymous_13)
FN:241,(anonymous_14)
FN:250,(anonymous_15)
FN:262,(anonymous_16)
FN:288,(anonymous_17)
FN:296,(anonymous_18)
FN:306,(anonymous_19)
FNF:20
FNH:15
FNDA:39,(anonymous_0)
FNDA:22,(anonymous_1)
FNDA:17,(anonymous_2)
FNDA:19,(anonymous_3)
FNDA:9,(anonymous_4)
FNDA:0,(anonymous_5)
FNDA:0,(anonymous_6)
FNDA:0,(anonymous_7)
FNDA:1,(anonymous_8)
FNDA:3,(anonymous_9)
FNDA:9,(anonymous_10)
FNDA:1,(anonymous_11)
FNDA:2,(anonymous_12)
FNDA:1,(anonymous_13)
FNDA:1,(anonymous_14)
FNDA:1,(anonymous_15)
FNDA:0,(anonymous_16)
FNDA:4,(anonymous_17)
FNDA:0,(anonymous_18)
FNDA:1,(anonymous_19)
DA:15,2
DA:16,2
DA:17,2
DA:18,2
DA:22,39
DA:23,39
DA:24,8
DA:28,0
DA:30,31
DA:35,22
DA:37,15
DA:38,15
DA:43,17
DA:44,16
DA:45,16
DA:46,16
DA:48,0
DA:49,0
DA:59,19
DA:60,19
DA:66,19
DA:67,12
DA:70,12
DA:71,0
DA:72,0
DA:75,7
DA:76,7
DA:81,9
DA:82,9
DA:83,9
DA:85,9
DA:86,8
DA:89,0
DA:91,0
DA:92,0
DA:95,0
DA:97,9
DA:98,9
DA:103,0
DA:104,0
DA:105,0
DA:107,0
DA:109,0
DA:110,0
DA:115,0
DA:116,0
DA:117,0
DA:118,0
DA:119,0
DA:124,0
DA:125,0
DA:127,0
DA:128,0
DA:129,0
DA:134,0
DA:135,0
DA:136,0
DA:138,0
DA:139,0
DA:141,0
DA:143,0
DA:148,1
DA:149,1
DA:154,0
DA:160,3
DA:161,3
DA:162,3
DA:164,0
DA:165,0
DA:170,9
DA:171,9
DA:172,9
DA:174,8
DA:175,8
DA:178,0
DA:179,0
DA:180,0
DA:181,0
DA:186,0
DA:187,0
DA:190,0
DA:192,8
DA:193,8
DA:198,1
DA:199,1
DA:200,1
DA:202,1
DA:203,1
DA:206,0
DA:208,0
DA:209,0
DA:218,2
DA:219,2
DA:220,2
DA:224,2
DA:226,0
DA:227,0
DA:232,1
DA:233,1
DA:234,1
DA:235,1
DA:237,0
DA:242,1
DA:243,1
DA:245,0
DA:251,1
DA:252,1
DA:258,0
DA:267,0
DA:268,0
DA:269,0
DA:270,0
DA:272,0
DA:278,0
DA:279,0
DA:289,4
DA:290,4
DA:291,4
DA:294,4
DA:295,4
DA:296,0
DA:299,4
DA:301,0
DA:302,0
DA:307,1
DA:309,1
DA:310,1
DA:313,1
DA:316,1
DA:317,0
DA:318,0
DA:321,1
DA:322,0
DA:325,0
DA:326,0
LF:135
LH:70
BRDA:23,0,0,8
BRDA:23,0,1,31
BRDA:56,1,0,19
BRDA:70,2,0,0
BRDA:70,2,1,12
BRDA:83,3,0,0
BRDA:83,3,1,9
BRDA:89,4,0,0
BRDA:89,4,1,0
BRDA:105,5,0,0
BRDA:105,5,1,0
BRDA:117,6,0,0
BRDA:117,6,1,0
BRDA:136,7,0,0
BRDA:136,7,1,0
BRDA:172,8,0,1
BRDA:172,8,1,8
BRDA:180,9,0,0
BRDA:180,9,1,0
BRDA:186,10,0,0
BRDA:186,10,1,0
BRDA:202,11,0,1
BRDA:202,11,1,0
BRDA:202,12,0,1
BRDA:202,12,1,0
BRDA:216,13,0,2
BRDA:294,14,0,4
BRDA:294,14,1,0
BRDA:294,14,2,0
BRDA:296,15,0,0
BRDA:296,15,1,0
BRDA:299,16,0,4
BRDA:299,16,1,4
BRDA:316,17,0,0
BRDA:316,17,1,1
BRDA:318,18,0,0
BRDA:318,18,1,0
BRDA:321,19,0,0
BRDA:321,19,1,1
BRF:39
BRH:15
end_of_record
